-- Install configuration: ""
-- Execute custom install script
-- Up-to-date symlink: /home/shubhambackup/void-slam-toolbox/install/dolly_ignition/share/dolly_ignition//ign/gui.config
-- Up-to-date symlink: /home/shubhambackup/void-slam-toolbox/install/dolly_ignition/share/dolly_ignition//launch/dolly.launch.py
-- Up-to-date symlink: /home/shubhambackup/void-slam-toolbox/install/dolly_ignition/share/dolly_ignition//models/casual_female/materials/textures/brown_eye.png
-- Up-to-date symlink: /home/shubhambackup/void-slam-toolbox/install/dolly_ignition/share/dolly_ignition//models/casual_female/materials/textures/casual_female.png
-- Up-to-date symlink: /home/shubhambackup/void-slam-toolbox/install/dolly_ignition/share/dolly_ignition//models/casual_female/materials/textures/eyebrow002.png
-- Up-to-date symlink: /home/shubhambackup/void-slam-toolbox/install/dolly_ignition/share/dolly_ignition//models/casual_female/materials/textures/eyelashes01.png
-- Up-to-date symlink: /home/shubhambackup/void-slam-toolbox/install/dolly_ignition/share/dolly_ignition//models/casual_female/materials/textures/female_casualsuit01_diffuse.png
-- Up-to-date symlink: /home/shubhambackup/void-slam-toolbox/install/dolly_ignition/share/dolly_ignition//models/casual_female/materials/textures/female_casualsuit01_normal.png
-- Up-to-date symlink: /home/shubhambackup/void-slam-toolbox/install/dolly_ignition/share/dolly_ignition//models/casual_female/materials/textures/female_casualsuit02_diffuse.png
-- Up-to-date symlink: /home/shubhambackup/void-slam-toolbox/install/dolly_ignition/share/dolly_ignition//models/casual_female/materials/textures/female_casualsuit02_normal.png
-- Up-to-date symlink: /home/shubhambackup/void-slam-toolbox/install/dolly_ignition/share/dolly_ignition//models/casual_female/materials/textures/ponytail01_diffuse.png
-- Up-to-date symlink: /home/shubhambackup/void-slam-toolbox/install/dolly_ignition/share/dolly_ignition//models/casual_female/materials/textures/shoes05_diffuse.png
-- Up-to-date symlink: /home/shubhambackup/void-slam-toolbox/install/dolly_ignition/share/dolly_ignition//models/casual_female/materials/textures/tongue01_diffuse.png
-- Up-to-date symlink: /home/shubhambackup/void-slam-toolbox/install/dolly_ignition/share/dolly_ignition//models/casual_female/materials/textures/young_lightskinned_female_diffuse.png
-- Up-to-date symlink: /home/shubhambackup/void-slam-toolbox/install/dolly_ignition/share/dolly_ignition//models/casual_female/meshes/casual_female.dae
-- Up-to-date symlink: /home/shubhambackup/void-slam-toolbox/install/dolly_ignition/share/dolly_ignition//models/casual_female/model.config
-- Up-to-date symlink: /home/shubhambackup/void-slam-toolbox/install/dolly_ignition/share/dolly_ignition//models/casual_female/model.sdf
-- Up-to-date symlink: /home/shubhambackup/void-slam-toolbox/install/dolly_ignition/share/dolly_ignition//models/casual_female/thumbnails/1.png
-- Up-to-date symlink: /home/shubhambackup/void-slam-toolbox/install/dolly_ignition/share/dolly_ignition//models/casual_female/thumbnails/2.png
-- Up-to-date symlink: /home/shubhambackup/void-slam-toolbox/install/dolly_ignition/share/dolly_ignition//models/casual_female/thumbnails/3.png
-- Up-to-date symlink: /home/shubhambackup/void-slam-toolbox/install/dolly_ignition/share/dolly_ignition//models/casual_female/thumbnails/4.png
-- Up-to-date symlink: /home/shubhambackup/void-slam-toolbox/install/dolly_ignition/share/dolly_ignition//models/casual_female/thumbnails/5.png
-- Up-to-date symlink: /home/shubhambackup/void-slam-toolbox/install/dolly_ignition/share/dolly_ignition//models/dolly_ignition/materials/textures/cardboard_box.png
-- Up-to-date symlink: /home/shubhambackup/void-slam-toolbox/install/dolly_ignition/share/dolly_ignition//models/dolly_ignition/materials/textures/sheep.jpg
-- Up-to-date symlink: /home/shubhambackup/void-slam-toolbox/install/dolly_ignition/share/dolly_ignition//models/dolly_ignition/meshes/cardboard_box.dae
-- Up-to-date symlink: /home/shubhambackup/void-slam-toolbox/install/dolly_ignition/share/dolly_ignition//models/dolly_ignition/model.config
-- Up-to-date symlink: /home/shubhambackup/void-slam-toolbox/install/dolly_ignition/share/dolly_ignition//models/dolly_ignition/model.sdf
-- Up-to-date symlink: /home/shubhambackup/void-slam-toolbox/install/dolly_ignition/share/dolly_ignition//rviz/dolly_ignition.rviz
-- Up-to-date symlink: /home/shubhambackup/void-slam-toolbox/install/dolly_ignition/share/dolly_ignition//worlds/station.sdf
-- Up-to-date symlink: /home/shubhambackup/void-slam-toolbox/install/dolly_ignition/share/dolly_ignition/environment/dolly_ignition.sh
-- Up-to-date symlink: /home/shubhambackup/void-slam-toolbox/install/dolly_ignition/share/dolly_ignition/environment/dolly_ignition.dsv
-- Up-to-date symlink: /home/shubhambackup/void-slam-toolbox/install/dolly_ignition/share/ament_index/resource_index/package_run_dependencies/dolly_ignition
-- Up-to-date symlink: /home/shubhambackup/void-slam-toolbox/install/dolly_ignition/share/ament_index/resource_index/parent_prefix_path/dolly_ignition
-- Up-to-date symlink: /home/shubhambackup/void-slam-toolbox/install/dolly_ignition/share/dolly_ignition/environment/ament_prefix_path.sh
-- Up-to-date symlink: /home/shubhambackup/void-slam-toolbox/install/dolly_ignition/share/dolly_ignition/environment/ament_prefix_path.dsv
-- Up-to-date symlink: /home/shubhambackup/void-slam-toolbox/install/dolly_ignition/share/dolly_ignition/environment/path.sh
-- Up-to-date symlink: /home/shubhambackup/void-slam-toolbox/install/dolly_ignition/share/dolly_ignition/environment/path.dsv
-- Up-to-date symlink: /home/shubhambackup/void-slam-toolbox/install/dolly_ignition/share/dolly_ignition/local_setup.bash
-- Up-to-date symlink: /home/shubhambackup/void-slam-toolbox/install/dolly_ignition/share/dolly_ignition/local_setup.sh
-- Up-to-date symlink: /home/shubhambackup/void-slam-toolbox/install/dolly_ignition/share/dolly_ignition/local_setup.zsh
-- Up-to-date symlink: /home/shubhambackup/void-slam-toolbox/install/dolly_ignition/share/dolly_ignition/local_setup.dsv
-- Symlinking: /home/shubhambackup/void-slam-toolbox/install/dolly_ignition/share/dolly_ignition/package.dsv
-- Up-to-date symlink: /home/shubhambackup/void-slam-toolbox/install/dolly_ignition/share/ament_index/resource_index/packages/dolly_ignition
-- Up-to-date symlink: /home/shubhambackup/void-slam-toolbox/install/dolly_ignition/share/dolly_ignition/cmake/dolly_ignitionConfig.cmake
-- Up-to-date symlink: /home/shubhambackup/void-slam-toolbox/install/dolly_ignition/share/dolly_ignition/cmake/dolly_ignitionConfig-version.cmake
-- Up-to-date symlink: /home/shubhambackup/void-slam-toolbox/install/dolly_ignition/share/dolly_ignition/package.xml
