[35m[1mScanning dependencies of target obstacle_avoidance[0m
[ 33%] Built target moving_robot
[ 50%] [32mBuilding CXX object CMakeFiles/obstacle_avoidance.dir/src/obstacle_avoidance.cpp.o[0m
[ 83%] Built target reading_laser
[01m[K/home/shubhambackup/void-slam-toolbox/src/void-slam-dolly/src/obstacle_avoidance.cpp:69:1:[m[K [01;31m[Kerror: [m[Kexpected ‘[01m[K}[m[K’ at end of input
   69 | [01;31m[K}[m[K
      | [01;31m[K^[m[K
[01m[K/home/shubhambackup/void-slam-toolbox/src/void-slam-dolly/src/obstacle_avoidance.cpp:8:47:[m[K [01;36m[Knote: [m[Kto match this ‘[01m[K{[m[K’
    8 | class ObstacleAvoidance : public rclcpp::Node [01;36m[K{[m[K
      |                                               [01;36m[K^[m[K
[01m[K/home/shubhambackup/void-slam-toolbox/src/void-slam-dolly/src/obstacle_avoidance.cpp:[m[K In constructor ‘[01m[KObstacleAvoidance::ObstacleAvoidance()[m[K’:
[01m[K/home/shubhambackup/void-slam-toolbox/src/void-slam-dolly/src/obstacle_avoidance.cpp:14:5:[m[K [01;31m[Kerror: [m[K‘[01m[Ksubscription_[m[K’ was not declared in this scope; did you mean ‘[01m[Krcl_subscription_t[m[K’?
   14 |     [01;31m[Ksubscription_[m[K = this->create_subscription<sensor_msgs::msg::LaserScan>(
      |     [01;31m[K^~~~~~~~~~~~~[m[K
      |     [32m[Krcl_subscription_t[m[K
[01m[K/home/shubhambackup/void-slam-toolbox/src/void-slam-dolly/src/obstacle_avoidance.cpp:20:5:[m[K [01;31m[Kerror: [m[K‘[01m[Kpublisher_[m[K’ was not declared in this scope; did you mean ‘[01m[Krcl_publisher_t[m[K’?
   20 |     [01;31m[Kpublisher_[m[K =
      |     [01;31m[K^~~~~~~~~~[m[K
      |     [32m[Krcl_publisher_t[m[K
[01m[K/home/shubhambackup/void-slam-toolbox/src/void-slam-dolly/src/obstacle_avoidance.cpp:[m[K In member function ‘[01m[Kvoid ObstacleAvoidance::topic_callback(sensor_msgs::msg::LaserScan_<std::allocator<void> >::SharedPtr)[m[K’:
[01m[K/home/shubhambackup/void-slam-toolbox/src/void-slam-dolly/src/obstacle_avoidance.cpp:39:26:[m[K [01;31m[Kerror: [m[K‘[01m[Kclass ObstacleAvoidance[m[K’ has no member named ‘[01m[KcalculateVelMsg[m[K’
   39 |     auto message = this->[01;31m[KcalculateVelMsg[m[K(min_dist);
      |                          [01;31m[K^~~~~~~~~~~~~~~[m[K
[01m[K/home/shubhambackup/void-slam-toolbox/src/void-slam-dolly/src/obstacle_avoidance.cpp:40:5:[m[K [01;31m[Kerror: [m[K‘[01m[Kpublisher_[m[K’ was not declared in this scope; did you mean ‘[01m[Krcl_publisher_t[m[K’?
   40 |     [01;31m[Kpublisher_[m[K->publish(message);
      |     [01;31m[K^~~~~~~~~~[m[K
      |     [32m[Krcl_publisher_t[m[K
[01m[K/home/shubhambackup/void-slam-toolbox/src/void-slam-dolly/src/obstacle_avoidance.cpp:42:60:[m[K [01;31m[Kerror: [m[Ka function-definition is not allowed here before ‘[01m[K{[m[K’ token
   42 |  geometry_msgs::msg::Twist calculateVelMsg(float distance) [01;31m[K{[m[K
      |                                                            [01;31m[K^[m[K
[01m[K/home/shubhambackup/void-slam-toolbox/src/void-slam-dolly/src/obstacle_avoidance.cpp:[m[K At global scope:
[01m[K/home/shubhambackup/void-slam-toolbox/src/void-slam-dolly/src/obstacle_avoidance.cpp:69:1:[m[K [01;31m[Kerror: [m[Kexpected unqualified-id at end of input
   69 | [01;31m[K}[m[K
      | [01;31m[K^[m[K
make[2]: *** [CMakeFiles/obstacle_avoidance.dir/build.make:63: CMakeFiles/obstacle_avoidance.dir/src/obstacle_avoidance.cpp.o] Error 1
make[1]: *** [CMakeFiles/Makefile2:82: CMakeFiles/obstacle_avoidance.dir/all] Error 2
make: *** [Makefile:141: all] Error 2
