-- Found ament_cmake: 0.9.9 (/opt/ros/foxy/share/ament_cmake/cmake)
-- Using PYTHON_EXECUTABLE: /usr/bin/python3
-- Override CMake install command with custom implementation using symlinks instead of copying resources
-- Found rclcpp: 2.4.1 (/opt/ros/foxy/share/rclcpp/cmake)
-- Using all available rosidl_typesupport_c: rosidl_typesupport_fastrtps_c;rosidl_typesupport_introspection_c
-- Found rosidl_adapter: 1.2.1 (/opt/ros/foxy/share/rosidl_adapter/cmake)
-- Using all available rosidl_typesupport_cpp: rosidl_typesupport_fastrtps_cpp;rosidl_typesupport_introspection_cpp
-- Found rmw_implementation_cmake: 1.0.3 (/opt/ros/foxy/share/rmw_implementation_cmake/cmake)
-- Using RMW implementation 'rmw_fastrtps_cpp' as default
-- Found sensor_msgs: 2.0.5 (/opt/ros/foxy/share/sensor_msgs/cmake)
-- Found nav_msgs: 2.0.5 (/opt/ros/foxy/share/nav_msgs/cmake)
-- Found tf2_msgs: 0.13.13 (/opt/ros/foxy/share/tf2_msgs/cmake)
-- Found ament_lint_auto: 0.9.6 (/opt/ros/foxy/share/ament_lint_auto/cmake)
-- Added test 'copyright' to check source files copyright and LICENSE
-- Added test 'cppcheck' to perform static code analysis on C / C++ code
-- Configured cppcheck include dirs: 
-- Configured cppcheck exclude dirs and/or files: 
-- Added test 'cpplint' to check C / C++ code against the Google style
-- Configured cpplint exclude dirs and/or files: 
-- Added test 'flake8' to check Python code syntax and style conventions
-- Added test 'lint_cmake' to check CMake code style
-- Added test 'pep257' to check Python code against some of the style conventions in PEP 257
-- Added test 'uncrustify' to check C / C++ code style
-- Configured uncrustify additional arguments: 
-- Added test 'xmllint' to check XML markup files
-- Configuring done
-- Generating done
-- Build files have been written to: /home/shubhambackup/void-slam-toolbox/build/void-slam-dolly
[ 33%] Built target moving_robot
[ 66%] Built target reading_laser
[100%] Built target obstacle_avoidance
-- Install configuration: ""
-- Execute custom install script
-- Up-to-date symlink: /home/shubhambackup/void-slam-toolbox/install/void-slam-dolly/share/void-slam-dolly//launch/dolly_launch.py
-- Up-to-date symlink: /home/shubhambackup/void-slam-toolbox/install/void-slam-dolly/share/void-slam-dolly//launch/obstacle_avoidance.launch.py
-- Up-to-date symlink: /home/shubhambackup/void-slam-toolbox/install/void-slam-dolly/share/void-slam-dolly//launch/online_async_launch.py
-- Up-to-date symlink: /home/shubhambackup/void-slam-toolbox/install/void-slam-dolly/share/void-slam-dolly//launch/reading_laser_launch.py
-- Up-to-date symlink: /home/shubhambackup/void-slam-toolbox/install/void-slam-dolly/lib/void-slam-dolly//reading_laser
-- Up-to-date symlink: /home/shubhambackup/void-slam-toolbox/install/void-slam-dolly/lib/void-slam-dolly//moving_robot
-- Up-to-date symlink: /home/shubhambackup/void-slam-toolbox/install/void-slam-dolly/lib/void-slam-dolly//obstacle_avoidance
-- Up-to-date symlink: /home/shubhambackup/void-slam-toolbox/install/void-slam-dolly/share/ament_index/resource_index/package_run_dependencies/void-slam-dolly
-- Up-to-date symlink: /home/shubhambackup/void-slam-toolbox/install/void-slam-dolly/share/ament_index/resource_index/parent_prefix_path/void-slam-dolly
-- Up-to-date symlink: /home/shubhambackup/void-slam-toolbox/install/void-slam-dolly/share/void-slam-dolly/environment/ament_prefix_path.sh
-- Up-to-date symlink: /home/shubhambackup/void-slam-toolbox/install/void-slam-dolly/share/void-slam-dolly/environment/ament_prefix_path.dsv
-- Up-to-date symlink: /home/shubhambackup/void-slam-toolbox/install/void-slam-dolly/share/void-slam-dolly/environment/path.sh
-- Up-to-date symlink: /home/shubhambackup/void-slam-toolbox/install/void-slam-dolly/share/void-slam-dolly/environment/path.dsv
-- Up-to-date symlink: /home/shubhambackup/void-slam-toolbox/install/void-slam-dolly/share/void-slam-dolly/local_setup.bash
-- Up-to-date symlink: /home/shubhambackup/void-slam-toolbox/install/void-slam-dolly/share/void-slam-dolly/local_setup.sh
-- Up-to-date symlink: /home/shubhambackup/void-slam-toolbox/install/void-slam-dolly/share/void-slam-dolly/local_setup.zsh
-- Up-to-date symlink: /home/shubhambackup/void-slam-toolbox/install/void-slam-dolly/share/void-slam-dolly/local_setup.dsv
-- Symlinking: /home/shubhambackup/void-slam-toolbox/install/void-slam-dolly/share/void-slam-dolly/package.dsv
-- Up-to-date symlink: /home/shubhambackup/void-slam-toolbox/install/void-slam-dolly/share/ament_index/resource_index/packages/void-slam-dolly
-- Up-to-date symlink: /home/shubhambackup/void-slam-toolbox/install/void-slam-dolly/share/void-slam-dolly/cmake/void-slam-dollyConfig.cmake
-- Up-to-date symlink: /home/shubhambackup/void-slam-toolbox/install/void-slam-dolly/share/void-slam-dolly/cmake/void-slam-dollyConfig-version.cmake
-- Up-to-date symlink: /home/shubhambackup/void-slam-toolbox/install/void-slam-dolly/share/void-slam-dolly/package.xml
