[01m[K/home/shubhambackup/void-slam-toolbox/src/void-slam-dolly/src/reading_laser.cpp:24:2:[m[K [01;31m[Kerror: [m[Kexpected ‘[01m[K;[m[K’ after class definition
   24 | }
      |  [01;31m[K^[m[K
      |  [32m[K;[m[K
[01m[K/home/shubhambackup/void-slam-toolbox/src/void-slam-dolly/src/reading_laser.cpp:[m[K In constructor ‘[01m[KReadingLaser::ReadingLaser()[m[K’:
[01m[K/home/shubhambackup/void-slam-toolbox/src/void-slam-dolly/src/reading_laser.cpp:9:3:[m[K [01;31m[Kerror: [m[K‘[01m[Ksubscription[m[K’ was not declared in this scope; did you mean ‘[01m[Ksubscription_[m[K’?
    9 |   [01;31m[Ksubscription[m[K = this->create_subscription<sensor_msgs::LaserScan>(
      |   [01;31m[K^~~~~~~~~~~~[m[K
      |   [32m[Ksubscription_[m[K
[01m[K/home/shubhambackup/void-slam-toolbox/src/void-slam-dolly/src/reading_laser.cpp:9:57:[m[K [01;31m[Kerror: [m[K‘[01m[KLaserScan[m[K’ is not a member of ‘[01m[Ksensor_msgs[m[K’; did you mean ‘[01m[Ksensor_msgs::msg::LaserScan[m[K’?
    9 |   subscription = this->create_subscription<sensor_msgs::[01;31m[KLaserScan[m[K>(
      |                                                         [01;31m[K^~~~~~~~~[m[K
In file included from [01m[K/opt/ros/foxy/include/sensor_msgs/msg/laser_scan.hpp:7[m[K,
                 from [01m[K/home/shubhambackup/void-slam-toolbox/src/void-slam-dolly/src/reading_laser.cpp:2[m[K:
[01m[K/opt/ros/foxy/include/sensor_msgs/msg/detail/laser_scan__struct.hpp:246:7:[m[K [01;36m[Knote: [m[K‘[01m[Ksensor_msgs::msg::LaserScan[m[K’ declared here
  246 | using [01;36m[KLaserScan[m[K =
      |       [01;36m[K^~~~~~~~~[m[K
[01m[K/home/shubhambackup/void-slam-toolbox/src/void-slam-dolly/src/reading_laser.cpp:9:57:[m[K [01;31m[Kerror: [m[K‘[01m[KLaserScan[m[K’ is not a member of ‘[01m[Ksensor_msgs[m[K’; did you mean ‘[01m[Ksensor_msgs::msg::LaserScan[m[K’?
    9 |   subscription = this->create_subscription<sensor_msgs::[01;31m[KLaserScan[m[K>(
      |                                                         [01;31m[K^~~~~~~~~[m[K
In file included from [01m[K/opt/ros/foxy/include/sensor_msgs/msg/laser_scan.hpp:7[m[K,
                 from [01m[K/home/shubhambackup/void-slam-toolbox/src/void-slam-dolly/src/reading_laser.cpp:2[m[K:
[01m[K/opt/ros/foxy/include/sensor_msgs/msg/detail/laser_scan__struct.hpp:246:7:[m[K [01;36m[Knote: [m[K‘[01m[Ksensor_msgs::msg::LaserScan[m[K’ declared here
  246 | using [01;36m[KLaserScan[m[K =
      |       [01;36m[K^~~~~~~~~[m[K
[01m[K/home/shubhambackup/void-slam-toolbox/src/void-slam-dolly/src/reading_laser.cpp:11:54:[m[K [01;31m[Kerror: [m[Kno matching function for call to ‘[01m[KReadingLaser::create_subscription<<expression error> >(const char [11], rclcpp::QoS&, std::_Bind_helper<false, void (ReadingLaser::*)(std::shared_ptr<sensor_msgs::msg::LaserScan_<std::allocator<void> > >), ReadingLaser*, int>::type)[m[K’
   11 |    std::bind(&ReadingLaser::topic_callback,  this, 1)[01;31m[K)[m[K;
      |                                                      [01;31m[K^[m[K
In file included from [01m[K/opt/ros/foxy/include/rclcpp/executors/single_threaded_executor.hpp:28[m[K,
                 from [01m[K/opt/ros/foxy/include/rclcpp/executors.hpp:22[m[K,
                 from [01m[K/opt/ros/foxy/include/rclcpp/rclcpp.hpp:146[m[K,
                 from [01m[K/home/shubhambackup/void-slam-toolbox/src/void-slam-dolly/src/reading_laser.cpp:1[m[K:
[01m[K/opt/ros/foxy/include/rclcpp/node.hpp:213:3:[m[K [01;36m[Knote: [m[Kcandidate: ‘[01m[Ktemplate<class MessageT, class CallbackT, class AllocatorT, class CallbackMessageT, class SubscriptionT, class MessageMemoryStrategyT> std::shared_ptr<SubscriptionT> rclcpp::Node::create_subscription(const string&, const rclcpp::QoS&, CallbackT&&, const rclcpp::SubscriptionOptionsWithAllocator<AllocatorT>&, typename MessageMemoryStrategyT::SharedPtr)[m[K’
  213 |   [01;36m[Kcreate_subscription[m[K(
      |   [01;36m[K^~~~~~~~~~~~~~~~~~~[m[K
[01m[K/opt/ros/foxy/include/rclcpp/node.hpp:213:3:[m[K [01;36m[Knote: [m[K  template argument deduction/substitution failed:
[01m[K/home/shubhambackup/void-slam-toolbox/src/void-slam-dolly/src/reading_laser.cpp:11:54:[m[K [01;31m[Kerror: [m[Ktemplate argument 1 is invalid
   11 |    std::bind(&ReadingLaser::topic_callback,  this, 1)[01;31m[K)[m[K;
      |                                                      [01;31m[K^[m[K
[01m[K/home/shubhambackup/void-slam-toolbox/src/void-slam-dolly/src/reading_laser.cpp:[m[K In member function ‘[01m[Kvoid ReadingLaser::topic_callback(sensor_msgs::msg::LaserScan_<std::allocator<void> >::SharedPtr)[m[K’:
[01m[K/home/shubhambackup/void-slam-toolbox/src/void-slam-dolly/src/reading_laser.cpp:18:3:[m[K [01;31m[Kerror: [m[K‘[01m[KRCLPP_INFO[m[K’ was not declared in this scope; did you mean ‘[01m[KRCLCPP_INFO[m[K’?
   18 |   [01;31m[KRCLPP_INFO[m[K(this->get_logger(), "I heard: '%f' '%f'", _msg->ranges[0],
      |   [01;31m[K^~~~~~~~~~[m[K
      |   [32m[KRCLCPP_INFO[m[K
make[2]: *** [CMakeFiles/reading_laser.dir/build.make:63: CMakeFiles/reading_laser.dir/src/reading_laser.cpp.o] Error 1
make[1]: *** [CMakeFiles/Makefile2:105: CMakeFiles/reading_laser.dir/all] Error 2
make: *** [Makefile:141: all] Error 2
