[0.029s] Invoking command in '/home/shubhambackup/void-slam-toolbox/build/void-slam-dolly': CMAKE_PREFIX_PATH=${CMAKE_PREFIX_PATH}:/opt/ros/foxy /usr/bin/cmake --build /home/shubhambackup/void-slam-toolbox/build/void-slam-dolly -- -j4 -l4
[0.155s] [ 33%] Built target obstacle_avoidance
[0.205s] [ 66%] Built target reading_laser
[0.254s] [100%] Built target moving_robot
[0.275s] Invoked command in '/home/shubhambackup/void-slam-toolbox/build/void-slam-dolly' returned '0': CMAKE_PREFIX_PATH=${CMAKE_PREFIX_PATH}:/opt/ros/foxy /usr/bin/cmake --build /home/shubhambackup/void-slam-toolbox/build/void-slam-dolly -- -j4 -l4
[0.345s] Invoking command in '/home/shubhambackup/void-slam-toolbox/build/void-slam-dolly': CMAKE_PREFIX_PATH=${CMAKE_PREFIX_PATH}:/opt/ros/foxy /usr/bin/cmake --install /home/shubhambackup/void-slam-toolbox/build/void-slam-dolly
[0.357s] -- Install configuration: ""
[0.358s] -- Execute custom install script
[0.359s] -- Up-to-date symlink: /home/shubhambackup/void-slam-toolbox/install/void-slam-dolly/share/void-slam-dolly//launch/dolly_launch.py
[0.359s] -- Up-to-date symlink: /home/shubhambackup/void-slam-toolbox/install/void-slam-dolly/share/void-slam-dolly//launch/obstacle_avoidance.launch.py
[0.359s] -- Up-to-date symlink: /home/shubhambackup/void-slam-toolbox/install/void-slam-dolly/share/void-slam-dolly//launch/online_async_launch.py
[0.360s] -- Up-to-date symlink: /home/shubhambackup/void-slam-toolbox/install/void-slam-dolly/share/void-slam-dolly//launch/reading_laser_launch.py
[0.360s] -- Up-to-date symlink: /home/shubhambackup/void-slam-toolbox/install/void-slam-dolly/share/void-slam-dolly//config/mapper_params_online_async.yaml
[0.361s] -- Up-to-date symlink: /home/shubhambackup/void-slam-toolbox/install/void-slam-dolly/lib/void-slam-dolly//reading_laser
[0.362s] -- Up-to-date symlink: /home/shubhambackup/void-slam-toolbox/install/void-slam-dolly/lib/void-slam-dolly//moving_robot
[0.362s] -- Up-to-date symlink: /home/shubhambackup/void-slam-toolbox/install/void-slam-dolly/lib/void-slam-dolly//obstacle_avoidance
[0.362s] -- Up-to-date symlink: /home/shubhambackup/void-slam-toolbox/install/void-slam-dolly/share/ament_index/resource_index/package_run_dependencies/void-slam-dolly
[0.363s] -- Up-to-date symlink: /home/shubhambackup/void-slam-toolbox/install/void-slam-dolly/share/ament_index/resource_index/parent_prefix_path/void-slam-dolly
[0.364s] -- Up-to-date symlink: /home/shubhambackup/void-slam-toolbox/install/void-slam-dolly/share/void-slam-dolly/environment/ament_prefix_path.sh
[0.364s] -- Up-to-date symlink: /home/shubhambackup/void-slam-toolbox/install/void-slam-dolly/share/void-slam-dolly/environment/ament_prefix_path.dsv
[0.364s] -- Up-to-date symlink: /home/shubhambackup/void-slam-toolbox/install/void-slam-dolly/share/void-slam-dolly/environment/path.sh
[0.365s] -- Up-to-date symlink: /home/shubhambackup/void-slam-toolbox/install/void-slam-dolly/share/void-slam-dolly/environment/path.dsv
[0.365s] -- Up-to-date symlink: /home/shubhambackup/void-slam-toolbox/install/void-slam-dolly/share/void-slam-dolly/local_setup.bash
[0.366s] -- Up-to-date symlink: /home/shubhambackup/void-slam-toolbox/install/void-slam-dolly/share/void-slam-dolly/local_setup.sh
[0.366s] -- Up-to-date symlink: /home/shubhambackup/void-slam-toolbox/install/void-slam-dolly/share/void-slam-dolly/local_setup.zsh
[0.367s] -- Up-to-date symlink: /home/shubhambackup/void-slam-toolbox/install/void-slam-dolly/share/void-slam-dolly/local_setup.dsv
[0.367s] -- Symlinking: /home/shubhambackup/void-slam-toolbox/install/void-slam-dolly/share/void-slam-dolly/package.dsv
[0.385s] -- Up-to-date symlink: /home/shubhambackup/void-slam-toolbox/install/void-slam-dolly/share/ament_index/resource_index/packages/void-slam-dolly
[0.386s] -- Up-to-date symlink: /home/shubhambackup/void-slam-toolbox/install/void-slam-dolly/share/void-slam-dolly/cmake/void-slam-dollyConfig.cmake
[0.386s] -- Up-to-date symlink: /home/shubhambackup/void-slam-toolbox/install/void-slam-dolly/share/void-slam-dolly/cmake/void-slam-dollyConfig-version.cmake
[0.386s] -- Up-to-date symlink: /home/shubhambackup/void-slam-toolbox/install/void-slam-dolly/share/void-slam-dolly/package.xml
[0.390s] Invoked command in '/home/shubhambackup/void-slam-toolbox/build/void-slam-dolly' returned '0': CMAKE_PREFIX_PATH=${CMAKE_PREFIX_PATH}:/opt/ros/foxy /usr/bin/cmake --install /home/shubhambackup/void-slam-toolbox/build/void-slam-dolly
