[0.020s] Invoking command in '/home/shubhambackup/void-slam-toolbox/build/dolly': AMENT_PREFIX_PATH=/home/shubhambackup/void-slam-toolbox/install/dolly_ignition:/home/shubhambackup/void-slam-toolbox/install/dolly_gazebo:/home/shubhambackup/void-slam-toolbox/install/dolly_follow:${AMENT_PREFIX_PATH} CMAKE_PREFIX_PATH=/home/shubhambackup/void-slam-toolbox/install/dolly_ignition:/home/shubhambackup/void-slam-toolbox/install/dolly_gazebo:/home/shubhambackup/void-slam-toolbox/install/dolly_follow:/opt/ros/foxy GAZEBO_MODEL_PATH=/home/shubhambackup/void-slam-toolbox/install/dolly_gazebo/share/dolly_gazebo/models:${GAZEBO_MODEL_PATH} GAZEBO_RESOURCE_PATH=/home/shubhambackup/void-slam-toolbox/install/dolly_gazebo/share/dolly_gazebo/worlds IGN_FILE_PATH=/home/shubhambackup/void-slam-toolbox/install/dolly_ignition/share/dolly_ignition/worlds:/home/shubhambackup/void-slam-toolbox/install/dolly_ignition/share/dolly_ignition/models IGN_GAZEBO_RESOURCE_PATH=/home/shubhambackup/void-slam-toolbox/install/dolly_ignition/share/dolly_ignition/worlds:/home/shubhambackup/void-slam-toolbox/install/dolly_ignition/share/dolly_ignition/models MESA_GL_VERSION_OVERRIDE=3.3 SDF_PATH=/home/shubhambackup/void-slam-toolbox/install/dolly_ignition/share/dolly_ignition/worlds:/home/shubhambackup/void-slam-toolbox/install/dolly_ignition/share/dolly_ignition/models /usr/bin/cmake /home/shubhambackup/void-slam-toolbox/src/dolly/dolly -DAMENT_CMAKE_SYMLINK_INSTALL=1 -DCMAKE_INSTALL_PREFIX=/home/shubhambackup/void-slam-toolbox/install/dolly
[0.111s] -- The C compiler identification is GNU 9.4.0
[0.205s] -- The CXX compiler identification is GNU 9.4.0
[0.211s] -- Check for working C compiler: /usr/bin/cc
[0.334s] -- Check for working C compiler: /usr/bin/cc -- works
[0.335s] -- Detecting C compiler ABI info
[0.458s] -- Detecting C compiler ABI info - done
[0.472s] -- Detecting C compile features
[0.472s] -- Detecting C compile features - done
[0.475s] -- Check for working CXX compiler: /usr/bin/c++
[0.608s] -- Check for working CXX compiler: /usr/bin/c++ -- works
[0.610s] -- Detecting CXX compiler ABI info
[0.740s] -- Detecting CXX compiler ABI info - done
[0.755s] -- Detecting CXX compile features
[0.756s] -- Detecting CXX compile features - done
[0.759s] -- Found ament_cmake: 0.9.9 (/opt/ros/foxy/share/ament_cmake/cmake)
[0.801s] -- Found PythonInterp: /usr/bin/python3 (found suitable version "3.8.10", minimum required is "3") 
[0.801s] -- Using PYTHON_EXECUTABLE: /usr/bin/python3
[1.098s] -- Override CMake install command with custom implementation using symlinks instead of copying resources
[1.132s] -- Found ament_lint_auto: 0.9.6 (/opt/ros/foxy/share/ament_lint_auto/cmake)
[1.253s] -- Added test 'copyright' to check source files copyright and LICENSE
[1.255s] -- Added test 'lint_cmake' to check CMake code style
[1.257s] -- Added test 'xmllint' to check XML markup files
[1.260s] -- Configuring done
[1.263s] -- Generating done
[1.264s] -- Build files have been written to: /home/shubhambackup/void-slam-toolbox/build/dolly
[1.270s] Invoked command in '/home/shubhambackup/void-slam-toolbox/build/dolly' returned '0': AMENT_PREFIX_PATH=/home/shubhambackup/void-slam-toolbox/install/dolly_ignition:/home/shubhambackup/void-slam-toolbox/install/dolly_gazebo:/home/shubhambackup/void-slam-toolbox/install/dolly_follow:${AMENT_PREFIX_PATH} CMAKE_PREFIX_PATH=/home/shubhambackup/void-slam-toolbox/install/dolly_ignition:/home/shubhambackup/void-slam-toolbox/install/dolly_gazebo:/home/shubhambackup/void-slam-toolbox/install/dolly_follow:/opt/ros/foxy GAZEBO_MODEL_PATH=/home/shubhambackup/void-slam-toolbox/install/dolly_gazebo/share/dolly_gazebo/models:${GAZEBO_MODEL_PATH} GAZEBO_RESOURCE_PATH=/home/shubhambackup/void-slam-toolbox/install/dolly_gazebo/share/dolly_gazebo/worlds IGN_FILE_PATH=/home/shubhambackup/void-slam-toolbox/install/dolly_ignition/share/dolly_ignition/worlds:/home/shubhambackup/void-slam-toolbox/install/dolly_ignition/share/dolly_ignition/models IGN_GAZEBO_RESOURCE_PATH=/home/shubhambackup/void-slam-toolbox/install/dolly_ignition/share/dolly_ignition/worlds:/home/shubhambackup/void-slam-toolbox/install/dolly_ignition/share/dolly_ignition/models MESA_GL_VERSION_OVERRIDE=3.3 SDF_PATH=/home/shubhambackup/void-slam-toolbox/install/dolly_ignition/share/dolly_ignition/worlds:/home/shubhambackup/void-slam-toolbox/install/dolly_ignition/share/dolly_ignition/models /usr/bin/cmake /home/shubhambackup/void-slam-toolbox/src/dolly/dolly -DAMENT_CMAKE_SYMLINK_INSTALL=1 -DCMAKE_INSTALL_PREFIX=/home/shubhambackup/void-slam-toolbox/install/dolly
[1.275s] Invoking command in '/home/shubhambackup/void-slam-toolbox/build/dolly': AMENT_PREFIX_PATH=/home/shubhambackup/void-slam-toolbox/install/dolly_ignition:/home/shubhambackup/void-slam-toolbox/install/dolly_gazebo:/home/shubhambackup/void-slam-toolbox/install/dolly_follow:${AMENT_PREFIX_PATH} CMAKE_PREFIX_PATH=/home/shubhambackup/void-slam-toolbox/install/dolly_ignition:/home/shubhambackup/void-slam-toolbox/install/dolly_gazebo:/home/shubhambackup/void-slam-toolbox/install/dolly_follow:/opt/ros/foxy GAZEBO_MODEL_PATH=/home/shubhambackup/void-slam-toolbox/install/dolly_gazebo/share/dolly_gazebo/models:${GAZEBO_MODEL_PATH} GAZEBO_RESOURCE_PATH=/home/shubhambackup/void-slam-toolbox/install/dolly_gazebo/share/dolly_gazebo/worlds IGN_FILE_PATH=/home/shubhambackup/void-slam-toolbox/install/dolly_ignition/share/dolly_ignition/worlds:/home/shubhambackup/void-slam-toolbox/install/dolly_ignition/share/dolly_ignition/models IGN_GAZEBO_RESOURCE_PATH=/home/shubhambackup/void-slam-toolbox/install/dolly_ignition/share/dolly_ignition/worlds:/home/shubhambackup/void-slam-toolbox/install/dolly_ignition/share/dolly_ignition/models MESA_GL_VERSION_OVERRIDE=3.3 SDF_PATH=/home/shubhambackup/void-slam-toolbox/install/dolly_ignition/share/dolly_ignition/worlds:/home/shubhambackup/void-slam-toolbox/install/dolly_ignition/share/dolly_ignition/models /usr/bin/cmake --build /home/shubhambackup/void-slam-toolbox/build/dolly -- -j4 -l4
[1.345s] Invoked command in '/home/shubhambackup/void-slam-toolbox/build/dolly' returned '0': AMENT_PREFIX_PATH=/home/shubhambackup/void-slam-toolbox/install/dolly_ignition:/home/shubhambackup/void-slam-toolbox/install/dolly_gazebo:/home/shubhambackup/void-slam-toolbox/install/dolly_follow:${AMENT_PREFIX_PATH} CMAKE_PREFIX_PATH=/home/shubhambackup/void-slam-toolbox/install/dolly_ignition:/home/shubhambackup/void-slam-toolbox/install/dolly_gazebo:/home/shubhambackup/void-slam-toolbox/install/dolly_follow:/opt/ros/foxy GAZEBO_MODEL_PATH=/home/shubhambackup/void-slam-toolbox/install/dolly_gazebo/share/dolly_gazebo/models:${GAZEBO_MODEL_PATH} GAZEBO_RESOURCE_PATH=/home/shubhambackup/void-slam-toolbox/install/dolly_gazebo/share/dolly_gazebo/worlds IGN_FILE_PATH=/home/shubhambackup/void-slam-toolbox/install/dolly_ignition/share/dolly_ignition/worlds:/home/shubhambackup/void-slam-toolbox/install/dolly_ignition/share/dolly_ignition/models IGN_GAZEBO_RESOURCE_PATH=/home/shubhambackup/void-slam-toolbox/install/dolly_ignition/share/dolly_ignition/worlds:/home/shubhambackup/void-slam-toolbox/install/dolly_ignition/share/dolly_ignition/models MESA_GL_VERSION_OVERRIDE=3.3 SDF_PATH=/home/shubhambackup/void-slam-toolbox/install/dolly_ignition/share/dolly_ignition/worlds:/home/shubhambackup/void-slam-toolbox/install/dolly_ignition/share/dolly_ignition/models /usr/bin/cmake --build /home/shubhambackup/void-slam-toolbox/build/dolly -- -j4 -l4
[1.393s] Invoking command in '/home/shubhambackup/void-slam-toolbox/build/dolly': AMENT_PREFIX_PATH=/home/shubhambackup/void-slam-toolbox/install/dolly_ignition:/home/shubhambackup/void-slam-toolbox/install/dolly_gazebo:/home/shubhambackup/void-slam-toolbox/install/dolly_follow:${AMENT_PREFIX_PATH} CMAKE_PREFIX_PATH=/home/shubhambackup/void-slam-toolbox/install/dolly_ignition:/home/shubhambackup/void-slam-toolbox/install/dolly_gazebo:/home/shubhambackup/void-slam-toolbox/install/dolly_follow:/opt/ros/foxy GAZEBO_MODEL_PATH=/home/shubhambackup/void-slam-toolbox/install/dolly_gazebo/share/dolly_gazebo/models:${GAZEBO_MODEL_PATH} GAZEBO_RESOURCE_PATH=/home/shubhambackup/void-slam-toolbox/install/dolly_gazebo/share/dolly_gazebo/worlds IGN_FILE_PATH=/home/shubhambackup/void-slam-toolbox/install/dolly_ignition/share/dolly_ignition/worlds:/home/shubhambackup/void-slam-toolbox/install/dolly_ignition/share/dolly_ignition/models IGN_GAZEBO_RESOURCE_PATH=/home/shubhambackup/void-slam-toolbox/install/dolly_ignition/share/dolly_ignition/worlds:/home/shubhambackup/void-slam-toolbox/install/dolly_ignition/share/dolly_ignition/models MESA_GL_VERSION_OVERRIDE=3.3 SDF_PATH=/home/shubhambackup/void-slam-toolbox/install/dolly_ignition/share/dolly_ignition/worlds:/home/shubhambackup/void-slam-toolbox/install/dolly_ignition/share/dolly_ignition/models /usr/bin/cmake --install /home/shubhambackup/void-slam-toolbox/build/dolly
[1.408s] -- Install configuration: ""
[1.408s] -- Execute custom install script
[1.409s] -- Symlinking: /home/shubhambackup/void-slam-toolbox/install/dolly/share/ament_index/resource_index/package_run_dependencies/dolly
[1.428s] -- Symlinking: /home/shubhambackup/void-slam-toolbox/install/dolly/share/ament_index/resource_index/parent_prefix_path/dolly
[1.442s] -- Symlinking: /home/shubhambackup/void-slam-toolbox/install/dolly/share/dolly/environment/ament_prefix_path.sh
[1.461s] -- Symlinking: /home/shubhambackup/void-slam-toolbox/install/dolly/share/dolly/environment/ament_prefix_path.dsv
[1.477s] -- Symlinking: /home/shubhambackup/void-slam-toolbox/install/dolly/share/dolly/environment/path.sh
[1.494s] -- Symlinking: /home/shubhambackup/void-slam-toolbox/install/dolly/share/dolly/environment/path.dsv
[1.507s] -- Symlinking: /home/shubhambackup/void-slam-toolbox/install/dolly/share/dolly/local_setup.bash
[1.525s] -- Symlinking: /home/shubhambackup/void-slam-toolbox/install/dolly/share/dolly/local_setup.sh
[1.544s] -- Symlinking: /home/shubhambackup/void-slam-toolbox/install/dolly/share/dolly/local_setup.zsh
[1.561s] -- Symlinking: /home/shubhambackup/void-slam-toolbox/install/dolly/share/dolly/local_setup.dsv
[1.579s] -- Symlinking: /home/shubhambackup/void-slam-toolbox/install/dolly/share/dolly/package.dsv
[1.596s] -- Symlinking: /home/shubhambackup/void-slam-toolbox/install/dolly/share/ament_index/resource_index/packages/dolly
[1.614s] -- Symlinking: /home/shubhambackup/void-slam-toolbox/install/dolly/share/dolly/cmake/dollyConfig.cmake
[1.629s] -- Symlinking: /home/shubhambackup/void-slam-toolbox/install/dolly/share/dolly/cmake/dollyConfig-version.cmake
[1.644s] -- Symlinking: /home/shubhambackup/void-slam-toolbox/install/dolly/share/dolly/package.xml
[1.665s] Invoked command in '/home/shubhambackup/void-slam-toolbox/build/dolly' returned '0': AMENT_PREFIX_PATH=/home/shubhambackup/void-slam-toolbox/install/dolly_ignition:/home/shubhambackup/void-slam-toolbox/install/dolly_gazebo:/home/shubhambackup/void-slam-toolbox/install/dolly_follow:${AMENT_PREFIX_PATH} CMAKE_PREFIX_PATH=/home/shubhambackup/void-slam-toolbox/install/dolly_ignition:/home/shubhambackup/void-slam-toolbox/install/dolly_gazebo:/home/shubhambackup/void-slam-toolbox/install/dolly_follow:/opt/ros/foxy GAZEBO_MODEL_PATH=/home/shubhambackup/void-slam-toolbox/install/dolly_gazebo/share/dolly_gazebo/models:${GAZEBO_MODEL_PATH} GAZEBO_RESOURCE_PATH=/home/shubhambackup/void-slam-toolbox/install/dolly_gazebo/share/dolly_gazebo/worlds IGN_FILE_PATH=/home/shubhambackup/void-slam-toolbox/install/dolly_ignition/share/dolly_ignition/worlds:/home/shubhambackup/void-slam-toolbox/install/dolly_ignition/share/dolly_ignition/models IGN_GAZEBO_RESOURCE_PATH=/home/shubhambackup/void-slam-toolbox/install/dolly_ignition/share/dolly_ignition/worlds:/home/shubhambackup/void-slam-toolbox/install/dolly_ignition/share/dolly_ignition/models MESA_GL_VERSION_OVERRIDE=3.3 SDF_PATH=/home/shubhambackup/void-slam-toolbox/install/dolly_ignition/share/dolly_ignition/worlds:/home/shubhambackup/void-slam-toolbox/install/dolly_ignition/share/dolly_ignition/models /usr/bin/cmake --install /home/shubhambackup/void-slam-toolbox/build/dolly
