[0.032s] Invoking command in '/home/shubhambackup/void-slam-toolbox/build/void-slam-dolly': CMAKE_PREFIX_PATH=${CMAKE_PREFIX_PATH}:/opt/ros/foxy /usr/bin/cmake --build /home/shubhambackup/void-slam-toolbox/build/void-slam-dolly -- -j4 -l4
[0.091s] [35m[1mScanning dependencies of target reading_laser[0m
[0.145s] [ 50%] [32mBuilding CXX object CMakeFiles/reading_laser.dir/src/reading_laser.cpp.o[0m
[1.908s] [01m[K/home/shubhambackup/void-slam-toolbox/src/void-slam-dolly/src/reading_laser.cpp:24:2:[m[K [01;31m[Kerror: [m[Kexpected ‘[01m[K;[m[K’ after class definition
[1.908s]    24 | }
[1.908s]       |  [01;31m[K^[m[K
[1.908s]       |  [32m[K;[m[K
[1.911s] [01m[K/home/shubhambackup/void-slam-toolbox/src/void-slam-dolly/src/reading_laser.cpp:[m[K In constructor ‘[01m[KReadingLaser::ReadingLaser()[m[K’:
[1.911s] [01m[K/home/shubhambackup/void-slam-toolbox/src/void-slam-dolly/src/reading_laser.cpp:9:3:[m[K [01;31m[Kerror: [m[K‘[01m[Ksubscription[m[K’ was not declared in this scope; did you mean ‘[01m[Ksubscription_[m[K’?
[1.911s]     9 |   [01;31m[Ksubscription[m[K = this->create_subscription<sensor_msgs::msg::LaserScan>(
[1.911s]       |   [01;31m[K^~~~~~~~~~~~[m[K
[1.911s]       |   [32m[Ksubscription_[m[K
[1.930s] [01m[K/home/shubhambackup/void-slam-toolbox/src/void-slam-dolly/src/reading_laser.cpp:[m[K In member function ‘[01m[Kvoid ReadingLaser::topic_callback(sensor_msgs::msg::LaserScan_<std::allocator<void> >::SharedPtr)[m[K’:
[1.930s] [01m[K/home/shubhambackup/void-slam-toolbox/src/void-slam-dolly/src/reading_laser.cpp:18:3:[m[K [01;31m[Kerror: [m[K‘[01m[KRCLPP_INFO[m[K’ was not declared in this scope; did you mean ‘[01m[KRCLCPP_INFO[m[K’?
[1.930s]    18 |   [01;31m[KRCLPP_INFO[m[K(this->get_logger(), "I heard: '%f' '%f'", _msg->ranges[0],
[1.930s]       |   [01;31m[K^~~~~~~~~~[m[K
[1.930s]       |   [32m[KRCLCPP_INFO[m[K
[2.399s] In file included from [01m[K/opt/ros/foxy/include/rclcpp/subscription_base.hpp:29[m[K,
[2.399s]                  from [01m[K/opt/ros/foxy/include/rclcpp/callback_group.hpp:26[m[K,
[2.399s]                  from [01m[K/opt/ros/foxy/include/rclcpp/any_executable.hpp:20[m[K,
[2.399s]                  from [01m[K/opt/ros/foxy/include/rclcpp/memory_strategy.hpp:24[m[K,
[2.399s]                  from [01m[K/opt/ros/foxy/include/rclcpp/memory_strategies.hpp:18[m[K,
[2.400s]                  from [01m[K/opt/ros/foxy/include/rclcpp/executor_options.hpp:20[m[K,
[2.400s]                  from [01m[K/opt/ros/foxy/include/rclcpp/executor.hpp:33[m[K,
[2.400s]                  from [01m[K/opt/ros/foxy/include/rclcpp/executors/multi_threaded_executor.hpp:26[m[K,
[2.400s]                  from [01m[K/opt/ros/foxy/include/rclcpp/executors.hpp:21[m[K,
[2.400s]                  from [01m[K/opt/ros/foxy/include/rclcpp/rclcpp.hpp:146[m[K,
[2.400s]                  from [01m[K/home/shubhambackup/void-slam-toolbox/src/void-slam-dolly/src/reading_laser.cpp:1[m[K:
[2.400s] /opt/ros/foxy/include/rclcpp/any_subscription_callback.hpp: In instantiation of ‘[01m[Kvoid rclcpp::AnySubscriptionCallback<MessageT, Alloc>::set(CallbackT) [with CallbackT = std::_Bind<void (ReadingLaser::*(ReadingLaser*, int))(std::shared_ptr<sensor_msgs::msg::LaserScan_<std::allocator<void> > >)>; typename std::enable_if<rclcpp::function_traits::same_arguments<CallbackT, std::function<void(std::shared_ptr<_Tp>)> >::value>::type* <anonymous> = 0; MessageT = sensor_msgs::msg::LaserScan_<std::allocator<void> >; Alloc = std::allocator<void>][m[K’:
[2.401s] [01m[K/opt/ros/foxy/include/rclcpp/subscription_factory.hpp:97:3:[m[K   required from ‘[01m[Krclcpp::SubscriptionFactory rclcpp::create_subscription_factory(CallbackT&&, const rclcpp::SubscriptionOptionsWithAllocator<AllocatorT>&, typename MessageMemoryStrategyT::SharedPtr, std::shared_ptr<rclcpp::topic_statistics::SubscriptionTopicStatistics<CallbackMessageT> >) [with MessageT = sensor_msgs::msg::LaserScan_<std::allocator<void> >; CallbackT = std::_Bind<void (ReadingLaser::*(ReadingLaser*, int))(std::shared_ptr<sensor_msgs::msg::LaserScan_<std::allocator<void> > >)>; AllocatorT = std::allocator<void>; CallbackMessageT = sensor_msgs::msg::LaserScan_<std::allocator<void> >; SubscriptionT = rclcpp::Subscription<sensor_msgs::msg::LaserScan_<std::allocator<void> > >; MessageMemoryStrategyT = rclcpp::message_memory_strategy::MessageMemoryStrategy<sensor_msgs::msg::LaserScan_<std::allocator<void> >, std::allocator<void> >; typename MessageMemoryStrategyT::SharedPtr = std::shared_ptr<rclcpp::message_memory_strategy::MessageMemoryStrategy<sensor_msgs::msg::LaserScan_<std::allocator<void> >, std::allocator<void> > >][m[K’
[2.401s] [01m[K/opt/ros/foxy/include/rclcpp/create_subscription.hpp:144:63:[m[K   required from ‘[01m[Kstd::shared_ptr<SubscriptionT> rclcpp::create_subscription(NodeT&&, const string&, const rclcpp::QoS&, CallbackT&&, const rclcpp::SubscriptionOptionsWithAllocator<AllocatorT>&, typename MessageMemoryStrategyT::SharedPtr) [with MessageT = sensor_msgs::msg::LaserScan_<std::allocator<void> >; CallbackT = std::_Bind<void (ReadingLaser::*(ReadingLaser*, int))(std::shared_ptr<sensor_msgs::msg::LaserScan_<std::allocator<void> > >)>; AllocatorT = std::allocator<void>; CallbackMessageT = sensor_msgs::msg::LaserScan_<std::allocator<void> >; SubscriptionT = rclcpp::Subscription<sensor_msgs::msg::LaserScan_<std::allocator<void> > >; MessageMemoryStrategyT = rclcpp::message_memory_strategy::MessageMemoryStrategy<sensor_msgs::msg::LaserScan_<std::allocator<void> >, std::allocator<void> >; NodeT = rclcpp::Node&; std::string = std::__cxx11::basic_string<char>; typename MessageMemoryStrategyT::SharedPtr = std::shared_ptr<rclcpp::message_memory_strategy::MessageMemoryStrategy<sensor_msgs::msg::LaserScan_<std::allocator<void> >, std::allocator<void> > >][m[K’
[2.401s] [01m[K/opt/ros/foxy/include/rclcpp/node_impl.hpp:98:47:[m[K   required from ‘[01m[Kstd::shared_ptr<SubscriptionT> rclcpp::Node::create_subscription(const string&, const rclcpp::QoS&, CallbackT&&, const rclcpp::SubscriptionOptionsWithAllocator<AllocatorT>&, typename MessageMemoryStrategyT::SharedPtr) [with MessageT = sensor_msgs::msg::LaserScan_<std::allocator<void> >; CallbackT = std::_Bind<void (ReadingLaser::*(ReadingLaser*, int))(std::shared_ptr<sensor_msgs::msg::LaserScan_<std::allocator<void> > >)>; AllocatorT = std::allocator<void>; CallbackMessageT = sensor_msgs::msg::LaserScan_<std::allocator<void> >; SubscriptionT = rclcpp::Subscription<sensor_msgs::msg::LaserScan_<std::allocator<void> > >; MessageMemoryStrategyT = rclcpp::message_memory_strategy::MessageMemoryStrategy<sensor_msgs::msg::LaserScan_<std::allocator<void> >, std::allocator<void> >; std::string = std::__cxx11::basic_string<char>; typename MessageMemoryStrategyT::SharedPtr = std::shared_ptr<rclcpp::message_memory_strategy::MessageMemoryStrategy<sensor_msgs::msg::LaserScan_<std::allocator<void> >, std::allocator<void> > >][m[K’
[2.401s] [01m[K/home/shubhambackup/void-slam-toolbox/src/void-slam-dolly/src/reading_laser.cpp:11:54:[m[K   required from here
[2.401s] [01m[K/opt/ros/foxy/include/rclcpp/any_subscription_callback.hpp:85:26:[m[K [01;31m[Kerror: [m[Kno match for ‘[01m[Koperator=[m[K’ (operand types are ‘[01m[Krclcpp::AnySubscriptionCallback<sensor_msgs::msg::LaserScan_<std::allocator<void> >, std::allocator<void> >::SharedPtrCallback[m[K’ {aka ‘[01m[Kstd::function<void(std::shared_ptr<sensor_msgs::msg::LaserScan_<std::allocator<void> > >)>[m[K’} and ‘[01m[Kstd::_Bind<void (ReadingLaser::*(ReadingLaser*, int))(std::shared_ptr<sensor_msgs::msg::LaserScan_<std::allocator<void> > >)>[m[K’)
[2.401s]    85 |     [01;31m[Kshared_ptr_callback_ = callback[m[K;
[2.401s]       |     [01;31m[K~~~~~~~~~~~~~~~~~~~~~^~~~~~~~~~[m[K
[2.402s] In file included from [01m[K/usr/include/c++/9/future:48[m[K,
[2.402s]                  from [01m[K/opt/ros/foxy/include/rclcpp/executors.hpp:18[m[K,
[2.402s]                  from [01m[K/opt/ros/foxy/include/rclcpp/rclcpp.hpp:146[m[K,
[2.402s]                  from [01m[K/home/shubhambackup/void-slam-toolbox/src/void-slam-dolly/src/reading_laser.cpp:1[m[K:
[2.402s] [01m[K/usr/include/c++/9/bits/std_function.h:462:7:[m[K [01;36m[Knote: [m[Kcandidate: ‘[01m[Kstd::function<_Res(_ArgTypes ...)>& std::function<_Res(_ArgTypes ...)>::operator=(const std::function<_Res(_ArgTypes ...)>&) [with _Res = void; _ArgTypes = {std::shared_ptr<sensor_msgs::msg::LaserScan_<std::allocator<void> > >}][m[K’
[2.402s]   462 |       [01;36m[Koperator[m[K=(const function& __x)
[2.402s]       |       [01;36m[K^~~~~~~~[m[K
[2.402s] [01m[K/usr/include/c++/9/bits/std_function.h:462:33:[m[K [01;36m[Knote: [m[K  no known conversion for argument 1 from ‘[01m[Kstd::_Bind<void (ReadingLaser::*(ReadingLaser*, int))(std::shared_ptr<sensor_msgs::msg::LaserScan_<std::allocator<void> > >)>[m[K’ to ‘[01m[Kconst std::function<void(std::shared_ptr<sensor_msgs::msg::LaserScan_<std::allocator<void> > >)>&[m[K’
[2.402s]   462 |       operator=([01;36m[Kconst function& __x[m[K)
[2.403s]       |                 [01;36m[K~~~~~~~~~~~~~~~~^~~[m[K
[2.403s] [01m[K/usr/include/c++/9/bits/std_function.h:480:7:[m[K [01;36m[Knote: [m[Kcandidate: ‘[01m[Kstd::function<_Res(_ArgTypes ...)>& std::function<_Res(_ArgTypes ...)>::operator=(std::function<_Res(_ArgTypes ...)>&&) [with _Res = void; _ArgTypes = {std::shared_ptr<sensor_msgs::msg::LaserScan_<std::allocator<void> > >}][m[K’
[2.403s]   480 |       [01;36m[Koperator[m[K=(function&& __x) noexcept
[2.404s]       |       [01;36m[K^~~~~~~~[m[K
[2.404s] [01m[K/usr/include/c++/9/bits/std_function.h:480:28:[m[K [01;36m[Knote: [m[K  no known conversion for argument 1 from ‘[01m[Kstd::_Bind<void (ReadingLaser::*(ReadingLaser*, int))(std::shared_ptr<sensor_msgs::msg::LaserScan_<std::allocator<void> > >)>[m[K’ to ‘[01m[Kstd::function<void(std::shared_ptr<sensor_msgs::msg::LaserScan_<std::allocator<void> > >)>&&[m[K’
[2.404s]   480 |       operator=([01;36m[Kfunction&& __x[m[K) noexcept
[2.404s]       |                 [01;36m[K~~~~~~~~~~~^~~[m[K
[2.404s] [01m[K/usr/include/c++/9/bits/std_function.h:494:7:[m[K [01;36m[Knote: [m[Kcandidate: ‘[01m[Kstd::function<_Res(_ArgTypes ...)>& std::function<_Res(_ArgTypes ...)>::operator=(std::nullptr_t) [with _Res = void; _ArgTypes = {std::shared_ptr<sensor_msgs::msg::LaserScan_<std::allocator<void> > >}; std::nullptr_t = std::nullptr_t][m[K’
[2.404s]   494 |       [01;36m[Koperator[m[K=(nullptr_t) noexcept
[2.404s]       |       [01;36m[K^~~~~~~~[m[K
[2.405s] [01m[K/usr/include/c++/9/bits/std_function.h:494:17:[m[K [01;36m[Knote: [m[K  no known conversion for argument 1 from ‘[01m[Kstd::_Bind<void (ReadingLaser::*(ReadingLaser*, int))(std::shared_ptr<sensor_msgs::msg::LaserScan_<std::allocator<void> > >)>[m[K’ to ‘[01m[Kstd::nullptr_t[m[K’
[2.405s]   494 |       operator=([01;36m[Knullptr_t[m[K) noexcept
[2.405s]       |                 [01;36m[K^~~~~~~~~[m[K
[2.405s] [01m[K/usr/include/c++/9/bits/std_function.h:523:2:[m[K [01;36m[Knote: [m[Kcandidate: ‘[01m[Ktemplate<class _Functor> std::function<_Res(_ArgTypes ...)>::_Requires<std::function<_Res(_ArgTypes ...)>::_Callable<typename std::decay<_Functor>::type>, std::function<_Res(_ArgTypes ...)>&> std::function<_Res(_ArgTypes ...)>::operator=(_Functor&&) [with _Functor = _Functor; _Res = void; _ArgTypes = {std::shared_ptr<sensor_msgs::msg::LaserScan_<std::allocator<void> > >}][m[K’
[2.405s]   523 |  [01;36m[Koperator[m[K=(_Functor&& __f)
[2.405s]       |  [01;36m[K^~~~~~~~[m[K
[2.405s] [01m[K/usr/include/c++/9/bits/std_function.h:523:2:[m[K [01;36m[Knote: [m[K  template argument deduction/substitution failed:
[2.405s] /usr/include/c++/9/bits/std_function.h: In substitution of ‘[01m[Ktemplate<class _Res, class ... _ArgTypes> template<class _Cond, class _Tp> using _Requires = typename std::enable_if<_Cond::value, _Tp>::type [with _Cond = std::function<void(std::shared_ptr<sensor_msgs::msg::LaserScan_<std::allocator<void> > >)>::_Callable<std::_Bind<void (ReadingLaser::*(ReadingLaser*, int))(std::shared_ptr<sensor_msgs::msg::LaserScan_<std::allocator<void> > >)>, std::__invoke_result<std::_Bind<void (ReadingLaser::*(ReadingLaser*, int))(std::shared_ptr<sensor_msgs::msg::LaserScan_<std::allocator<void> > >)>&, std::shared_ptr<sensor_msgs::msg::LaserScan_<std::allocator<void> > > > >; _Tp = std::function<void(std::shared_ptr<sensor_msgs::msg::LaserScan_<std::allocator<void> > >)>&; _Res = void; _ArgTypes = {std::shared_ptr<sensor_msgs::msg::LaserScan_<std::allocator<void> > >}][m[K’:
[2.405s] [01m[K/usr/include/c++/9/bits/std_function.h:523:2:[m[K   required by substitution of ‘[01m[Ktemplate<class _Functor> std::function<void(std::shared_ptr<sensor_msgs::msg::LaserScan_<std::allocator<void> > >)>::_Requires<std::function<void(std::shared_ptr<sensor_msgs::msg::LaserScan_<std::allocator<void> > >)>::_Callable<typename std::decay<_Tp>::type, std::__invoke_result<typename std::decay<_Tp>::type&, std::shared_ptr<sensor_msgs::msg::LaserScan_<std::allocator<void> > > > >, std::function<void(std::shared_ptr<sensor_msgs::msg::LaserScan_<std::allocator<void> > >)>&> std::function<void(std::shared_ptr<sensor_msgs::msg::LaserScan_<std::allocator<void> > >)>::operator=<_Functor>(_Functor&&) [with _Functor = std::_Bind<void (ReadingLaser::*(ReadingLaser*, int))(std::shared_ptr<sensor_msgs::msg::LaserScan_<std::allocator<void> > >)>&][m[K’
[2.406s] [01m[K/opt/ros/foxy/include/rclcpp/any_subscription_callback.hpp:85:26:[m[K   required from ‘[01m[Kvoid rclcpp::AnySubscriptionCallback<MessageT, Alloc>::set(CallbackT) [with CallbackT = std::_Bind<void (ReadingLaser::*(ReadingLaser*, int))(std::shared_ptr<sensor_msgs::msg::LaserScan_<std::allocator<void> > >)>; typename std::enable_if<rclcpp::function_traits::same_arguments<CallbackT, std::function<void(std::shared_ptr<_Tp>)> >::value>::type* <anonymous> = 0; MessageT = sensor_msgs::msg::LaserScan_<std::allocator<void> >; Alloc = std::allocator<void>][m[K’
[2.406s] [01m[K/opt/ros/foxy/include/rclcpp/subscription_factory.hpp:97:3:[m[K   required from ‘[01m[Krclcpp::SubscriptionFactory rclcpp::create_subscription_factory(CallbackT&&, const rclcpp::SubscriptionOptionsWithAllocator<AllocatorT>&, typename MessageMemoryStrategyT::SharedPtr, std::shared_ptr<rclcpp::topic_statistics::SubscriptionTopicStatistics<CallbackMessageT> >) [with MessageT = sensor_msgs::msg::LaserScan_<std::allocator<void> >; CallbackT = std::_Bind<void (ReadingLaser::*(ReadingLaser*, int))(std::shared_ptr<sensor_msgs::msg::LaserScan_<std::allocator<void> > >)>; AllocatorT = std::allocator<void>; CallbackMessageT = sensor_msgs::msg::LaserScan_<std::allocator<void> >; SubscriptionT = rclcpp::Subscription<sensor_msgs::msg::LaserScan_<std::allocator<void> > >; MessageMemoryStrategyT = rclcpp::message_memory_strategy::MessageMemoryStrategy<sensor_msgs::msg::LaserScan_<std::allocator<void> >, std::allocator<void> >; typename MessageMemoryStrategyT::SharedPtr = std::shared_ptr<rclcpp::message_memory_strategy::MessageMemoryStrategy<sensor_msgs::msg::LaserScan_<std::allocator<void> >, std::allocator<void> > >][m[K’
[2.406s] [01m[K/opt/ros/foxy/include/rclcpp/create_subscription.hpp:144:63:[m[K   required from ‘[01m[Kstd::shared_ptr<SubscriptionT> rclcpp::create_subscription(NodeT&&, const string&, const rclcpp::QoS&, CallbackT&&, const rclcpp::SubscriptionOptionsWithAllocator<AllocatorT>&, typename MessageMemoryStrategyT::SharedPtr) [with MessageT = sensor_msgs::msg::LaserScan_<std::allocator<void> >; CallbackT = std::_Bind<void (ReadingLaser::*(ReadingLaser*, int))(std::shared_ptr<sensor_msgs::msg::LaserScan_<std::allocator<void> > >)>; AllocatorT = std::allocator<void>; CallbackMessageT = sensor_msgs::msg::LaserScan_<std::allocator<void> >; SubscriptionT = rclcpp::Subscription<sensor_msgs::msg::LaserScan_<std::allocator<void> > >; MessageMemoryStrategyT = rclcpp::message_memory_strategy::MessageMemoryStrategy<sensor_msgs::msg::LaserScan_<std::allocator<void> >, std::allocator<void> >; NodeT = rclcpp::Node&; std::string = std::__cxx11::basic_string<char>; typename MessageMemoryStrategyT::SharedPtr = std::shared_ptr<rclcpp::message_memory_strategy::MessageMemoryStrategy<sensor_msgs::msg::LaserScan_<std::allocator<void> >, std::allocator<void> > >][m[K’
[2.406s] [01m[K/opt/ros/foxy/include/rclcpp/node_impl.hpp:98:47:[m[K   required from ‘[01m[Kstd::shared_ptr<SubscriptionT> rclcpp::Node::create_subscription(const string&, const rclcpp::QoS&, CallbackT&&, const rclcpp::SubscriptionOptionsWithAllocator<AllocatorT>&, typename MessageMemoryStrategyT::SharedPtr) [with MessageT = sensor_msgs::msg::LaserScan_<std::allocator<void> >; CallbackT = std::_Bind<void (ReadingLaser::*(ReadingLaser*, int))(std::shared_ptr<sensor_msgs::msg::LaserScan_<std::allocator<void> > >)>; AllocatorT = std::allocator<void>; CallbackMessageT = sensor_msgs::msg::LaserScan_<std::allocator<void> >; SubscriptionT = rclcpp::Subscription<sensor_msgs::msg::LaserScan_<std::allocator<void> > >; MessageMemoryStrategyT = rclcpp::message_memory_strategy::MessageMemoryStrategy<sensor_msgs::msg::LaserScan_<std::allocator<void> >, std::allocator<void> >; std::string = std::__cxx11::basic_string<char>; typename MessageMemoryStrategyT::SharedPtr = std::shared_ptr<rclcpp::message_memory_strategy::MessageMemoryStrategy<sensor_msgs::msg::LaserScan_<std::allocator<void> >, std::allocator<void> > >][m[K’
[2.406s] [01m[K/home/shubhambackup/void-slam-toolbox/src/void-slam-dolly/src/reading_laser.cpp:11:54:[m[K   required from here
[2.407s] [01m[K/usr/include/c++/9/bits/std_function.h:385:8:[m[K [01;31m[Kerror: [m[Kno type named ‘[01m[Ktype[m[K’ in ‘[01m[Kstruct std::enable_if<false, std::function<void(std::shared_ptr<sensor_msgs::msg::LaserScan_<std::allocator<void> > >)>&>[m[K’
[2.407s]   385 |  using [01;31m[K_Requires[m[K = typename enable_if<_Cond::value, _Tp>::type;
[2.407s]       |        [01;31m[K^~~~~~~~~[m[K
[2.407s] /opt/ros/foxy/include/rclcpp/any_subscription_callback.hpp: In instantiation of ‘[01m[Kvoid rclcpp::AnySubscriptionCallback<MessageT, Alloc>::set(CallbackT) [with CallbackT = std::_Bind<void (ReadingLaser::*(ReadingLaser*, int))(std::shared_ptr<sensor_msgs::msg::LaserScan_<std::allocator<void> > >)>; typename std::enable_if<rclcpp::function_traits::same_arguments<CallbackT, std::function<void(std::shared_ptr<_Tp>)> >::value>::type* <anonymous> = 0; MessageT = sensor_msgs::msg::LaserScan_<std::allocator<void> >; Alloc = std::allocator<void>][m[K’:
[2.407s] [01m[K/opt/ros/foxy/include/rclcpp/subscription_factory.hpp:97:3:[m[K   required from ‘[01m[Krclcpp::SubscriptionFactory rclcpp::create_subscription_factory(CallbackT&&, const rclcpp::SubscriptionOptionsWithAllocator<AllocatorT>&, typename MessageMemoryStrategyT::SharedPtr, std::shared_ptr<rclcpp::topic_statistics::SubscriptionTopicStatistics<CallbackMessageT> >) [with MessageT = sensor_msgs::msg::LaserScan_<std::allocator<void> >; CallbackT = std::_Bind<void (ReadingLaser::*(ReadingLaser*, int))(std::shared_ptr<sensor_msgs::msg::LaserScan_<std::allocator<void> > >)>; AllocatorT = std::allocator<void>; CallbackMessageT = sensor_msgs::msg::LaserScan_<std::allocator<void> >; SubscriptionT = rclcpp::Subscription<sensor_msgs::msg::LaserScan_<std::allocator<void> > >; MessageMemoryStrategyT = rclcpp::message_memory_strategy::MessageMemoryStrategy<sensor_msgs::msg::LaserScan_<std::allocator<void> >, std::allocator<void> >; typename MessageMemoryStrategyT::SharedPtr = std::shared_ptr<rclcpp::message_memory_strategy::MessageMemoryStrategy<sensor_msgs::msg::LaserScan_<std::allocator<void> >, std::allocator<void> > >][m[K’
[2.407s] [01m[K/opt/ros/foxy/include/rclcpp/create_subscription.hpp:144:63:[m[K   required from ‘[01m[Kstd::shared_ptr<SubscriptionT> rclcpp::create_subscription(NodeT&&, const string&, const rclcpp::QoS&, CallbackT&&, const rclcpp::SubscriptionOptionsWithAllocator<AllocatorT>&, typename MessageMemoryStrategyT::SharedPtr) [with MessageT = sensor_msgs::msg::LaserScan_<std::allocator<void> >; CallbackT = std::_Bind<void (ReadingLaser::*(ReadingLaser*, int))(std::shared_ptr<sensor_msgs::msg::LaserScan_<std::allocator<void> > >)>; AllocatorT = std::allocator<void>; CallbackMessageT = sensor_msgs::msg::LaserScan_<std::allocator<void> >; SubscriptionT = rclcpp::Subscription<sensor_msgs::msg::LaserScan_<std::allocator<void> > >; MessageMemoryStrategyT = rclcpp::message_memory_strategy::MessageMemoryStrategy<sensor_msgs::msg::LaserScan_<std::allocator<void> >, std::allocator<void> >; NodeT = rclcpp::Node&; std::string = std::__cxx11::basic_string<char>; typename MessageMemoryStrategyT::SharedPtr = std::shared_ptr<rclcpp::message_memory_strategy::MessageMemoryStrategy<sensor_msgs::msg::LaserScan_<std::allocator<void> >, std::allocator<void> > >][m[K’
[2.408s] [01m[K/opt/ros/foxy/include/rclcpp/node_impl.hpp:98:47:[m[K   required from ‘[01m[Kstd::shared_ptr<SubscriptionT> rclcpp::Node::create_subscription(const string&, const rclcpp::QoS&, CallbackT&&, const rclcpp::SubscriptionOptionsWithAllocator<AllocatorT>&, typename MessageMemoryStrategyT::SharedPtr) [with MessageT = sensor_msgs::msg::LaserScan_<std::allocator<void> >; CallbackT = std::_Bind<void (ReadingLaser::*(ReadingLaser*, int))(std::shared_ptr<sensor_msgs::msg::LaserScan_<std::allocator<void> > >)>; AllocatorT = std::allocator<void>; CallbackMessageT = sensor_msgs::msg::LaserScan_<std::allocator<void> >; SubscriptionT = rclcpp::Subscription<sensor_msgs::msg::LaserScan_<std::allocator<void> > >; MessageMemoryStrategyT = rclcpp::message_memory_strategy::MessageMemoryStrategy<sensor_msgs::msg::LaserScan_<std::allocator<void> >, std::allocator<void> >; std::string = std::__cxx11::basic_string<char>; typename MessageMemoryStrategyT::SharedPtr = std::shared_ptr<rclcpp::message_memory_strategy::MessageMemoryStrategy<sensor_msgs::msg::LaserScan_<std::allocator<void> >, std::allocator<void> > >][m[K’
[2.408s] [01m[K/home/shubhambackup/void-slam-toolbox/src/void-slam-dolly/src/reading_laser.cpp:11:54:[m[K   required from here
[2.408s] [01m[K/usr/include/c++/9/bits/std_function.h:532:2:[m[K [01;36m[Knote: [m[Kcandidate: ‘[01m[Ktemplate<class _Functor> std::function<_Res(_ArgTypes ...)>& std::function<_Res(_ArgTypes ...)>::operator=(std::reference_wrapper<_Functor>) [with _Functor = _Functor; _Res = void; _ArgTypes = {std::shared_ptr<sensor_msgs::msg::LaserScan_<std::allocator<void> > >}][m[K’
[2.408s]   532 |  [01;36m[Koperator[m[K=(reference_wrapper<_Functor> __f) noexcept
[2.408s]       |  [01;36m[K^~~~~~~~[m[K
[2.408s] [01m[K/usr/include/c++/9/bits/std_function.h:532:2:[m[K [01;36m[Knote: [m[K  template argument deduction/substitution failed:
[2.408s] In file included from [01m[K/opt/ros/foxy/include/rclcpp/subscription_base.hpp:29[m[K,
[2.408s]                  from [01m[K/opt/ros/foxy/include/rclcpp/callback_group.hpp:26[m[K,
[2.408s]                  from [01m[K/opt/ros/foxy/include/rclcpp/any_executable.hpp:20[m[K,
[2.409s]                  from [01m[K/opt/ros/foxy/include/rclcpp/memory_strategy.hpp:24[m[K,
[2.409s]                  from [01m[K/opt/ros/foxy/include/rclcpp/memory_strategies.hpp:18[m[K,
[2.409s]                  from [01m[K/opt/ros/foxy/include/rclcpp/executor_options.hpp:20[m[K,
[2.409s]                  from [01m[K/opt/ros/foxy/include/rclcpp/executor.hpp:33[m[K,
[2.409s]                  from [01m[K/opt/ros/foxy/include/rclcpp/executors/multi_threaded_executor.hpp:26[m[K,
[2.409s]                  from [01m[K/opt/ros/foxy/include/rclcpp/executors.hpp:21[m[K,
[2.409s]                  from [01m[K/opt/ros/foxy/include/rclcpp/rclcpp.hpp:146[m[K,
[2.410s]                  from [01m[K/home/shubhambackup/void-slam-toolbox/src/void-slam-dolly/src/reading_laser.cpp:1[m[K:
[2.410s] [01m[K/opt/ros/foxy/include/rclcpp/any_subscription_callback.hpp:85:26:[m[K [01;36m[Knote: [m[K  ‘[01m[Kstd::_Bind<void (ReadingLaser::*(ReadingLaser*, int))(std::shared_ptr<sensor_msgs::msg::LaserScan_<std::allocator<void> > >)>[m[K’ is not derived from ‘[01m[Kstd::reference_wrapper<_Tp>[m[K’
[2.410s]    85 |     [01;36m[Kshared_ptr_callback_ = callback[m[K;
[2.410s]       |     [01;36m[K~~~~~~~~~~~~~~~~~~~~~^~~~~~~~~~[m[K
[3.868s] make[2]: *** [CMakeFiles/reading_laser.dir/build.make:63: CMakeFiles/reading_laser.dir/src/reading_laser.cpp.o] Error 1
[3.868s] make[1]: *** [CMakeFiles/Makefile2:105: CMakeFiles/reading_laser.dir/all] Error 2
[3.868s] make: *** [Makefile:141: all] Error 2
[3.875s] Invoked command in '/home/shubhambackup/void-slam-toolbox/build/void-slam-dolly' returned '2': CMAKE_PREFIX_PATH=${CMAKE_PREFIX_PATH}:/opt/ros/foxy /usr/bin/cmake --build /home/shubhambackup/void-slam-toolbox/build/void-slam-dolly -- -j4 -l4
