-- The C compiler identification is GNU 9.4.0
-- The CXX compiler identification is GNU 9.4.0
-- Check for working C compiler: /usr/bin/cc
-- Check for working C compiler: /usr/bin/cc -- works
-- Detecting C compiler ABI info
-- Detecting C compiler ABI info - done
-- Detecting C compile features
-- Detecting C compile features - done
-- Check for working CXX compiler: /usr/bin/c++
-- Check for working CXX compiler: /usr/bin/c++ -- works
-- Detecting CXX compiler ABI info
-- Detecting CXX compiler ABI info - done
-- Detecting CXX compile features
-- Detecting CXX compile features - done
-- Found PkgConfig: /usr/bin/pkg-config (found version "0.29.1") 
-- Checking for module 'bullet>=2.82'
--   Found bullet, version 2.88
-- Found ccd: /usr/include (found suitable version "2.0", minimum required is "2.0") 
-- Found fcl: /usr/include (found suitable version "0.5.0", minimum required is "0.3.2") 
-- Found assimp: /usr/include (found version "5.0.0") 
-- Found DART: /usr/include (Required is at least version "6.6") found components: dart 
-- Found Boost: /usr/lib/x86_64-linux-gnu/cmake/Boost-1.71.0/BoostConfig.cmake (found suitable version "1.71.0", minimum required is "1.40.0") found components: thread system filesystem program_options regex iostreams date_time 
-- Found Protobuf: /usr/lib/x86_64-linux-gnu/libprotobuf.so;-lpthread (found version "3.6.1") 
-- Looking for ignition-math6 -- found version 6.11.0
-- Searching for dependencies of ignition-math6
-- Looking for OGRE...
-- OGRE_PREFIX_WATCH changed.
-- Checking for module 'OGRE'
--   Found OGRE, version 1.9.0
-- Found Ogre Ghadamon (1.9.0)
-- Found OGRE: optimized;/usr/lib/x86_64-linux-gnu/libOgreMain.so;debug;/usr/lib/x86_64-linux-gnu/libOgreMain.so
-- Looking for OGRE_Paging...
-- Found OGRE_Paging: optimized;/usr/lib/x86_64-linux-gnu/libOgrePaging.so;debug;/usr/lib/x86_64-linux-gnu/libOgrePaging.so
-- Looking for OGRE_Terrain...
-- Found OGRE_Terrain: optimized;/usr/lib/x86_64-linux-gnu/libOgreTerrain.so;debug;/usr/lib/x86_64-linux-gnu/libOgreTerrain.so
-- Looking for OGRE_Property...
-- Found OGRE_Property: optimized;/usr/lib/x86_64-linux-gnu/libOgreProperty.so;debug;/usr/lib/x86_64-linux-gnu/libOgreProperty.so
-- Looking for OGRE_RTShaderSystem...
-- Found OGRE_RTShaderSystem: optimized;/usr/lib/x86_64-linux-gnu/libOgreRTShaderSystem.so;debug;/usr/lib/x86_64-linux-gnu/libOgreRTShaderSystem.so
-- Looking for OGRE_Volume...
-- Found OGRE_Volume: optimized;/usr/lib/x86_64-linux-gnu/libOgreVolume.so;debug;/usr/lib/x86_64-linux-gnu/libOgreVolume.so
-- Looking for OGRE_Overlay...
-- Found OGRE_Overlay: optimized;/usr/lib/x86_64-linux-gnu/libOgreOverlay.so;debug;/usr/lib/x86_64-linux-gnu/libOgreOverlay.so
-- Looking for ignition-math6 -- found version 6.11.0
-- Looking for ignition-transport8 -- found version 8.2.1
-- Searching for dependencies of ignition-transport8
-- Found Protobuf: /usr/lib/x86_64-linux-gnu/libprotobuf.so;-lpthread (found suitable version "3.6.1", minimum required is "3") 
-- Config-file not installed for ZeroMQ -- checking for pkg-config
-- Checking for module 'libzmq >= 4'
--   Found libzmq , version 4.3.2
-- Found ZeroMQ: TRUE (Required is at least version "4") 
-- Checking for module 'uuid'
--   Found uuid, version 2.34.0
-- Found UUID: TRUE  
-- Looking for ignition-msgs5 -- found version 5.9.0
-- Searching for dependencies of ignition-msgs5
-- Looking for ignition-math6 -- found version 6.11.0
-- Checking for module 'tinyxml2'
--   Found tinyxml2, version 6.2.0
-- Looking for ignition-msgs5 -- found version 5.9.0
-- Looking for ignition-common3 -- found version 3.14.1
-- Searching for dependencies of ignition-common3
-- Looking for dlfcn.h - found
-- Looking for libdl - found
-- Found DL: TRUE  
-- Searching for <ignition-common3> component [graphics]
-- Looking for ignition-common3-graphics -- found version 3.14.1
-- Searching for dependencies of ignition-common3-graphics
-- Looking for ignition-math6 -- found version 6.11.0
-- Looking for ignition-fuel_tools4 -- found version 4.5.0
-- Searching for dependencies of ignition-fuel_tools4
-- Found CURL: /usr/lib/x86_64-linux-gnu/libcurl.so (found version "7.68.0")  
-- Checking for module 'jsoncpp'
--   Found jsoncpp, version 1.7.4
-- Found JSONCPP: TRUE  
-- Checking for module 'libzip'
--   Found libzip, version 1.5.1
-- Found ZIP: TRUE  
-- Looking for ignition-common3 -- found version 3.14.1
-- Looking for ignition-math6 -- found version 6.11.0
-- Looking for ignition-msgs5 -- found version 5.9.0
-- Found ament_cmake: 0.9.9 (/opt/ros/foxy/share/ament_cmake/cmake)
-- Found PythonInterp: /usr/bin/python3 (found suitable version "3.8.10", minimum required is "3") 
-- Using PYTHON_EXECUTABLE: /usr/bin/python3
-- Override CMake install command with custom implementation using symlinks instead of copying resources
-- Found ament_lint_auto: 0.9.6 (/opt/ros/foxy/share/ament_lint_auto/cmake)
-- Added test 'copyright' to check source files copyright and LICENSE
-- Added test 'flake8' to check Python code syntax and style conventions
-- Added test 'lint_cmake' to check CMake code style
-- Added test 'pep257' to check Python code against some of the style conventions in PEP 257
-- Added test 'xmllint' to check XML markup files
-- Configuring done
-- Generating done
-- Build files have been written to: /home/shubhambackup/void-slam-toolbox/build/dolly_gazebo
-- Install configuration: ""
-- Execute custom install script
-- Symlinking: /home/shubhambackup/void-slam-toolbox/install/dolly_gazebo/share/dolly_gazebo//launch/dolly.launch.py
-- Symlinking: /home/shubhambackup/void-slam-toolbox/install/dolly_gazebo/share/dolly_gazebo//models/casual_female/materials/textures/brown_eye.png
-- Symlinking: /home/shubhambackup/void-slam-toolbox/install/dolly_gazebo/share/dolly_gazebo//models/casual_female/materials/textures/casual_female.png
-- Symlinking: /home/shubhambackup/void-slam-toolbox/install/dolly_gazebo/share/dolly_gazebo//models/casual_female/materials/textures/eyebrow002.png
-- Symlinking: /home/shubhambackup/void-slam-toolbox/install/dolly_gazebo/share/dolly_gazebo//models/casual_female/materials/textures/eyelashes01.png
-- Symlinking: /home/shubhambackup/void-slam-toolbox/install/dolly_gazebo/share/dolly_gazebo//models/casual_female/materials/textures/female_casualsuit01_diffuse.png
-- Symlinking: /home/shubhambackup/void-slam-toolbox/install/dolly_gazebo/share/dolly_gazebo//models/casual_female/materials/textures/female_casualsuit01_normal.png
-- Symlinking: /home/shubhambackup/void-slam-toolbox/install/dolly_gazebo/share/dolly_gazebo//models/casual_female/materials/textures/female_casualsuit02_diffuse.png
-- Symlinking: /home/shubhambackup/void-slam-toolbox/install/dolly_gazebo/share/dolly_gazebo//models/casual_female/materials/textures/female_casualsuit02_normal.png
-- Symlinking: /home/shubhambackup/void-slam-toolbox/install/dolly_gazebo/share/dolly_gazebo//models/casual_female/materials/textures/ponytail01_diffuse.png
-- Symlinking: /home/shubhambackup/void-slam-toolbox/install/dolly_gazebo/share/dolly_gazebo//models/casual_female/materials/textures/shoes05_diffuse.png
-- Symlinking: /home/shubhambackup/void-slam-toolbox/install/dolly_gazebo/share/dolly_gazebo//models/casual_female/materials/textures/tongue01_diffuse.png
-- Symlinking: /home/shubhambackup/void-slam-toolbox/install/dolly_gazebo/share/dolly_gazebo//models/casual_female/materials/textures/young_lightskinned_female_diffuse.png
-- Symlinking: /home/shubhambackup/void-slam-toolbox/install/dolly_gazebo/share/dolly_gazebo//models/casual_female/meshes/casual_female.dae
-- Symlinking: /home/shubhambackup/void-slam-toolbox/install/dolly_gazebo/share/dolly_gazebo//models/casual_female/model.config
-- Symlinking: /home/shubhambackup/void-slam-toolbox/install/dolly_gazebo/share/dolly_gazebo//models/casual_female/model.sdf
-- Symlinking: /home/shubhambackup/void-slam-toolbox/install/dolly_gazebo/share/dolly_gazebo//models/casual_female/thumbnails/1.png
-- Symlinking: /home/shubhambackup/void-slam-toolbox/install/dolly_gazebo/share/dolly_gazebo//models/casual_female/thumbnails/2.png
-- Symlinking: /home/shubhambackup/void-slam-toolbox/install/dolly_gazebo/share/dolly_gazebo//models/casual_female/thumbnails/3.png
-- Symlinking: /home/shubhambackup/void-slam-toolbox/install/dolly_gazebo/share/dolly_gazebo//models/casual_female/thumbnails/4.png
-- Symlinking: /home/shubhambackup/void-slam-toolbox/install/dolly_gazebo/share/dolly_gazebo//models/casual_female/thumbnails/5.png
-- Symlinking: /home/shubhambackup/void-slam-toolbox/install/dolly_gazebo/share/dolly_gazebo//models/city_terrain/materials/textures/city_terrain (original).jpg
-- Symlinking: /home/shubhambackup/void-slam-toolbox/install/dolly_gazebo/share/dolly_gazebo//models/city_terrain/materials/textures/city_terrain.jpg
-- Symlinking: /home/shubhambackup/void-slam-toolbox/install/dolly_gazebo/share/dolly_gazebo//models/city_terrain/materials/textures/forest.jpg
-- Symlinking: /home/shubhambackup/void-slam-toolbox/install/dolly_gazebo/share/dolly_gazebo//models/city_terrain/model.config
-- Symlinking: /home/shubhambackup/void-slam-toolbox/install/dolly_gazebo/share/dolly_gazebo//models/city_terrain/model.sdf
-- Symlinking: /home/shubhambackup/void-slam-toolbox/install/dolly_gazebo/share/dolly_gazebo//models/dolly/materials/scripts/script.material
-- Symlinking: /home/shubhambackup/void-slam-toolbox/install/dolly_gazebo/share/dolly_gazebo//models/dolly/materials/textures/sheep.jpg
-- Symlinking: /home/shubhambackup/void-slam-toolbox/install/dolly_gazebo/share/dolly_gazebo//models/dolly/model.config
-- Symlinking: /home/shubhambackup/void-slam-toolbox/install/dolly_gazebo/share/dolly_gazebo//models/dolly/model.sdf
-- Symlinking: /home/shubhambackup/void-slam-toolbox/install/dolly_gazebo/share/dolly_gazebo//models/ocean/materials/programs/GLSL/Waves.frag
-- Symlinking: /home/shubhambackup/void-slam-toolbox/install/dolly_gazebo/share/dolly_gazebo//models/ocean/materials/programs/GLSL/Waves.vert
-- Symlinking: /home/shubhambackup/void-slam-toolbox/install/dolly_gazebo/share/dolly_gazebo//models/ocean/materials/scripts/ocean.material
-- Symlinking: /home/shubhambackup/void-slam-toolbox/install/dolly_gazebo/share/dolly_gazebo//models/ocean/materials/textures/License and source soil_sand_0045_01.txt
-- Symlinking: /home/shubhambackup/void-slam-toolbox/install/dolly_gazebo/share/dolly_gazebo//models/ocean/materials/textures/clouds.jpg
-- Symlinking: /home/shubhambackup/void-slam-toolbox/install/dolly_gazebo/share/dolly_gazebo//models/ocean/materials/textures/clouds_bk.jpg
-- Symlinking: /home/shubhambackup/void-slam-toolbox/install/dolly_gazebo/share/dolly_gazebo//models/ocean/materials/textures/clouds_dn.jpg
-- Symlinking: /home/shubhambackup/void-slam-toolbox/install/dolly_gazebo/share/dolly_gazebo//models/ocean/materials/textures/clouds_fr.jpg
-- Symlinking: /home/shubhambackup/void-slam-toolbox/install/dolly_gazebo/share/dolly_gazebo//models/ocean/materials/textures/clouds_lf.jpg
-- Symlinking: /home/shubhambackup/void-slam-toolbox/install/dolly_gazebo/share/dolly_gazebo//models/ocean/materials/textures/clouds_rt.jpg
-- Symlinking: /home/shubhambackup/void-slam-toolbox/install/dolly_gazebo/share/dolly_gazebo//models/ocean/materials/textures/clouds_up.jpg
-- Symlinking: /home/shubhambackup/void-slam-toolbox/install/dolly_gazebo/share/dolly_gazebo//models/ocean/materials/textures/normals.dds
-- Symlinking: /home/shubhambackup/void-slam-toolbox/install/dolly_gazebo/share/dolly_gazebo//models/ocean/materials/textures/soil_sand_0045_01.jpg
-- Symlinking: /home/shubhambackup/void-slam-toolbox/install/dolly_gazebo/share/dolly_gazebo//models/ocean/mesh-simple.dae
-- Symlinking: /home/shubhambackup/void-slam-toolbox/install/dolly_gazebo/share/dolly_gazebo//models/ocean/mesh.blend
-- Symlinking: /home/shubhambackup/void-slam-toolbox/install/dolly_gazebo/share/dolly_gazebo//models/ocean/mesh.dae
-- Symlinking: /home/shubhambackup/void-slam-toolbox/install/dolly_gazebo/share/dolly_gazebo//models/ocean/mesh_below.dae
-- Symlinking: /home/shubhambackup/void-slam-toolbox/install/dolly_gazebo/share/dolly_gazebo//models/ocean/model.config
-- Symlinking: /home/shubhambackup/void-slam-toolbox/install/dolly_gazebo/share/dolly_gazebo//models/ocean/model.sdf
-- Symlinking: /home/shubhambackup/void-slam-toolbox/install/dolly_gazebo/share/dolly_gazebo//rviz/dolly_gazebo.rviz
-- Symlinking: /home/shubhambackup/void-slam-toolbox/install/dolly_gazebo/share/dolly_gazebo//worlds/dolly_city.world
-- Symlinking: /home/shubhambackup/void-slam-toolbox/install/dolly_gazebo/share/dolly_gazebo//worlds/dolly_empty.world
-- Symlinking: /home/shubhambackup/void-slam-toolbox/install/dolly_gazebo/share/dolly_gazebo/environment/dolly_gazebo.sh
-- Symlinking: /home/shubhambackup/void-slam-toolbox/install/dolly_gazebo/share/dolly_gazebo/environment/dolly_gazebo.dsv
-- Symlinking: /home/shubhambackup/void-slam-toolbox/install/dolly_gazebo/share/ament_index/resource_index/package_run_dependencies/dolly_gazebo
-- Symlinking: /home/shubhambackup/void-slam-toolbox/install/dolly_gazebo/share/ament_index/resource_index/parent_prefix_path/dolly_gazebo
-- Symlinking: /home/shubhambackup/void-slam-toolbox/install/dolly_gazebo/share/dolly_gazebo/environment/ament_prefix_path.sh
-- Symlinking: /home/shubhambackup/void-slam-toolbox/install/dolly_gazebo/share/dolly_gazebo/environment/ament_prefix_path.dsv
-- Symlinking: /home/shubhambackup/void-slam-toolbox/install/dolly_gazebo/share/dolly_gazebo/environment/path.sh
-- Symlinking: /home/shubhambackup/void-slam-toolbox/install/dolly_gazebo/share/dolly_gazebo/environment/path.dsv
-- Symlinking: /home/shubhambackup/void-slam-toolbox/install/dolly_gazebo/share/dolly_gazebo/local_setup.bash
-- Symlinking: /home/shubhambackup/void-slam-toolbox/install/dolly_gazebo/share/dolly_gazebo/local_setup.sh
-- Symlinking: /home/shubhambackup/void-slam-toolbox/install/dolly_gazebo/share/dolly_gazebo/local_setup.zsh
-- Symlinking: /home/shubhambackup/void-slam-toolbox/install/dolly_gazebo/share/dolly_gazebo/local_setup.dsv
-- Symlinking: /home/shubhambackup/void-slam-toolbox/install/dolly_gazebo/share/dolly_gazebo/package.dsv
-- Symlinking: /home/shubhambackup/void-slam-toolbox/install/dolly_gazebo/share/ament_index/resource_index/packages/dolly_gazebo
-- Symlinking: /home/shubhambackup/void-slam-toolbox/install/dolly_gazebo/share/dolly_gazebo/cmake/dolly_gazeboConfig.cmake
-- Symlinking: /home/shubhambackup/void-slam-toolbox/install/dolly_gazebo/share/dolly_gazebo/cmake/dolly_gazeboConfig-version.cmake
-- Symlinking: /home/shubhambackup/void-slam-toolbox/install/dolly_gazebo/share/dolly_gazebo/package.xml
