[0.046s] Invoking command in '/home/shubhambackup/void-slam-toolbox/build/void-slam-dolly': CMAKE_PREFIX_PATH=${CMAKE_PREFIX_PATH}:/opt/ros/foxy /usr/bin/cmake --build /home/shubhambackup/void-slam-toolbox/build/void-slam-dolly -- -j4 -l4
[0.173s] [ 33%] Built target moving_robot
[0.174s] [ 66%] Built target obstacle_avoidance
[0.186s] [100%] Built target reading_laser
[0.207s] Invoked command in '/home/shubhambackup/void-slam-toolbox/build/void-slam-dolly' returned '0': CMAKE_PREFIX_PATH=${CMAKE_PREFIX_PATH}:/opt/ros/foxy /usr/bin/cmake --build /home/shubhambackup/void-slam-toolbox/build/void-slam-dolly -- -j4 -l4
[0.273s] Invoking command in '/home/shubhambackup/void-slam-toolbox/build/void-slam-dolly': CMAKE_PREFIX_PATH=${CMAKE_PREFIX_PATH}:/opt/ros/foxy /usr/bin/cmake --install /home/shubhambackup/void-slam-toolbox/build/void-slam-dolly
[0.289s] -- Install configuration: ""
[0.290s] -- Execute custom install script
[0.292s] -- Up-to-date symlink: /home/shubhambackup/void-slam-toolbox/install/void-slam-dolly/share/void-slam-dolly//launch/dolly_launch.py
[0.292s] -- Up-to-date symlink: /home/shubhambackup/void-slam-toolbox/install/void-slam-dolly/share/void-slam-dolly//launch/obstacle_avoidance.launch.py
[0.293s] -- Up-to-date symlink: /home/shubhambackup/void-slam-toolbox/install/void-slam-dolly/share/void-slam-dolly//launch/online_async_launch.py
[0.294s] -- Up-to-date symlink: /home/shubhambackup/void-slam-toolbox/install/void-slam-dolly/share/void-slam-dolly//launch/reading_laser_launch.py
[0.295s] -- Up-to-date symlink: /home/shubhambackup/void-slam-toolbox/install/void-slam-dolly/share/void-slam-dolly//config/mapper_params_online_async.yaml
[0.296s] -- Up-to-date symlink: /home/shubhambackup/void-slam-toolbox/install/void-slam-dolly/lib/void-slam-dolly//reading_laser
[0.297s] -- Up-to-date symlink: /home/shubhambackup/void-slam-toolbox/install/void-slam-dolly/lib/void-slam-dolly//moving_robot
[0.297s] -- Up-to-date symlink: /home/shubhambackup/void-slam-toolbox/install/void-slam-dolly/lib/void-slam-dolly//obstacle_avoidance
[0.298s] -- Up-to-date symlink: /home/shubhambackup/void-slam-toolbox/install/void-slam-dolly/share/ament_index/resource_index/package_run_dependencies/void-slam-dolly
[0.300s] -- Up-to-date symlink: /home/shubhambackup/void-slam-toolbox/install/void-slam-dolly/share/ament_index/resource_index/parent_prefix_path/void-slam-dolly
[0.301s] -- Up-to-date symlink: /home/shubhambackup/void-slam-toolbox/install/void-slam-dolly/share/void-slam-dolly/environment/ament_prefix_path.sh
[0.302s] -- Up-to-date symlink: /home/shubhambackup/void-slam-toolbox/install/void-slam-dolly/share/void-slam-dolly/environment/ament_prefix_path.dsv
[0.302s] -- Up-to-date symlink: /home/shubhambackup/void-slam-toolbox/install/void-slam-dolly/share/void-slam-dolly/environment/path.sh
[0.303s] -- Up-to-date symlink: /home/shubhambackup/void-slam-toolbox/install/void-slam-dolly/share/void-slam-dolly/environment/path.dsv
[0.304s] -- Up-to-date symlink: /home/shubhambackup/void-slam-toolbox/install/void-slam-dolly/share/void-slam-dolly/local_setup.bash
[0.305s] -- Up-to-date symlink: /home/shubhambackup/void-slam-toolbox/install/void-slam-dolly/share/void-slam-dolly/local_setup.sh
[0.307s] -- Up-to-date symlink: /home/shubhambackup/void-slam-toolbox/install/void-slam-dolly/share/void-slam-dolly/local_setup.zsh
[0.308s] -- Up-to-date symlink: /home/shubhambackup/void-slam-toolbox/install/void-slam-dolly/share/void-slam-dolly/local_setup.dsv
[0.309s] -- Symlinking: /home/shubhambackup/void-slam-toolbox/install/void-slam-dolly/share/void-slam-dolly/package.dsv
[0.324s] -- Up-to-date symlink: /home/shubhambackup/void-slam-toolbox/install/void-slam-dolly/share/ament_index/resource_index/packages/void-slam-dolly
[0.324s] -- Up-to-date symlink: /home/shubhambackup/void-slam-toolbox/install/void-slam-dolly/share/void-slam-dolly/cmake/void-slam-dollyConfig.cmake
[0.325s] -- Up-to-date symlink: /home/shubhambackup/void-slam-toolbox/install/void-slam-dolly/share/void-slam-dolly/cmake/void-slam-dollyConfig-version.cmake
[0.326s] -- Up-to-date symlink: /home/shubhambackup/void-slam-toolbox/install/void-slam-dolly/share/void-slam-dolly/package.xml
[0.331s] Invoked command in '/home/shubhambackup/void-slam-toolbox/build/void-slam-dolly' returned '0': CMAKE_PREFIX_PATH=${CMAKE_PREFIX_PATH}:/opt/ros/foxy /usr/bin/cmake --install /home/shubhambackup/void-slam-toolbox/build/void-slam-dolly
