[0.721s] DEBUG:colcon:Command line arguments: ['/usr/bin/colcon', 'build', '--symlink-install']
[0.721s] DEBUG:colcon:Parsed command line arguments: Namespace(allow_overriding=[], ament_cmake_args=None, base_paths=['.'], build_base='build', catkin_cmake_args=None, catkin_skip_building_tests=False, cmake_args=None, cmake_clean_cache=False, cmake_clean_first=False, cmake_force_configure=False, cmake_target=None, cmake_target_skip_unavailable=False, continue_on_error=False, event_handlers=None, executor='parallel', ignore_user_meta=False, install_base='install', log_base=None, log_level=None, main=<bound method BuildVerb.main of <colcon_core.verb.build.BuildVerb object at 0x7fc06b22bfa0>>, merge_install=False, metas=['./colcon.meta'], packages_above=None, packages_above_and_dependencies=None, packages_above_depth=None, packages_end=None, packages_ignore=None, packages_ignore_regex=None, packages_select=None, packages_select_build_failed=False, packages_select_by_dep=None, packages_select_regex=None, packages_select_test_failures=False, packages_skip=None, packages_skip_build_finished=False, packages_skip_by_dep=None, packages_skip_regex=None, packages_skip_test_passed=False, packages_skip_up_to=None, packages_start=None, packages_up_to=None, packages_up_to_regex=None, parallel_workers=4, paths=None, symlink_install=True, test_result_base=None, verb_extension=<colcon_core.verb.build.BuildVerb object at 0x7fc06b22bfa0>, verb_name='build', verb_parser=<colcon_defaults.argument_parser.defaults.DefaultArgumentsDecorator object at 0x7fc06b171040>)
[0.821s] Level 1:colcon.colcon_core.package_discovery:discover_packages(colcon_meta) check parameters
[0.821s] Level 1:colcon.colcon_core.package_discovery:discover_packages(recursive) check parameters
[0.822s] Level 1:colcon.colcon_core.package_discovery:discover_packages(ignore) check parameters
[0.822s] Level 1:colcon.colcon_core.package_discovery:discover_packages(path) check parameters
[0.822s] Level 1:colcon.colcon_core.package_discovery:discover_packages(colcon_meta) discover
[0.822s] Level 1:colcon.colcon_core.package_discovery:discover_packages(recursive) discover
[0.822s] INFO:colcon.colcon_core.package_discovery:Crawling recursively for packages in '/home/shubhambackup/void-slam-toolbox'
[0.822s] Level 1:colcon.colcon_core.package_identification:_identify(.) by extensions ['ignore', 'ignore_ament_install']
[0.822s] Level 1:colcon.colcon_core.package_identification:_identify(.) by extension 'ignore'
[0.822s] Level 1:colcon.colcon_core.package_identification:_identify(.) by extension 'ignore_ament_install'
[0.822s] Level 1:colcon.colcon_core.package_identification:_identify(.) by extensions ['colcon_pkg']
[0.822s] Level 1:colcon.colcon_core.package_identification:_identify(.) by extension 'colcon_pkg'
[0.822s] Level 1:colcon.colcon_core.package_identification:_identify(.) by extensions ['colcon_meta']
[0.822s] Level 1:colcon.colcon_core.package_identification:_identify(.) by extension 'colcon_meta'
[0.822s] Level 1:colcon.colcon_core.package_identification:_identify(.) by extensions ['ros']
[0.822s] Level 1:colcon.colcon_core.package_identification:_identify(.) by extension 'ros'
[0.844s] Level 1:colcon.colcon_core.package_identification:_identify(.) by extensions ['cmake', 'python']
[0.844s] Level 1:colcon.colcon_core.package_identification:_identify(.) by extension 'cmake'
[0.844s] Level 1:colcon.colcon_core.package_identification:_identify(.) by extension 'python'
[0.844s] Level 1:colcon.colcon_core.package_identification:_identify(.) by extensions ['python_setup_py']
[0.844s] Level 1:colcon.colcon_core.package_identification:_identify(.) by extension 'python_setup_py'
[0.844s] Level 1:colcon.colcon_core.package_identification:_identify(build) by extensions ['ignore', 'ignore_ament_install']
[0.844s] Level 1:colcon.colcon_core.package_identification:_identify(build) by extension 'ignore'
[0.844s] Level 1:colcon.colcon_core.package_identification:_identify(build) ignored
[0.844s] Level 1:colcon.colcon_core.package_identification:_identify(install) by extensions ['ignore', 'ignore_ament_install']
[0.845s] Level 1:colcon.colcon_core.package_identification:_identify(install) by extension 'ignore'
[0.845s] Level 1:colcon.colcon_core.package_identification:_identify(install) ignored
[0.845s] Level 1:colcon.colcon_core.package_identification:_identify(log) by extensions ['ignore', 'ignore_ament_install']
[0.845s] Level 1:colcon.colcon_core.package_identification:_identify(log) by extension 'ignore'
[0.845s] Level 1:colcon.colcon_core.package_identification:_identify(log) ignored
[0.845s] Level 1:colcon.colcon_core.package_identification:_identify(src) by extensions ['ignore', 'ignore_ament_install']
[0.845s] Level 1:colcon.colcon_core.package_identification:_identify(src) by extension 'ignore'
[0.845s] Level 1:colcon.colcon_core.package_identification:_identify(src) by extension 'ignore_ament_install'
[0.845s] Level 1:colcon.colcon_core.package_identification:_identify(src) by extensions ['colcon_pkg']
[0.845s] Level 1:colcon.colcon_core.package_identification:_identify(src) by extension 'colcon_pkg'
[0.845s] Level 1:colcon.colcon_core.package_identification:_identify(src) by extensions ['colcon_meta']
[0.845s] Level 1:colcon.colcon_core.package_identification:_identify(src) by extension 'colcon_meta'
[0.845s] Level 1:colcon.colcon_core.package_identification:_identify(src) by extensions ['ros']
[0.846s] Level 1:colcon.colcon_core.package_identification:_identify(src) by extension 'ros'
[0.846s] Level 1:colcon.colcon_core.package_identification:_identify(src) by extensions ['cmake', 'python']
[0.846s] Level 1:colcon.colcon_core.package_identification:_identify(src) by extension 'cmake'
[0.846s] Level 1:colcon.colcon_core.package_identification:_identify(src) by extension 'python'
[0.846s] Level 1:colcon.colcon_core.package_identification:_identify(src) by extensions ['python_setup_py']
[0.846s] Level 1:colcon.colcon_core.package_identification:_identify(src) by extension 'python_setup_py'
[0.846s] Level 1:colcon.colcon_core.package_identification:_identify(src/dolly) by extensions ['ignore', 'ignore_ament_install']
[0.846s] Level 1:colcon.colcon_core.package_identification:_identify(src/dolly) by extension 'ignore'
[0.846s] Level 1:colcon.colcon_core.package_identification:_identify(src/dolly) by extension 'ignore_ament_install'
[0.846s] Level 1:colcon.colcon_core.package_identification:_identify(src/dolly) by extensions ['colcon_pkg']
[0.846s] Level 1:colcon.colcon_core.package_identification:_identify(src/dolly) by extension 'colcon_pkg'
[0.846s] Level 1:colcon.colcon_core.package_identification:_identify(src/dolly) by extensions ['colcon_meta']
[0.846s] Level 1:colcon.colcon_core.package_identification:_identify(src/dolly) by extension 'colcon_meta'
[0.846s] Level 1:colcon.colcon_core.package_identification:_identify(src/dolly) by extensions ['ros']
[0.846s] Level 1:colcon.colcon_core.package_identification:_identify(src/dolly) by extension 'ros'
[0.846s] Level 1:colcon.colcon_core.package_identification:_identify(src/dolly) by extensions ['cmake', 'python']
[0.847s] Level 1:colcon.colcon_core.package_identification:_identify(src/dolly) by extension 'cmake'
[0.847s] Level 1:colcon.colcon_core.package_identification:_identify(src/dolly) by extension 'python'
[0.847s] Level 1:colcon.colcon_core.package_identification:_identify(src/dolly) by extensions ['python_setup_py']
[0.847s] Level 1:colcon.colcon_core.package_identification:_identify(src/dolly) by extension 'python_setup_py'
[0.847s] Level 1:colcon.colcon_core.package_identification:_identify(src/dolly/dolly) by extensions ['ignore', 'ignore_ament_install']
[0.847s] Level 1:colcon.colcon_core.package_identification:_identify(src/dolly/dolly) by extension 'ignore'
[0.847s] Level 1:colcon.colcon_core.package_identification:_identify(src/dolly/dolly) by extension 'ignore_ament_install'
[0.847s] Level 1:colcon.colcon_core.package_identification:_identify(src/dolly/dolly) by extensions ['colcon_pkg']
[0.847s] Level 1:colcon.colcon_core.package_identification:_identify(src/dolly/dolly) by extension 'colcon_pkg'
[0.847s] Level 1:colcon.colcon_core.package_identification:_identify(src/dolly/dolly) by extensions ['colcon_meta']
[0.847s] Level 1:colcon.colcon_core.package_identification:_identify(src/dolly/dolly) by extension 'colcon_meta'
[0.847s] Level 1:colcon.colcon_core.package_identification:_identify(src/dolly/dolly) by extensions ['ros']
[0.847s] Level 1:colcon.colcon_core.package_identification:_identify(src/dolly/dolly) by extension 'ros'
[0.851s] DEBUG:colcon.colcon_core.package_identification:Package 'src/dolly/dolly' with type 'ros.ament_cmake' and name 'dolly'
[0.851s] Level 1:colcon.colcon_core.package_identification:_identify(src/dolly/dolly_follow) by extensions ['ignore', 'ignore_ament_install']
[0.851s] Level 1:colcon.colcon_core.package_identification:_identify(src/dolly/dolly_follow) by extension 'ignore'
[0.851s] Level 1:colcon.colcon_core.package_identification:_identify(src/dolly/dolly_follow) by extension 'ignore_ament_install'
[0.851s] Level 1:colcon.colcon_core.package_identification:_identify(src/dolly/dolly_follow) by extensions ['colcon_pkg']
[0.851s] Level 1:colcon.colcon_core.package_identification:_identify(src/dolly/dolly_follow) by extension 'colcon_pkg'
[0.851s] Level 1:colcon.colcon_core.package_identification:_identify(src/dolly/dolly_follow) by extensions ['colcon_meta']
[0.851s] Level 1:colcon.colcon_core.package_identification:_identify(src/dolly/dolly_follow) by extension 'colcon_meta'
[0.852s] Level 1:colcon.colcon_core.package_identification:_identify(src/dolly/dolly_follow) by extensions ['ros']
[0.852s] Level 1:colcon.colcon_core.package_identification:_identify(src/dolly/dolly_follow) by extension 'ros'
[0.852s] DEBUG:colcon.colcon_core.package_identification:Package 'src/dolly/dolly_follow' with type 'ros.ament_cmake' and name 'dolly_follow'
[0.853s] Level 1:colcon.colcon_core.package_identification:_identify(src/dolly/dolly_gazebo) by extensions ['ignore', 'ignore_ament_install']
[0.853s] Level 1:colcon.colcon_core.package_identification:_identify(src/dolly/dolly_gazebo) by extension 'ignore'
[0.853s] Level 1:colcon.colcon_core.package_identification:_identify(src/dolly/dolly_gazebo) by extension 'ignore_ament_install'
[0.853s] Level 1:colcon.colcon_core.package_identification:_identify(src/dolly/dolly_gazebo) by extensions ['colcon_pkg']
[0.853s] Level 1:colcon.colcon_core.package_identification:_identify(src/dolly/dolly_gazebo) by extension 'colcon_pkg'
[0.853s] Level 1:colcon.colcon_core.package_identification:_identify(src/dolly/dolly_gazebo) by extensions ['colcon_meta']
[0.853s] Level 1:colcon.colcon_core.package_identification:_identify(src/dolly/dolly_gazebo) by extension 'colcon_meta'
[0.853s] Level 1:colcon.colcon_core.package_identification:_identify(src/dolly/dolly_gazebo) by extensions ['ros']
[0.853s] Level 1:colcon.colcon_core.package_identification:_identify(src/dolly/dolly_gazebo) by extension 'ros'
[0.854s] DEBUG:colcon.colcon_core.package_identification:Package 'src/dolly/dolly_gazebo' with type 'ros.ament_cmake' and name 'dolly_gazebo'
[0.854s] Level 1:colcon.colcon_core.package_identification:_identify(src/dolly/dolly_ignition) by extensions ['ignore', 'ignore_ament_install']
[0.854s] Level 1:colcon.colcon_core.package_identification:_identify(src/dolly/dolly_ignition) by extension 'ignore'
[0.854s] Level 1:colcon.colcon_core.package_identification:_identify(src/dolly/dolly_ignition) by extension 'ignore_ament_install'
[0.854s] Level 1:colcon.colcon_core.package_identification:_identify(src/dolly/dolly_ignition) by extensions ['colcon_pkg']
[0.854s] Level 1:colcon.colcon_core.package_identification:_identify(src/dolly/dolly_ignition) by extension 'colcon_pkg'
[0.854s] Level 1:colcon.colcon_core.package_identification:_identify(src/dolly/dolly_ignition) by extensions ['colcon_meta']
[0.855s] Level 1:colcon.colcon_core.package_identification:_identify(src/dolly/dolly_ignition) by extension 'colcon_meta'
[0.855s] Level 1:colcon.colcon_core.package_identification:_identify(src/dolly/dolly_ignition) by extensions ['ros']
[0.855s] Level 1:colcon.colcon_core.package_identification:_identify(src/dolly/dolly_ignition) by extension 'ros'
[0.855s] DEBUG:colcon.colcon_core.package_identification:Package 'src/dolly/dolly_ignition' with type 'ros.ament_cmake' and name 'dolly_ignition'
[0.856s] Level 1:colcon.colcon_core.package_identification:_identify(src/dolly/images) by extensions ['ignore', 'ignore_ament_install']
[0.856s] Level 1:colcon.colcon_core.package_identification:_identify(src/dolly/images) by extension 'ignore'
[0.856s] Level 1:colcon.colcon_core.package_identification:_identify(src/dolly/images) by extension 'ignore_ament_install'
[0.856s] Level 1:colcon.colcon_core.package_identification:_identify(src/dolly/images) by extensions ['colcon_pkg']
[0.856s] Level 1:colcon.colcon_core.package_identification:_identify(src/dolly/images) by extension 'colcon_pkg'
[0.856s] Level 1:colcon.colcon_core.package_identification:_identify(src/dolly/images) by extensions ['colcon_meta']
[0.856s] Level 1:colcon.colcon_core.package_identification:_identify(src/dolly/images) by extension 'colcon_meta'
[0.856s] Level 1:colcon.colcon_core.package_identification:_identify(src/dolly/images) by extensions ['ros']
[0.856s] Level 1:colcon.colcon_core.package_identification:_identify(src/dolly/images) by extension 'ros'
[0.856s] Level 1:colcon.colcon_core.package_identification:_identify(src/dolly/images) by extensions ['cmake', 'python']
[0.856s] Level 1:colcon.colcon_core.package_identification:_identify(src/dolly/images) by extension 'cmake'
[0.856s] Level 1:colcon.colcon_core.package_identification:_identify(src/dolly/images) by extension 'python'
[0.856s] Level 1:colcon.colcon_core.package_identification:_identify(src/dolly/images) by extensions ['python_setup_py']
[0.856s] Level 1:colcon.colcon_core.package_identification:_identify(src/dolly/images) by extension 'python_setup_py'
[0.856s] Level 1:colcon.colcon_core.package_discovery:discover_packages(recursive) using defaults
[0.857s] Level 1:colcon.colcon_core.package_discovery:discover_packages(ignore) discover
[0.857s] Level 1:colcon.colcon_core.package_discovery:discover_packages(ignore) using defaults
[0.857s] Level 1:colcon.colcon_core.package_discovery:discover_packages(path) discover
[0.857s] Level 1:colcon.colcon_core.package_discovery:discover_packages(path) using defaults
[0.902s] Level 1:colcon.colcon_core.package_discovery:discover_packages(prefix_path) check parameters
[0.902s] Level 1:colcon.colcon_core.package_discovery:discover_packages(prefix_path) discover
[0.910s] DEBUG:colcon.colcon_installed_package_information.package_discovery:Found 276 installed packages in /opt/ros/foxy
[0.914s] Level 1:colcon.colcon_core.package_discovery:discover_packages(prefix_path) using defaults
[1.043s] Level 5:colcon.colcon_core.verb:set package 'dolly_follow' build argument 'cmake_args' from command line to 'None'
[1.043s] Level 5:colcon.colcon_core.verb:set package 'dolly_follow' build argument 'cmake_target' from command line to 'None'
[1.043s] Level 5:colcon.colcon_core.verb:set package 'dolly_follow' build argument 'cmake_target_skip_unavailable' from command line to 'False'
[1.043s] Level 5:colcon.colcon_core.verb:set package 'dolly_follow' build argument 'cmake_clean_cache' from command line to 'False'
[1.043s] Level 5:colcon.colcon_core.verb:set package 'dolly_follow' build argument 'cmake_clean_first' from command line to 'False'
[1.043s] Level 5:colcon.colcon_core.verb:set package 'dolly_follow' build argument 'cmake_force_configure' from command line to 'False'
[1.043s] Level 5:colcon.colcon_core.verb:set package 'dolly_follow' build argument 'ament_cmake_args' from command line to 'None'
[1.043s] Level 5:colcon.colcon_core.verb:set package 'dolly_follow' build argument 'catkin_cmake_args' from command line to 'None'
[1.043s] Level 5:colcon.colcon_core.verb:set package 'dolly_follow' build argument 'catkin_skip_building_tests' from command line to 'False'
[1.043s] DEBUG:colcon.colcon_core.verb:Building package 'dolly_follow' with the following arguments: {'ament_cmake_args': None, 'build_base': '/home/shubhambackup/void-slam-toolbox/build/dolly_follow', 'catkin_cmake_args': None, 'catkin_skip_building_tests': False, 'cmake_args': None, 'cmake_clean_cache': False, 'cmake_clean_first': False, 'cmake_force_configure': False, 'cmake_target': None, 'cmake_target_skip_unavailable': False, 'install_base': '/home/shubhambackup/void-slam-toolbox/install/dolly_follow', 'merge_install': False, 'path': '/home/shubhambackup/void-slam-toolbox/src/dolly/dolly_follow', 'symlink_install': True, 'test_result_base': None}
[1.045s] Level 5:colcon.colcon_core.verb:set package 'dolly_gazebo' build argument 'cmake_args' from command line to 'None'
[1.045s] Level 5:colcon.colcon_core.verb:set package 'dolly_gazebo' build argument 'cmake_target' from command line to 'None'
[1.045s] Level 5:colcon.colcon_core.verb:set package 'dolly_gazebo' build argument 'cmake_target_skip_unavailable' from command line to 'False'
[1.045s] Level 5:colcon.colcon_core.verb:set package 'dolly_gazebo' build argument 'cmake_clean_cache' from command line to 'False'
[1.045s] Level 5:colcon.colcon_core.verb:set package 'dolly_gazebo' build argument 'cmake_clean_first' from command line to 'False'
[1.045s] Level 5:colcon.colcon_core.verb:set package 'dolly_gazebo' build argument 'cmake_force_configure' from command line to 'False'
[1.045s] Level 5:colcon.colcon_core.verb:set package 'dolly_gazebo' build argument 'ament_cmake_args' from command line to 'None'
[1.046s] Level 5:colcon.colcon_core.verb:set package 'dolly_gazebo' build argument 'catkin_cmake_args' from command line to 'None'
[1.046s] Level 5:colcon.colcon_core.verb:set package 'dolly_gazebo' build argument 'catkin_skip_building_tests' from command line to 'False'
[1.046s] DEBUG:colcon.colcon_core.verb:Building package 'dolly_gazebo' with the following arguments: {'ament_cmake_args': None, 'build_base': '/home/shubhambackup/void-slam-toolbox/build/dolly_gazebo', 'catkin_cmake_args': None, 'catkin_skip_building_tests': False, 'cmake_args': None, 'cmake_clean_cache': False, 'cmake_clean_first': False, 'cmake_force_configure': False, 'cmake_target': None, 'cmake_target_skip_unavailable': False, 'install_base': '/home/shubhambackup/void-slam-toolbox/install/dolly_gazebo', 'merge_install': False, 'path': '/home/shubhambackup/void-slam-toolbox/src/dolly/dolly_gazebo', 'symlink_install': True, 'test_result_base': None}
[1.047s] Level 5:colcon.colcon_core.verb:set package 'dolly_ignition' build argument 'cmake_args' from command line to 'None'
[1.047s] Level 5:colcon.colcon_core.verb:set package 'dolly_ignition' build argument 'cmake_target' from command line to 'None'
[1.047s] Level 5:colcon.colcon_core.verb:set package 'dolly_ignition' build argument 'cmake_target_skip_unavailable' from command line to 'False'
[1.047s] Level 5:colcon.colcon_core.verb:set package 'dolly_ignition' build argument 'cmake_clean_cache' from command line to 'False'
[1.047s] Level 5:colcon.colcon_core.verb:set package 'dolly_ignition' build argument 'cmake_clean_first' from command line to 'False'
[1.047s] Level 5:colcon.colcon_core.verb:set package 'dolly_ignition' build argument 'cmake_force_configure' from command line to 'False'
[1.047s] Level 5:colcon.colcon_core.verb:set package 'dolly_ignition' build argument 'ament_cmake_args' from command line to 'None'
[1.047s] Level 5:colcon.colcon_core.verb:set package 'dolly_ignition' build argument 'catkin_cmake_args' from command line to 'None'
[1.047s] Level 5:colcon.colcon_core.verb:set package 'dolly_ignition' build argument 'catkin_skip_building_tests' from command line to 'False'
[1.048s] DEBUG:colcon.colcon_core.verb:Building package 'dolly_ignition' with the following arguments: {'ament_cmake_args': None, 'build_base': '/home/shubhambackup/void-slam-toolbox/build/dolly_ignition', 'catkin_cmake_args': None, 'catkin_skip_building_tests': False, 'cmake_args': None, 'cmake_clean_cache': False, 'cmake_clean_first': False, 'cmake_force_configure': False, 'cmake_target': None, 'cmake_target_skip_unavailable': False, 'install_base': '/home/shubhambackup/void-slam-toolbox/install/dolly_ignition', 'merge_install': False, 'path': '/home/shubhambackup/void-slam-toolbox/src/dolly/dolly_ignition', 'symlink_install': True, 'test_result_base': None}
[1.049s] Level 5:colcon.colcon_core.verb:set package 'dolly' build argument 'cmake_args' from command line to 'None'
[1.049s] Level 5:colcon.colcon_core.verb:set package 'dolly' build argument 'cmake_target' from command line to 'None'
[1.049s] Level 5:colcon.colcon_core.verb:set package 'dolly' build argument 'cmake_target_skip_unavailable' from command line to 'False'
[1.049s] Level 5:colcon.colcon_core.verb:set package 'dolly' build argument 'cmake_clean_cache' from command line to 'False'
[1.049s] Level 5:colcon.colcon_core.verb:set package 'dolly' build argument 'cmake_clean_first' from command line to 'False'
[1.049s] Level 5:colcon.colcon_core.verb:set package 'dolly' build argument 'cmake_force_configure' from command line to 'False'
[1.049s] Level 5:colcon.colcon_core.verb:set package 'dolly' build argument 'ament_cmake_args' from command line to 'None'
[1.049s] Level 5:colcon.colcon_core.verb:set package 'dolly' build argument 'catkin_cmake_args' from command line to 'None'
[1.049s] Level 5:colcon.colcon_core.verb:set package 'dolly' build argument 'catkin_skip_building_tests' from command line to 'False'
[1.049s] DEBUG:colcon.colcon_core.verb:Building package 'dolly' with the following arguments: {'ament_cmake_args': None, 'build_base': '/home/shubhambackup/void-slam-toolbox/build/dolly', 'catkin_cmake_args': None, 'catkin_skip_building_tests': False, 'cmake_args': None, 'cmake_clean_cache': False, 'cmake_clean_first': False, 'cmake_force_configure': False, 'cmake_target': None, 'cmake_target_skip_unavailable': False, 'install_base': '/home/shubhambackup/void-slam-toolbox/install/dolly', 'merge_install': False, 'path': '/home/shubhambackup/void-slam-toolbox/src/dolly/dolly', 'symlink_install': True, 'test_result_base': None}
[1.050s] INFO:colcon.colcon_core.executor:Executing jobs using 'parallel' executor
[1.057s] DEBUG:colcon.colcon_parallel_executor.executor.parallel:run_until_complete
[1.057s] INFO:colcon.colcon_ros.task.ament_cmake.build:Building ROS package in '/home/shubhambackup/void-slam-toolbox/src/dolly/dolly_follow' with build type 'ament_cmake'
[1.058s] INFO:colcon.colcon_cmake.task.cmake.build:Building CMake package in '/home/shubhambackup/void-slam-toolbox/src/dolly/dolly_follow'
[1.076s] INFO:colcon.colcon_core.plugin_system:Skipping extension 'colcon_core.shell.bat': Not used on non-Windows systems
[1.077s] INFO:colcon.colcon_core.shell:Skip shell extension 'powershell' for command environment: Not usable outside of PowerShell
[1.077s] DEBUG:colcon.colcon_core.shell:Skip shell extension 'dsv' for command environment
[1.091s] DEBUG:colcon.colcon_core.event_handler.log_command:Invoking command in '/home/shubhambackup/void-slam-toolbox/build/dolly_follow': CMAKE_PREFIX_PATH=/opt/ros/foxy /usr/bin/cmake /home/shubhambackup/void-slam-toolbox/src/dolly/dolly_follow -DAMENT_CMAKE_SYMLINK_INSTALL=1 -DCMAKE_INSTALL_PREFIX=/home/shubhambackup/void-slam-toolbox/install/dolly_follow
[5.093s] DEBUG:colcon.colcon_core.event_handler.log_command:Invoked command in '/home/shubhambackup/void-slam-toolbox/build/dolly_follow' returned '0': CMAKE_PREFIX_PATH=/opt/ros/foxy /usr/bin/cmake /home/shubhambackup/void-slam-toolbox/src/dolly/dolly_follow -DAMENT_CMAKE_SYMLINK_INSTALL=1 -DCMAKE_INSTALL_PREFIX=/home/shubhambackup/void-slam-toolbox/install/dolly_follow
[5.094s] DEBUG:colcon.colcon_core.event_handler.log_command:Invoking command in '/home/shubhambackup/void-slam-toolbox/build/dolly_follow': CMAKE_PREFIX_PATH=/opt/ros/foxy /usr/bin/cmake --build /home/shubhambackup/void-slam-toolbox/build/dolly_follow -- -j4 -l4
[16.192s] DEBUG:colcon.colcon_core.event_handler.log_command:Invoked command in '/home/shubhambackup/void-slam-toolbox/build/dolly_follow' returned '0': CMAKE_PREFIX_PATH=/opt/ros/foxy /usr/bin/cmake --build /home/shubhambackup/void-slam-toolbox/build/dolly_follow -- -j4 -l4
[16.259s] DEBUG:colcon.colcon_core.event_handler.log_command:Invoking command in '/home/shubhambackup/void-slam-toolbox/build/dolly_follow': CMAKE_PREFIX_PATH=/opt/ros/foxy /usr/bin/cmake --install /home/shubhambackup/void-slam-toolbox/build/dolly_follow
[16.539s] Level 1:colcon.colcon_core.environment:create_environment_scripts_only(dolly_follow)
[16.542s] DEBUG:colcon.colcon_core.event_handler.log_command:Invoked command in '/home/shubhambackup/void-slam-toolbox/build/dolly_follow' returned '0': CMAKE_PREFIX_PATH=/opt/ros/foxy /usr/bin/cmake --install /home/shubhambackup/void-slam-toolbox/build/dolly_follow
[16.563s] Level 1:colcon.colcon_core.environment:checking '/home/shubhambackup/void-slam-toolbox/install/dolly_follow' for CMake module files
[16.564s] Level 1:colcon.colcon_core.environment:checking '/home/shubhambackup/void-slam-toolbox/install/dolly_follow' for CMake config files
[16.564s] Level 1:colcon.colcon_core.shell:create_environment_hook('dolly_follow', 'cmake_prefix_path')
[16.567s] INFO:colcon.colcon_core.shell:Creating environment hook '/home/shubhambackup/void-slam-toolbox/install/dolly_follow/share/dolly_follow/hook/cmake_prefix_path.ps1'
[16.568s] INFO:colcon.colcon_core.shell:Creating environment descriptor '/home/shubhambackup/void-slam-toolbox/install/dolly_follow/share/dolly_follow/hook/cmake_prefix_path.dsv'
[16.569s] INFO:colcon.colcon_core.shell:Creating environment hook '/home/shubhambackup/void-slam-toolbox/install/dolly_follow/share/dolly_follow/hook/cmake_prefix_path.sh'
[16.571s] Level 1:colcon.colcon_core.environment:checking '/home/shubhambackup/void-slam-toolbox/install/dolly_follow/lib'
[16.572s] Level 1:colcon.colcon_core.environment:checking '/home/shubhambackup/void-slam-toolbox/install/dolly_follow/bin'
[16.572s] Level 1:colcon.colcon_core.environment:checking '/home/shubhambackup/void-slam-toolbox/install/dolly_follow/lib/pkgconfig/dolly_follow.pc'
[16.572s] Level 1:colcon.colcon_core.environment:checking '/home/shubhambackup/void-slam-toolbox/install/dolly_follow/lib/python3.8/site-packages'
[16.572s] Level 1:colcon.colcon_core.environment:checking '/home/shubhambackup/void-slam-toolbox/install/dolly_follow/bin'
[16.574s] INFO:colcon.colcon_core.shell:Creating package script '/home/shubhambackup/void-slam-toolbox/install/dolly_follow/share/dolly_follow/package.ps1'
[16.576s] INFO:colcon.colcon_core.shell:Creating package descriptor '/home/shubhambackup/void-slam-toolbox/install/dolly_follow/share/dolly_follow/package.dsv'
[16.577s] INFO:colcon.colcon_core.shell:Creating package script '/home/shubhambackup/void-slam-toolbox/install/dolly_follow/share/dolly_follow/package.sh'
[16.579s] INFO:colcon.colcon_core.shell:Creating package script '/home/shubhambackup/void-slam-toolbox/install/dolly_follow/share/dolly_follow/package.bash'
[16.581s] INFO:colcon.colcon_core.shell:Creating package script '/home/shubhambackup/void-slam-toolbox/install/dolly_follow/share/dolly_follow/package.zsh'
[16.582s] Level 1:colcon.colcon_core.environment:create_file_with_runtime_dependencies(/home/shubhambackup/void-slam-toolbox/install/dolly_follow/share/colcon-core/packages/dolly_follow)
[16.627s] Level 1:colcon.colcon_core.environment:create_environment_scripts_only(dolly_follow)
[16.630s] Level 1:colcon.colcon_core.environment:checking '/home/shubhambackup/void-slam-toolbox/install/dolly_follow' for CMake module files
[16.630s] Level 1:colcon.colcon_core.environment:checking '/home/shubhambackup/void-slam-toolbox/install/dolly_follow' for CMake config files
[16.631s] Level 1:colcon.colcon_core.shell:create_environment_hook('dolly_follow', 'cmake_prefix_path')
[16.633s] INFO:colcon.colcon_core.shell:Creating environment hook '/home/shubhambackup/void-slam-toolbox/install/dolly_follow/share/dolly_follow/hook/cmake_prefix_path.ps1'
[16.635s] INFO:colcon.colcon_core.shell:Creating environment descriptor '/home/shubhambackup/void-slam-toolbox/install/dolly_follow/share/dolly_follow/hook/cmake_prefix_path.dsv'
[16.636s] INFO:colcon.colcon_core.shell:Creating environment hook '/home/shubhambackup/void-slam-toolbox/install/dolly_follow/share/dolly_follow/hook/cmake_prefix_path.sh'
[16.637s] Level 1:colcon.colcon_core.environment:checking '/home/shubhambackup/void-slam-toolbox/install/dolly_follow/lib'
[16.637s] Level 1:colcon.colcon_core.environment:checking '/home/shubhambackup/void-slam-toolbox/install/dolly_follow/bin'
[16.638s] Level 1:colcon.colcon_core.environment:checking '/home/shubhambackup/void-slam-toolbox/install/dolly_follow/lib/pkgconfig/dolly_follow.pc'
[16.638s] Level 1:colcon.colcon_core.environment:checking '/home/shubhambackup/void-slam-toolbox/install/dolly_follow/lib/python3.8/site-packages'
[16.638s] Level 1:colcon.colcon_core.environment:checking '/home/shubhambackup/void-slam-toolbox/install/dolly_follow/bin'
[16.640s] INFO:colcon.colcon_core.shell:Creating package script '/home/shubhambackup/void-slam-toolbox/install/dolly_follow/share/dolly_follow/package.ps1'
[16.641s] INFO:colcon.colcon_core.shell:Creating package descriptor '/home/shubhambackup/void-slam-toolbox/install/dolly_follow/share/dolly_follow/package.dsv'
[16.642s] INFO:colcon.colcon_core.shell:Creating package script '/home/shubhambackup/void-slam-toolbox/install/dolly_follow/share/dolly_follow/package.sh'
[16.642s] INFO:colcon.colcon_core.shell:Creating package script '/home/shubhambackup/void-slam-toolbox/install/dolly_follow/share/dolly_follow/package.bash'
[16.643s] INFO:colcon.colcon_core.shell:Creating package script '/home/shubhambackup/void-slam-toolbox/install/dolly_follow/share/dolly_follow/package.zsh'
[16.644s] Level 1:colcon.colcon_core.environment:create_file_with_runtime_dependencies(/home/shubhambackup/void-slam-toolbox/install/dolly_follow/share/colcon-core/packages/dolly_follow)
[16.645s] INFO:colcon.colcon_ros.task.ament_cmake.build:Building ROS package in '/home/shubhambackup/void-slam-toolbox/src/dolly/dolly_gazebo' with build type 'ament_cmake'
[16.645s] INFO:colcon.colcon_cmake.task.cmake.build:Building CMake package in '/home/shubhambackup/void-slam-toolbox/src/dolly/dolly_gazebo'
[16.647s] INFO:colcon.colcon_core.shell:Skip shell extension 'powershell' for command environment: Not usable outside of PowerShell
[16.647s] DEBUG:colcon.colcon_core.shell:Skip shell extension 'dsv' for command environment
[16.657s] INFO:colcon.colcon_ros.task.ament_cmake.build:Building ROS package in '/home/shubhambackup/void-slam-toolbox/src/dolly/dolly_ignition' with build type 'ament_cmake'
[16.658s] INFO:colcon.colcon_cmake.task.cmake.build:Building CMake package in '/home/shubhambackup/void-slam-toolbox/src/dolly/dolly_ignition'
[16.661s] INFO:colcon.colcon_core.shell:Skip shell extension 'powershell' for command environment: Not usable outside of PowerShell
[16.662s] DEBUG:colcon.colcon_core.shell:Skip shell extension 'dsv' for command environment
[16.689s] DEBUG:colcon.colcon_core.event_handler.log_command:Invoking command in '/home/shubhambackup/void-slam-toolbox/build/dolly_gazebo': AMENT_PREFIX_PATH=/home/shubhambackup/void-slam-toolbox/install/dolly_follow:${AMENT_PREFIX_PATH} CMAKE_PREFIX_PATH=/home/shubhambackup/void-slam-toolbox/install/dolly_follow:/opt/ros/foxy /usr/bin/cmake /home/shubhambackup/void-slam-toolbox/src/dolly/dolly_gazebo -DAMENT_CMAKE_SYMLINK_INSTALL=1 -DCMAKE_INSTALL_PREFIX=/home/shubhambackup/void-slam-toolbox/install/dolly_gazebo
[16.702s] DEBUG:colcon.colcon_core.event_handler.log_command:Invoking command in '/home/shubhambackup/void-slam-toolbox/build/dolly_ignition': AMENT_PREFIX_PATH=/home/shubhambackup/void-slam-toolbox/install/dolly_follow:${AMENT_PREFIX_PATH} CMAKE_PREFIX_PATH=/home/shubhambackup/void-slam-toolbox/install/dolly_follow:/opt/ros/foxy /usr/bin/cmake /home/shubhambackup/void-slam-toolbox/src/dolly/dolly_ignition -DAMENT_CMAKE_SYMLINK_INSTALL=1 -DCMAKE_INSTALL_PREFIX=/home/shubhambackup/void-slam-toolbox/install/dolly_ignition
[20.546s] DEBUG:colcon.colcon_core.event_handler.log_command:Invoked command in '/home/shubhambackup/void-slam-toolbox/build/dolly_gazebo' returned '0': AMENT_PREFIX_PATH=/home/shubhambackup/void-slam-toolbox/install/dolly_follow:${AMENT_PREFIX_PATH} CMAKE_PREFIX_PATH=/home/shubhambackup/void-slam-toolbox/install/dolly_follow:/opt/ros/foxy /usr/bin/cmake /home/shubhambackup/void-slam-toolbox/src/dolly/dolly_gazebo -DAMENT_CMAKE_SYMLINK_INSTALL=1 -DCMAKE_INSTALL_PREFIX=/home/shubhambackup/void-slam-toolbox/install/dolly_gazebo
[20.551s] DEBUG:colcon.colcon_core.event_handler.log_command:Invoking command in '/home/shubhambackup/void-slam-toolbox/build/dolly_gazebo': AMENT_PREFIX_PATH=/home/shubhambackup/void-slam-toolbox/install/dolly_follow:${AMENT_PREFIX_PATH} CMAKE_PREFIX_PATH=/home/shubhambackup/void-slam-toolbox/install/dolly_follow:/opt/ros/foxy /usr/bin/cmake --build /home/shubhambackup/void-slam-toolbox/build/dolly_gazebo -- -j4 -l4
[20.570s] DEBUG:colcon.colcon_core.event_handler.log_command:Invoked command in '/home/shubhambackup/void-slam-toolbox/build/dolly_ignition' returned '0': AMENT_PREFIX_PATH=/home/shubhambackup/void-slam-toolbox/install/dolly_follow:${AMENT_PREFIX_PATH} CMAKE_PREFIX_PATH=/home/shubhambackup/void-slam-toolbox/install/dolly_follow:/opt/ros/foxy /usr/bin/cmake /home/shubhambackup/void-slam-toolbox/src/dolly/dolly_ignition -DAMENT_CMAKE_SYMLINK_INSTALL=1 -DCMAKE_INSTALL_PREFIX=/home/shubhambackup/void-slam-toolbox/install/dolly_ignition
[20.574s] DEBUG:colcon.colcon_core.event_handler.log_command:Invoking command in '/home/shubhambackup/void-slam-toolbox/build/dolly_ignition': AMENT_PREFIX_PATH=/home/shubhambackup/void-slam-toolbox/install/dolly_follow:${AMENT_PREFIX_PATH} CMAKE_PREFIX_PATH=/home/shubhambackup/void-slam-toolbox/install/dolly_follow:/opt/ros/foxy /usr/bin/cmake --build /home/shubhambackup/void-slam-toolbox/build/dolly_ignition -- -j4 -l4
[20.633s] DEBUG:colcon.colcon_core.event_handler.log_command:Invoked command in '/home/shubhambackup/void-slam-toolbox/build/dolly_gazebo' returned '0': AMENT_PREFIX_PATH=/home/shubhambackup/void-slam-toolbox/install/dolly_follow:${AMENT_PREFIX_PATH} CMAKE_PREFIX_PATH=/home/shubhambackup/void-slam-toolbox/install/dolly_follow:/opt/ros/foxy /usr/bin/cmake --build /home/shubhambackup/void-slam-toolbox/build/dolly_gazebo -- -j4 -l4
[20.645s] DEBUG:colcon.colcon_core.event_handler.log_command:Invoked command in '/home/shubhambackup/void-slam-toolbox/build/dolly_ignition' returned '0': AMENT_PREFIX_PATH=/home/shubhambackup/void-slam-toolbox/install/dolly_follow:${AMENT_PREFIX_PATH} CMAKE_PREFIX_PATH=/home/shubhambackup/void-slam-toolbox/install/dolly_follow:/opt/ros/foxy /usr/bin/cmake --build /home/shubhambackup/void-slam-toolbox/build/dolly_ignition -- -j4 -l4
[20.681s] DEBUG:colcon.colcon_core.event_handler.log_command:Invoking command in '/home/shubhambackup/void-slam-toolbox/build/dolly_gazebo': AMENT_PREFIX_PATH=/home/shubhambackup/void-slam-toolbox/install/dolly_follow:${AMENT_PREFIX_PATH} CMAKE_PREFIX_PATH=/home/shubhambackup/void-slam-toolbox/install/dolly_follow:/opt/ros/foxy /usr/bin/cmake --install /home/shubhambackup/void-slam-toolbox/build/dolly_gazebo
[20.701s] DEBUG:colcon.colcon_core.event_handler.log_command:Invoking command in '/home/shubhambackup/void-slam-toolbox/build/dolly_ignition': AMENT_PREFIX_PATH=/home/shubhambackup/void-slam-toolbox/install/dolly_follow:${AMENT_PREFIX_PATH} CMAKE_PREFIX_PATH=/home/shubhambackup/void-slam-toolbox/install/dolly_follow:/opt/ros/foxy /usr/bin/cmake --install /home/shubhambackup/void-slam-toolbox/build/dolly_ignition
[21.475s] Level 1:colcon.colcon_core.environment:create_environment_scripts_only(dolly_ignition)
[21.479s] Level 1:colcon.colcon_core.environment:checking '/home/shubhambackup/void-slam-toolbox/install/dolly_ignition' for CMake module files
[21.480s] Level 1:colcon.colcon_core.environment:checking '/home/shubhambackup/void-slam-toolbox/install/dolly_ignition' for CMake config files
[21.481s] Level 1:colcon.colcon_core.shell:create_environment_hook('dolly_ignition', 'cmake_prefix_path')
[21.484s] INFO:colcon.colcon_core.shell:Creating environment hook '/home/shubhambackup/void-slam-toolbox/install/dolly_ignition/share/dolly_ignition/hook/cmake_prefix_path.ps1'
[21.486s] DEBUG:colcon.colcon_core.event_handler.log_command:Invoked command in '/home/shubhambackup/void-slam-toolbox/build/dolly_ignition' returned '0': AMENT_PREFIX_PATH=/home/shubhambackup/void-slam-toolbox/install/dolly_follow:${AMENT_PREFIX_PATH} CMAKE_PREFIX_PATH=/home/shubhambackup/void-slam-toolbox/install/dolly_follow:/opt/ros/foxy /usr/bin/cmake --install /home/shubhambackup/void-slam-toolbox/build/dolly_ignition
[21.486s] INFO:colcon.colcon_core.shell:Creating environment descriptor '/home/shubhambackup/void-slam-toolbox/install/dolly_ignition/share/dolly_ignition/hook/cmake_prefix_path.dsv'
[21.488s] INFO:colcon.colcon_core.shell:Creating environment hook '/home/shubhambackup/void-slam-toolbox/install/dolly_ignition/share/dolly_ignition/hook/cmake_prefix_path.sh'
[21.488s] Level 1:colcon.colcon_core.environment:checking '/home/shubhambackup/void-slam-toolbox/install/dolly_ignition/bin'
[21.489s] Level 1:colcon.colcon_core.environment:checking '/home/shubhambackup/void-slam-toolbox/install/dolly_ignition/lib/pkgconfig/dolly_ignition.pc'
[21.489s] Level 1:colcon.colcon_core.environment:checking '/home/shubhambackup/void-slam-toolbox/install/dolly_ignition/lib/python3.8/site-packages'
[21.489s] Level 1:colcon.colcon_core.environment:checking '/home/shubhambackup/void-slam-toolbox/install/dolly_ignition/bin'
[21.491s] INFO:colcon.colcon_core.shell:Creating package script '/home/shubhambackup/void-slam-toolbox/install/dolly_ignition/share/dolly_ignition/package.ps1'
[21.492s] INFO:colcon.colcon_core.shell:Creating package descriptor '/home/shubhambackup/void-slam-toolbox/install/dolly_ignition/share/dolly_ignition/package.dsv'
[21.492s] INFO:colcon.colcon_core.shell:Creating package script '/home/shubhambackup/void-slam-toolbox/install/dolly_ignition/share/dolly_ignition/package.sh'
[21.493s] INFO:colcon.colcon_core.shell:Creating package script '/home/shubhambackup/void-slam-toolbox/install/dolly_ignition/share/dolly_ignition/package.bash'
[21.493s] INFO:colcon.colcon_core.shell:Creating package script '/home/shubhambackup/void-slam-toolbox/install/dolly_ignition/share/dolly_ignition/package.zsh'
[21.493s] Level 1:colcon.colcon_core.environment:create_file_with_runtime_dependencies(/home/shubhambackup/void-slam-toolbox/install/dolly_ignition/share/colcon-core/packages/dolly_ignition)
[21.540s] Level 1:colcon.colcon_core.environment:create_environment_scripts_only(dolly_ignition)
[21.543s] Level 1:colcon.colcon_core.environment:checking '/home/shubhambackup/void-slam-toolbox/install/dolly_ignition' for CMake module files
[21.544s] Level 1:colcon.colcon_core.environment:checking '/home/shubhambackup/void-slam-toolbox/install/dolly_ignition' for CMake config files
[21.547s] Level 1:colcon.colcon_core.shell:create_environment_hook('dolly_ignition', 'cmake_prefix_path')
[21.550s] INFO:colcon.colcon_core.shell:Creating environment hook '/home/shubhambackup/void-slam-toolbox/install/dolly_ignition/share/dolly_ignition/hook/cmake_prefix_path.ps1'
[21.552s] INFO:colcon.colcon_core.shell:Creating environment descriptor '/home/shubhambackup/void-slam-toolbox/install/dolly_ignition/share/dolly_ignition/hook/cmake_prefix_path.dsv'
[21.552s] INFO:colcon.colcon_core.shell:Creating environment hook '/home/shubhambackup/void-slam-toolbox/install/dolly_ignition/share/dolly_ignition/hook/cmake_prefix_path.sh'
[21.553s] Level 1:colcon.colcon_core.environment:checking '/home/shubhambackup/void-slam-toolbox/install/dolly_ignition/bin'
[21.553s] Level 1:colcon.colcon_core.environment:checking '/home/shubhambackup/void-slam-toolbox/install/dolly_ignition/lib/pkgconfig/dolly_ignition.pc'
[21.554s] Level 1:colcon.colcon_core.environment:checking '/home/shubhambackup/void-slam-toolbox/install/dolly_ignition/lib/python3.8/site-packages'
[21.554s] Level 1:colcon.colcon_core.environment:checking '/home/shubhambackup/void-slam-toolbox/install/dolly_ignition/bin'
[21.556s] INFO:colcon.colcon_core.shell:Creating package script '/home/shubhambackup/void-slam-toolbox/install/dolly_ignition/share/dolly_ignition/package.ps1'
[21.557s] INFO:colcon.colcon_core.shell:Creating package descriptor '/home/shubhambackup/void-slam-toolbox/install/dolly_ignition/share/dolly_ignition/package.dsv'
[21.557s] INFO:colcon.colcon_core.shell:Creating package script '/home/shubhambackup/void-slam-toolbox/install/dolly_ignition/share/dolly_ignition/package.sh'
[21.558s] INFO:colcon.colcon_core.shell:Creating package script '/home/shubhambackup/void-slam-toolbox/install/dolly_ignition/share/dolly_ignition/package.bash'
[21.559s] INFO:colcon.colcon_core.shell:Creating package script '/home/shubhambackup/void-slam-toolbox/install/dolly_ignition/share/dolly_ignition/package.zsh'
[21.559s] Level 1:colcon.colcon_core.environment:create_file_with_runtime_dependencies(/home/shubhambackup/void-slam-toolbox/install/dolly_ignition/share/colcon-core/packages/dolly_ignition)
[21.819s] Level 1:colcon.colcon_core.environment:create_environment_scripts_only(dolly_gazebo)
[21.823s] Level 1:colcon.colcon_core.environment:checking '/home/shubhambackup/void-slam-toolbox/install/dolly_gazebo' for CMake module files
[21.824s] DEBUG:colcon.colcon_core.event_handler.log_command:Invoked command in '/home/shubhambackup/void-slam-toolbox/build/dolly_gazebo' returned '0': AMENT_PREFIX_PATH=/home/shubhambackup/void-slam-toolbox/install/dolly_follow:${AMENT_PREFIX_PATH} CMAKE_PREFIX_PATH=/home/shubhambackup/void-slam-toolbox/install/dolly_follow:/opt/ros/foxy /usr/bin/cmake --install /home/shubhambackup/void-slam-toolbox/build/dolly_gazebo
[21.825s] Level 1:colcon.colcon_core.environment:checking '/home/shubhambackup/void-slam-toolbox/install/dolly_gazebo' for CMake config files
[21.826s] Level 1:colcon.colcon_core.shell:create_environment_hook('dolly_gazebo', 'cmake_prefix_path')
[21.829s] INFO:colcon.colcon_core.shell:Creating environment hook '/home/shubhambackup/void-slam-toolbox/install/dolly_gazebo/share/dolly_gazebo/hook/cmake_prefix_path.ps1'
[21.831s] INFO:colcon.colcon_core.shell:Creating environment descriptor '/home/shubhambackup/void-slam-toolbox/install/dolly_gazebo/share/dolly_gazebo/hook/cmake_prefix_path.dsv'
[21.831s] INFO:colcon.colcon_core.shell:Creating environment hook '/home/shubhambackup/void-slam-toolbox/install/dolly_gazebo/share/dolly_gazebo/hook/cmake_prefix_path.sh'
[21.832s] Level 1:colcon.colcon_core.environment:checking '/home/shubhambackup/void-slam-toolbox/install/dolly_gazebo/bin'
[21.832s] Level 1:colcon.colcon_core.environment:checking '/home/shubhambackup/void-slam-toolbox/install/dolly_gazebo/lib/pkgconfig/dolly_gazebo.pc'
[21.833s] Level 1:colcon.colcon_core.environment:checking '/home/shubhambackup/void-slam-toolbox/install/dolly_gazebo/lib/python3.8/site-packages'
[21.833s] Level 1:colcon.colcon_core.environment:checking '/home/shubhambackup/void-slam-toolbox/install/dolly_gazebo/bin'
[21.835s] INFO:colcon.colcon_core.shell:Creating package script '/home/shubhambackup/void-slam-toolbox/install/dolly_gazebo/share/dolly_gazebo/package.ps1'
[21.836s] INFO:colcon.colcon_core.shell:Creating package descriptor '/home/shubhambackup/void-slam-toolbox/install/dolly_gazebo/share/dolly_gazebo/package.dsv'
[21.836s] INFO:colcon.colcon_core.shell:Creating package script '/home/shubhambackup/void-slam-toolbox/install/dolly_gazebo/share/dolly_gazebo/package.sh'
[21.837s] INFO:colcon.colcon_core.shell:Creating package script '/home/shubhambackup/void-slam-toolbox/install/dolly_gazebo/share/dolly_gazebo/package.bash'
[21.837s] INFO:colcon.colcon_core.shell:Creating package script '/home/shubhambackup/void-slam-toolbox/install/dolly_gazebo/share/dolly_gazebo/package.zsh'
[21.837s] Level 1:colcon.colcon_core.environment:create_file_with_runtime_dependencies(/home/shubhambackup/void-slam-toolbox/install/dolly_gazebo/share/colcon-core/packages/dolly_gazebo)
[21.887s] Level 1:colcon.colcon_core.environment:create_environment_scripts_only(dolly_gazebo)
[21.891s] Level 1:colcon.colcon_core.environment:checking '/home/shubhambackup/void-slam-toolbox/install/dolly_gazebo' for CMake module files
[21.892s] Level 1:colcon.colcon_core.environment:checking '/home/shubhambackup/void-slam-toolbox/install/dolly_gazebo' for CMake config files
[21.893s] Level 1:colcon.colcon_core.shell:create_environment_hook('dolly_gazebo', 'cmake_prefix_path')
[21.898s] INFO:colcon.colcon_core.shell:Creating environment hook '/home/shubhambackup/void-slam-toolbox/install/dolly_gazebo/share/dolly_gazebo/hook/cmake_prefix_path.ps1'
[21.900s] INFO:colcon.colcon_core.shell:Creating environment descriptor '/home/shubhambackup/void-slam-toolbox/install/dolly_gazebo/share/dolly_gazebo/hook/cmake_prefix_path.dsv'
[21.900s] INFO:colcon.colcon_core.shell:Creating environment hook '/home/shubhambackup/void-slam-toolbox/install/dolly_gazebo/share/dolly_gazebo/hook/cmake_prefix_path.sh'
[21.901s] Level 1:colcon.colcon_core.environment:checking '/home/shubhambackup/void-slam-toolbox/install/dolly_gazebo/bin'
[21.901s] Level 1:colcon.colcon_core.environment:checking '/home/shubhambackup/void-slam-toolbox/install/dolly_gazebo/lib/pkgconfig/dolly_gazebo.pc'
[21.902s] Level 1:colcon.colcon_core.environment:checking '/home/shubhambackup/void-slam-toolbox/install/dolly_gazebo/lib/python3.8/site-packages'
[21.902s] Level 1:colcon.colcon_core.environment:checking '/home/shubhambackup/void-slam-toolbox/install/dolly_gazebo/bin'
[21.906s] INFO:colcon.colcon_core.shell:Creating package script '/home/shubhambackup/void-slam-toolbox/install/dolly_gazebo/share/dolly_gazebo/package.ps1'
[21.908s] INFO:colcon.colcon_core.shell:Creating package descriptor '/home/shubhambackup/void-slam-toolbox/install/dolly_gazebo/share/dolly_gazebo/package.dsv'
[21.909s] INFO:colcon.colcon_core.shell:Creating package script '/home/shubhambackup/void-slam-toolbox/install/dolly_gazebo/share/dolly_gazebo/package.sh'
[21.909s] INFO:colcon.colcon_core.shell:Creating package script '/home/shubhambackup/void-slam-toolbox/install/dolly_gazebo/share/dolly_gazebo/package.bash'
[21.910s] INFO:colcon.colcon_core.shell:Creating package script '/home/shubhambackup/void-slam-toolbox/install/dolly_gazebo/share/dolly_gazebo/package.zsh'
[21.911s] Level 1:colcon.colcon_core.environment:create_file_with_runtime_dependencies(/home/shubhambackup/void-slam-toolbox/install/dolly_gazebo/share/colcon-core/packages/dolly_gazebo)
[21.913s] INFO:colcon.colcon_ros.task.ament_cmake.build:Building ROS package in '/home/shubhambackup/void-slam-toolbox/src/dolly/dolly' with build type 'ament_cmake'
[21.914s] INFO:colcon.colcon_cmake.task.cmake.build:Building CMake package in '/home/shubhambackup/void-slam-toolbox/src/dolly/dolly'
[21.916s] INFO:colcon.colcon_core.shell:Skip shell extension 'powershell' for command environment: Not usable outside of PowerShell
[21.916s] DEBUG:colcon.colcon_core.shell:Skip shell extension 'dsv' for command environment
[21.934s] DEBUG:colcon.colcon_core.event_handler.log_command:Invoking command in '/home/shubhambackup/void-slam-toolbox/build/dolly': AMENT_PREFIX_PATH=/home/shubhambackup/void-slam-toolbox/install/dolly_ignition:/home/shubhambackup/void-slam-toolbox/install/dolly_gazebo:/home/shubhambackup/void-slam-toolbox/install/dolly_follow:${AMENT_PREFIX_PATH} CMAKE_PREFIX_PATH=/home/shubhambackup/void-slam-toolbox/install/dolly_ignition:/home/shubhambackup/void-slam-toolbox/install/dolly_gazebo:/home/shubhambackup/void-slam-toolbox/install/dolly_follow:/opt/ros/foxy GAZEBO_MODEL_PATH=/home/shubhambackup/void-slam-toolbox/install/dolly_gazebo/share/dolly_gazebo/models:${GAZEBO_MODEL_PATH} GAZEBO_RESOURCE_PATH=/home/shubhambackup/void-slam-toolbox/install/dolly_gazebo/share/dolly_gazebo/worlds IGN_FILE_PATH=/home/shubhambackup/void-slam-toolbox/install/dolly_ignition/share/dolly_ignition/worlds:/home/shubhambackup/void-slam-toolbox/install/dolly_ignition/share/dolly_ignition/models IGN_GAZEBO_RESOURCE_PATH=/home/shubhambackup/void-slam-toolbox/install/dolly_ignition/share/dolly_ignition/worlds:/home/shubhambackup/void-slam-toolbox/install/dolly_ignition/share/dolly_ignition/models MESA_GL_VERSION_OVERRIDE=3.3 SDF_PATH=/home/shubhambackup/void-slam-toolbox/install/dolly_ignition/share/dolly_ignition/worlds:/home/shubhambackup/void-slam-toolbox/install/dolly_ignition/share/dolly_ignition/models /usr/bin/cmake /home/shubhambackup/void-slam-toolbox/src/dolly/dolly -DAMENT_CMAKE_SYMLINK_INSTALL=1 -DCMAKE_INSTALL_PREFIX=/home/shubhambackup/void-slam-toolbox/install/dolly
[23.184s] DEBUG:colcon.colcon_core.event_handler.log_command:Invoked command in '/home/shubhambackup/void-slam-toolbox/build/dolly' returned '0': AMENT_PREFIX_PATH=/home/shubhambackup/void-slam-toolbox/install/dolly_ignition:/home/shubhambackup/void-slam-toolbox/install/dolly_gazebo:/home/shubhambackup/void-slam-toolbox/install/dolly_follow:${AMENT_PREFIX_PATH} CMAKE_PREFIX_PATH=/home/shubhambackup/void-slam-toolbox/install/dolly_ignition:/home/shubhambackup/void-slam-toolbox/install/dolly_gazebo:/home/shubhambackup/void-slam-toolbox/install/dolly_follow:/opt/ros/foxy GAZEBO_MODEL_PATH=/home/shubhambackup/void-slam-toolbox/install/dolly_gazebo/share/dolly_gazebo/models:${GAZEBO_MODEL_PATH} GAZEBO_RESOURCE_PATH=/home/shubhambackup/void-slam-toolbox/install/dolly_gazebo/share/dolly_gazebo/worlds IGN_FILE_PATH=/home/shubhambackup/void-slam-toolbox/install/dolly_ignition/share/dolly_ignition/worlds:/home/shubhambackup/void-slam-toolbox/install/dolly_ignition/share/dolly_ignition/models IGN_GAZEBO_RESOURCE_PATH=/home/shubhambackup/void-slam-toolbox/install/dolly_ignition/share/dolly_ignition/worlds:/home/shubhambackup/void-slam-toolbox/install/dolly_ignition/share/dolly_ignition/models MESA_GL_VERSION_OVERRIDE=3.3 SDF_PATH=/home/shubhambackup/void-slam-toolbox/install/dolly_ignition/share/dolly_ignition/worlds:/home/shubhambackup/void-slam-toolbox/install/dolly_ignition/share/dolly_ignition/models /usr/bin/cmake /home/shubhambackup/void-slam-toolbox/src/dolly/dolly -DAMENT_CMAKE_SYMLINK_INSTALL=1 -DCMAKE_INSTALL_PREFIX=/home/shubhambackup/void-slam-toolbox/install/dolly
[23.189s] DEBUG:colcon.colcon_core.event_handler.log_command:Invoking command in '/home/shubhambackup/void-slam-toolbox/build/dolly': AMENT_PREFIX_PATH=/home/shubhambackup/void-slam-toolbox/install/dolly_ignition:/home/shubhambackup/void-slam-toolbox/install/dolly_gazebo:/home/shubhambackup/void-slam-toolbox/install/dolly_follow:${AMENT_PREFIX_PATH} CMAKE_PREFIX_PATH=/home/shubhambackup/void-slam-toolbox/install/dolly_ignition:/home/shubhambackup/void-slam-toolbox/install/dolly_gazebo:/home/shubhambackup/void-slam-toolbox/install/dolly_follow:/opt/ros/foxy GAZEBO_MODEL_PATH=/home/shubhambackup/void-slam-toolbox/install/dolly_gazebo/share/dolly_gazebo/models:${GAZEBO_MODEL_PATH} GAZEBO_RESOURCE_PATH=/home/shubhambackup/void-slam-toolbox/install/dolly_gazebo/share/dolly_gazebo/worlds IGN_FILE_PATH=/home/shubhambackup/void-slam-toolbox/install/dolly_ignition/share/dolly_ignition/worlds:/home/shubhambackup/void-slam-toolbox/install/dolly_ignition/share/dolly_ignition/models IGN_GAZEBO_RESOURCE_PATH=/home/shubhambackup/void-slam-toolbox/install/dolly_ignition/share/dolly_ignition/worlds:/home/shubhambackup/void-slam-toolbox/install/dolly_ignition/share/dolly_ignition/models MESA_GL_VERSION_OVERRIDE=3.3 SDF_PATH=/home/shubhambackup/void-slam-toolbox/install/dolly_ignition/share/dolly_ignition/worlds:/home/shubhambackup/void-slam-toolbox/install/dolly_ignition/share/dolly_ignition/models /usr/bin/cmake --build /home/shubhambackup/void-slam-toolbox/build/dolly -- -j4 -l4
[23.259s] DEBUG:colcon.colcon_core.event_handler.log_command:Invoked command in '/home/shubhambackup/void-slam-toolbox/build/dolly' returned '0': AMENT_PREFIX_PATH=/home/shubhambackup/void-slam-toolbox/install/dolly_ignition:/home/shubhambackup/void-slam-toolbox/install/dolly_gazebo:/home/shubhambackup/void-slam-toolbox/install/dolly_follow:${AMENT_PREFIX_PATH} CMAKE_PREFIX_PATH=/home/shubhambackup/void-slam-toolbox/install/dolly_ignition:/home/shubhambackup/void-slam-toolbox/install/dolly_gazebo:/home/shubhambackup/void-slam-toolbox/install/dolly_follow:/opt/ros/foxy GAZEBO_MODEL_PATH=/home/shubhambackup/void-slam-toolbox/install/dolly_gazebo/share/dolly_gazebo/models:${GAZEBO_MODEL_PATH} GAZEBO_RESOURCE_PATH=/home/shubhambackup/void-slam-toolbox/install/dolly_gazebo/share/dolly_gazebo/worlds IGN_FILE_PATH=/home/shubhambackup/void-slam-toolbox/install/dolly_ignition/share/dolly_ignition/worlds:/home/shubhambackup/void-slam-toolbox/install/dolly_ignition/share/dolly_ignition/models IGN_GAZEBO_RESOURCE_PATH=/home/shubhambackup/void-slam-toolbox/install/dolly_ignition/share/dolly_ignition/worlds:/home/shubhambackup/void-slam-toolbox/install/dolly_ignition/share/dolly_ignition/models MESA_GL_VERSION_OVERRIDE=3.3 SDF_PATH=/home/shubhambackup/void-slam-toolbox/install/dolly_ignition/share/dolly_ignition/worlds:/home/shubhambackup/void-slam-toolbox/install/dolly_ignition/share/dolly_ignition/models /usr/bin/cmake --build /home/shubhambackup/void-slam-toolbox/build/dolly -- -j4 -l4
[23.307s] DEBUG:colcon.colcon_core.event_handler.log_command:Invoking command in '/home/shubhambackup/void-slam-toolbox/build/dolly': AMENT_PREFIX_PATH=/home/shubhambackup/void-slam-toolbox/install/dolly_ignition:/home/shubhambackup/void-slam-toolbox/install/dolly_gazebo:/home/shubhambackup/void-slam-toolbox/install/dolly_follow:${AMENT_PREFIX_PATH} CMAKE_PREFIX_PATH=/home/shubhambackup/void-slam-toolbox/install/dolly_ignition:/home/shubhambackup/void-slam-toolbox/install/dolly_gazebo:/home/shubhambackup/void-slam-toolbox/install/dolly_follow:/opt/ros/foxy GAZEBO_MODEL_PATH=/home/shubhambackup/void-slam-toolbox/install/dolly_gazebo/share/dolly_gazebo/models:${GAZEBO_MODEL_PATH} GAZEBO_RESOURCE_PATH=/home/shubhambackup/void-slam-toolbox/install/dolly_gazebo/share/dolly_gazebo/worlds IGN_FILE_PATH=/home/shubhambackup/void-slam-toolbox/install/dolly_ignition/share/dolly_ignition/worlds:/home/shubhambackup/void-slam-toolbox/install/dolly_ignition/share/dolly_ignition/models IGN_GAZEBO_RESOURCE_PATH=/home/shubhambackup/void-slam-toolbox/install/dolly_ignition/share/dolly_ignition/worlds:/home/shubhambackup/void-slam-toolbox/install/dolly_ignition/share/dolly_ignition/models MESA_GL_VERSION_OVERRIDE=3.3 SDF_PATH=/home/shubhambackup/void-slam-toolbox/install/dolly_ignition/share/dolly_ignition/worlds:/home/shubhambackup/void-slam-toolbox/install/dolly_ignition/share/dolly_ignition/models /usr/bin/cmake --install /home/shubhambackup/void-slam-toolbox/build/dolly
[23.577s] Level 1:colcon.colcon_core.environment:create_environment_scripts_only(dolly)
[23.578s] DEBUG:colcon.colcon_core.event_handler.log_command:Invoked command in '/home/shubhambackup/void-slam-toolbox/build/dolly' returned '0': AMENT_PREFIX_PATH=/home/shubhambackup/void-slam-toolbox/install/dolly_ignition:/home/shubhambackup/void-slam-toolbox/install/dolly_gazebo:/home/shubhambackup/void-slam-toolbox/install/dolly_follow:${AMENT_PREFIX_PATH} CMAKE_PREFIX_PATH=/home/shubhambackup/void-slam-toolbox/install/dolly_ignition:/home/shubhambackup/void-slam-toolbox/install/dolly_gazebo:/home/shubhambackup/void-slam-toolbox/install/dolly_follow:/opt/ros/foxy GAZEBO_MODEL_PATH=/home/shubhambackup/void-slam-toolbox/install/dolly_gazebo/share/dolly_gazebo/models:${GAZEBO_MODEL_PATH} GAZEBO_RESOURCE_PATH=/home/shubhambackup/void-slam-toolbox/install/dolly_gazebo/share/dolly_gazebo/worlds IGN_FILE_PATH=/home/shubhambackup/void-slam-toolbox/install/dolly_ignition/share/dolly_ignition/worlds:/home/shubhambackup/void-slam-toolbox/install/dolly_ignition/share/dolly_ignition/models IGN_GAZEBO_RESOURCE_PATH=/home/shubhambackup/void-slam-toolbox/install/dolly_ignition/share/dolly_ignition/worlds:/home/shubhambackup/void-slam-toolbox/install/dolly_ignition/share/dolly_ignition/models MESA_GL_VERSION_OVERRIDE=3.3 SDF_PATH=/home/shubhambackup/void-slam-toolbox/install/dolly_ignition/share/dolly_ignition/worlds:/home/shubhambackup/void-slam-toolbox/install/dolly_ignition/share/dolly_ignition/models /usr/bin/cmake --install /home/shubhambackup/void-slam-toolbox/build/dolly
[23.584s] Level 1:colcon.colcon_core.environment:checking '/home/shubhambackup/void-slam-toolbox/install/dolly' for CMake module files
[23.585s] Level 1:colcon.colcon_core.environment:checking '/home/shubhambackup/void-slam-toolbox/install/dolly' for CMake config files
[23.585s] Level 1:colcon.colcon_core.shell:create_environment_hook('dolly', 'cmake_prefix_path')
[23.588s] INFO:colcon.colcon_core.shell:Creating environment hook '/home/shubhambackup/void-slam-toolbox/install/dolly/share/dolly/hook/cmake_prefix_path.ps1'
[23.588s] INFO:colcon.colcon_core.shell:Creating environment descriptor '/home/shubhambackup/void-slam-toolbox/install/dolly/share/dolly/hook/cmake_prefix_path.dsv'
[23.589s] INFO:colcon.colcon_core.shell:Creating environment hook '/home/shubhambackup/void-slam-toolbox/install/dolly/share/dolly/hook/cmake_prefix_path.sh'
[23.590s] Level 1:colcon.colcon_core.environment:checking '/home/shubhambackup/void-slam-toolbox/install/dolly/bin'
[23.590s] Level 1:colcon.colcon_core.environment:checking '/home/shubhambackup/void-slam-toolbox/install/dolly/lib/pkgconfig/dolly.pc'
[23.590s] Level 1:colcon.colcon_core.environment:checking '/home/shubhambackup/void-slam-toolbox/install/dolly/lib/python3.8/site-packages'
[23.590s] Level 1:colcon.colcon_core.environment:checking '/home/shubhambackup/void-slam-toolbox/install/dolly/bin'
[23.592s] INFO:colcon.colcon_core.shell:Creating package script '/home/shubhambackup/void-slam-toolbox/install/dolly/share/dolly/package.ps1'
[23.593s] INFO:colcon.colcon_core.shell:Creating package descriptor '/home/shubhambackup/void-slam-toolbox/install/dolly/share/dolly/package.dsv'
[23.594s] INFO:colcon.colcon_core.shell:Creating package script '/home/shubhambackup/void-slam-toolbox/install/dolly/share/dolly/package.sh'
[23.595s] INFO:colcon.colcon_core.shell:Creating package script '/home/shubhambackup/void-slam-toolbox/install/dolly/share/dolly/package.bash'
[23.595s] INFO:colcon.colcon_core.shell:Creating package script '/home/shubhambackup/void-slam-toolbox/install/dolly/share/dolly/package.zsh'
[23.596s] Level 1:colcon.colcon_core.environment:create_file_with_runtime_dependencies(/home/shubhambackup/void-slam-toolbox/install/dolly/share/colcon-core/packages/dolly)
[23.637s] Level 1:colcon.colcon_core.environment:create_environment_scripts_only(dolly)
[23.640s] Level 1:colcon.colcon_core.environment:checking '/home/shubhambackup/void-slam-toolbox/install/dolly' for CMake module files
[23.641s] Level 1:colcon.colcon_core.environment:checking '/home/shubhambackup/void-slam-toolbox/install/dolly' for CMake config files
[23.642s] Level 1:colcon.colcon_core.shell:create_environment_hook('dolly', 'cmake_prefix_path')
[23.644s] INFO:colcon.colcon_core.shell:Creating environment hook '/home/shubhambackup/void-slam-toolbox/install/dolly/share/dolly/hook/cmake_prefix_path.ps1'
[23.645s] INFO:colcon.colcon_core.shell:Creating environment descriptor '/home/shubhambackup/void-slam-toolbox/install/dolly/share/dolly/hook/cmake_prefix_path.dsv'
[23.646s] INFO:colcon.colcon_core.shell:Creating environment hook '/home/shubhambackup/void-slam-toolbox/install/dolly/share/dolly/hook/cmake_prefix_path.sh'
[23.647s] Level 1:colcon.colcon_core.environment:checking '/home/shubhambackup/void-slam-toolbox/install/dolly/bin'
[23.647s] Level 1:colcon.colcon_core.environment:checking '/home/shubhambackup/void-slam-toolbox/install/dolly/lib/pkgconfig/dolly.pc'
[23.647s] Level 1:colcon.colcon_core.environment:checking '/home/shubhambackup/void-slam-toolbox/install/dolly/lib/python3.8/site-packages'
[23.647s] Level 1:colcon.colcon_core.environment:checking '/home/shubhambackup/void-slam-toolbox/install/dolly/bin'
[23.651s] INFO:colcon.colcon_core.shell:Creating package script '/home/shubhambackup/void-slam-toolbox/install/dolly/share/dolly/package.ps1'
[23.653s] INFO:colcon.colcon_core.shell:Creating package descriptor '/home/shubhambackup/void-slam-toolbox/install/dolly/share/dolly/package.dsv'
[23.654s] INFO:colcon.colcon_core.shell:Creating package script '/home/shubhambackup/void-slam-toolbox/install/dolly/share/dolly/package.sh'
[23.655s] INFO:colcon.colcon_core.shell:Creating package script '/home/shubhambackup/void-slam-toolbox/install/dolly/share/dolly/package.bash'
[23.656s] INFO:colcon.colcon_core.shell:Creating package script '/home/shubhambackup/void-slam-toolbox/install/dolly/share/dolly/package.zsh'
[23.658s] Level 1:colcon.colcon_core.environment:create_file_with_runtime_dependencies(/home/shubhambackup/void-slam-toolbox/install/dolly/share/colcon-core/packages/dolly)
[23.659s] DEBUG:colcon.colcon_parallel_executor.executor.parallel:closing loop
[23.659s] DEBUG:colcon.colcon_parallel_executor.executor.parallel:loop closed
[23.659s] DEBUG:colcon.colcon_parallel_executor.executor.parallel:run_until_complete finished with '0'
[23.660s] DEBUG:colcon.colcon_core.event_reactor:joining thread
[23.675s] INFO:colcon.colcon_core.plugin_system:Skipping extension 'colcon_notification.desktop_notification.terminal_notifier': Not used on non-Darwin systems
[23.675s] INFO:colcon.colcon_core.plugin_system:Skipping extension 'colcon_notification.desktop_notification.win32': Not used on non-Windows systems
[23.675s] INFO:colcon.colcon_notification.desktop_notification:Sending desktop notification using 'notify2'
[23.709s] DEBUG:colcon.colcon_core.event_reactor:joined thread
[23.712s] INFO:colcon.colcon_core.shell:Creating prefix script '/home/shubhambackup/void-slam-toolbox/install/local_setup.ps1'
[23.714s] INFO:colcon.colcon_core.shell:Creating prefix util module '/home/shubhambackup/void-slam-toolbox/install/_local_setup_util_ps1.py'
[23.717s] INFO:colcon.colcon_core.shell:Creating prefix chain script '/home/shubhambackup/void-slam-toolbox/install/setup.ps1'
[23.720s] INFO:colcon.colcon_core.shell:Creating prefix script '/home/shubhambackup/void-slam-toolbox/install/local_setup.sh'
[23.721s] INFO:colcon.colcon_core.shell:Creating prefix util module '/home/shubhambackup/void-slam-toolbox/install/_local_setup_util_sh.py'
[23.721s] INFO:colcon.colcon_core.shell:Creating prefix chain script '/home/shubhambackup/void-slam-toolbox/install/setup.sh'
[23.725s] INFO:colcon.colcon_core.shell:Creating prefix script '/home/shubhambackup/void-slam-toolbox/install/local_setup.bash'
[23.727s] INFO:colcon.colcon_core.shell:Creating prefix chain script '/home/shubhambackup/void-slam-toolbox/install/setup.bash'
[23.731s] INFO:colcon.colcon_core.shell:Creating prefix script '/home/shubhambackup/void-slam-toolbox/install/local_setup.zsh'
[23.733s] INFO:colcon.colcon_core.shell:Creating prefix chain script '/home/shubhambackup/void-slam-toolbox/install/setup.zsh'
