[0.029s] Invoking command in '/home/shubhambackup/void-slam-toolbox/build/void-slam-dolly': CMAKE_PREFIX_PATH=${CMAKE_PREFIX_PATH}:/opt/ros/foxy /usr/bin/cmake --build /home/shubhambackup/void-slam-toolbox/build/void-slam-dolly -- -j4 -l4
[0.125s] [ 33%] Built target obstacle_avoidance
[0.170s] [ 66%] Built target reading_laser
[0.215s] [100%] Built target moving_robot
[0.232s] Invoked command in '/home/shubhambackup/void-slam-toolbox/build/void-slam-dolly' returned '0': CMAKE_PREFIX_PATH=${CMAKE_PREFIX_PATH}:/opt/ros/foxy /usr/bin/cmake --build /home/shubhambackup/void-slam-toolbox/build/void-slam-dolly -- -j4 -l4
[0.298s] Invoking command in '/home/shubhambackup/void-slam-toolbox/build/void-slam-dolly': CMAKE_PREFIX_PATH=${CMAKE_PREFIX_PATH}:/opt/ros/foxy /usr/bin/cmake --install /home/shubhambackup/void-slam-toolbox/build/void-slam-dolly
[0.309s] -- Install configuration: ""
[0.310s] -- Execute custom install script
[0.311s] -- Up-to-date symlink: /home/shubhambackup/void-slam-toolbox/install/void-slam-dolly/share/void-slam-dolly//launch/dolly_launch.py
[0.311s] -- Up-to-date symlink: /home/shubhambackup/void-slam-toolbox/install/void-slam-dolly/share/void-slam-dolly//launch/obstacle_avoidance.launch.py
[0.311s] -- Up-to-date symlink: /home/shubhambackup/void-slam-toolbox/install/void-slam-dolly/share/void-slam-dolly//launch/online_async_launch.py
[0.312s] -- Up-to-date symlink: /home/shubhambackup/void-slam-toolbox/install/void-slam-dolly/share/void-slam-dolly//launch/reading_laser_launch.py
[0.312s] -- Up-to-date symlink: /home/shubhambackup/void-slam-toolbox/install/void-slam-dolly/lib/void-slam-dolly//reading_laser
[0.313s] -- Up-to-date symlink: /home/shubhambackup/void-slam-toolbox/install/void-slam-dolly/lib/void-slam-dolly//moving_robot
[0.313s] -- Up-to-date symlink: /home/shubhambackup/void-slam-toolbox/install/void-slam-dolly/lib/void-slam-dolly//obstacle_avoidance
[0.313s] -- Up-to-date symlink: /home/shubhambackup/void-slam-toolbox/install/void-slam-dolly/share/ament_index/resource_index/package_run_dependencies/void-slam-dolly
[0.314s] -- Up-to-date symlink: /home/shubhambackup/void-slam-toolbox/install/void-slam-dolly/share/ament_index/resource_index/parent_prefix_path/void-slam-dolly
[0.314s] -- Up-to-date symlink: /home/shubhambackup/void-slam-toolbox/install/void-slam-dolly/share/void-slam-dolly/environment/ament_prefix_path.sh
[0.314s] -- Up-to-date symlink: /home/shubhambackup/void-slam-toolbox/install/void-slam-dolly/share/void-slam-dolly/environment/ament_prefix_path.dsv
[0.315s] -- Up-to-date symlink: /home/shubhambackup/void-slam-toolbox/install/void-slam-dolly/share/void-slam-dolly/environment/path.sh
[0.315s] -- Up-to-date symlink: /home/shubhambackup/void-slam-toolbox/install/void-slam-dolly/share/void-slam-dolly/environment/path.dsv
[0.315s] -- Up-to-date symlink: /home/shubhambackup/void-slam-toolbox/install/void-slam-dolly/share/void-slam-dolly/local_setup.bash
[0.315s] -- Up-to-date symlink: /home/shubhambackup/void-slam-toolbox/install/void-slam-dolly/share/void-slam-dolly/local_setup.sh
[0.316s] -- Up-to-date symlink: /home/shubhambackup/void-slam-toolbox/install/void-slam-dolly/share/void-slam-dolly/local_setup.zsh
[0.316s] -- Up-to-date symlink: /home/shubhambackup/void-slam-toolbox/install/void-slam-dolly/share/void-slam-dolly/local_setup.dsv
[0.316s] -- Symlinking: /home/shubhambackup/void-slam-toolbox/install/void-slam-dolly/share/void-slam-dolly/package.dsv
[0.330s] -- Up-to-date symlink: /home/shubhambackup/void-slam-toolbox/install/void-slam-dolly/share/ament_index/resource_index/packages/void-slam-dolly
[0.331s] -- Up-to-date symlink: /home/shubhambackup/void-slam-toolbox/install/void-slam-dolly/share/void-slam-dolly/cmake/void-slam-dollyConfig.cmake
[0.331s] -- Up-to-date symlink: /home/shubhambackup/void-slam-toolbox/install/void-slam-dolly/share/void-slam-dolly/cmake/void-slam-dollyConfig-version.cmake
[0.331s] -- Up-to-date symlink: /home/shubhambackup/void-slam-toolbox/install/void-slam-dolly/share/void-slam-dolly/package.xml
[0.334s] Invoked command in '/home/shubhambackup/void-slam-toolbox/build/void-slam-dolly' returned '0': CMAKE_PREFIX_PATH=${CMAKE_PREFIX_PATH}:/opt/ros/foxy /usr/bin/cmake --install /home/shubhambackup/void-slam-toolbox/build/void-slam-dolly
