[0.012s] Invoking command in '/home/shubhambackup/void-slam-toolbox/build/void-slam-dolly': CMAKE_PREFIX_PATH=/opt/ros/foxy /usr/bin/cmake --build /home/shubhambackup/void-slam-toolbox/build/void-slam-dolly -- -j4 -l4
[0.137s] Invoked command in '/home/shubhambackup/void-slam-toolbox/build/void-slam-dolly' returned '0': CMAKE_PREFIX_PATH=/opt/ros/foxy /usr/bin/cmake --build /home/shubhambackup/void-slam-toolbox/build/void-slam-dolly -- -j4 -l4
[0.218s] Invoking command in '/home/shubhambackup/void-slam-toolbox/build/void-slam-dolly': CMAKE_PREFIX_PATH=/opt/ros/foxy /usr/bin/cmake --install /home/shubhambackup/void-slam-toolbox/build/void-slam-dolly
[0.233s] -- Install configuration: ""
[0.234s] -- Execute custom install script
[0.235s] -- Up-to-date symlink: /home/shubhambackup/void-slam-toolbox/install/void-slam-dolly/share/void-slam-dolly//launch/dolly_launch.py
[0.236s] -- Up-to-date symlink: /home/shubhambackup/void-slam-toolbox/install/void-slam-dolly/share/ament_index/resource_index/package_run_dependencies/void-slam-dolly
[0.236s] -- Up-to-date symlink: /home/shubhambackup/void-slam-toolbox/install/void-slam-dolly/share/ament_index/resource_index/parent_prefix_path/void-slam-dolly
[0.237s] -- Up-to-date symlink: /home/shubhambackup/void-slam-toolbox/install/void-slam-dolly/share/void-slam-dolly/environment/ament_prefix_path.sh
[0.237s] -- Up-to-date symlink: /home/shubhambackup/void-slam-toolbox/install/void-slam-dolly/share/void-slam-dolly/environment/ament_prefix_path.dsv
[0.238s] -- Up-to-date symlink: /home/shubhambackup/void-slam-toolbox/install/void-slam-dolly/share/void-slam-dolly/environment/path.sh
[0.238s] -- Up-to-date symlink: /home/shubhambackup/void-slam-toolbox/install/void-slam-dolly/share/void-slam-dolly/environment/path.dsv
[0.239s] -- Up-to-date symlink: /home/shubhambackup/void-slam-toolbox/install/void-slam-dolly/share/void-slam-dolly/local_setup.bash
[0.240s] -- Up-to-date symlink: /home/shubhambackup/void-slam-toolbox/install/void-slam-dolly/share/void-slam-dolly/local_setup.sh
[0.240s] -- Up-to-date symlink: /home/shubhambackup/void-slam-toolbox/install/void-slam-dolly/share/void-slam-dolly/local_setup.zsh
[0.242s] -- Up-to-date symlink: /home/shubhambackup/void-slam-toolbox/install/void-slam-dolly/share/void-slam-dolly/local_setup.dsv
[0.243s] -- Symlinking: /home/shubhambackup/void-slam-toolbox/install/void-slam-dolly/share/void-slam-dolly/package.dsv
[0.260s] -- Up-to-date symlink: /home/shubhambackup/void-slam-toolbox/install/void-slam-dolly/share/ament_index/resource_index/packages/void-slam-dolly
[0.261s] -- Up-to-date symlink: /home/shubhambackup/void-slam-toolbox/install/void-slam-dolly/share/void-slam-dolly/cmake/void-slam-dollyConfig.cmake
[0.261s] -- Up-to-date symlink: /home/shubhambackup/void-slam-toolbox/install/void-slam-dolly/share/void-slam-dolly/cmake/void-slam-dollyConfig-version.cmake
[0.262s] -- Up-to-date symlink: /home/shubhambackup/void-slam-toolbox/install/void-slam-dolly/share/void-slam-dolly/package.xml
[0.266s] Invoked command in '/home/shubhambackup/void-slam-toolbox/build/void-slam-dolly' returned '0': CMAKE_PREFIX_PATH=/opt/ros/foxy /usr/bin/cmake --install /home/shubhambackup/void-slam-toolbox/build/void-slam-dolly
