[0.478s] DEBUG:colcon:Command line arguments: ['/usr/bin/colcon', 'build', '--symlink-install', '--packages-select', 'dolly-ign']
[0.478s] DEBUG:colcon:Parsed command line arguments: Namespace(allow_overriding=[], ament_cmake_args=None, base_paths=['.'], build_base='build', catkin_cmake_args=None, catkin_skip_building_tests=False, cmake_args=None, cmake_clean_cache=False, cmake_clean_first=False, cmake_force_configure=False, cmake_target=None, cmake_target_skip_unavailable=False, continue_on_error=False, event_handlers=None, executor='parallel', ignore_user_meta=False, install_base='install', log_base=None, log_level=None, main=<bound method BuildVerb.main of <colcon_core.verb.build.BuildVerb object at 0x7fe3402c0ac0>>, merge_install=False, metas=['./colcon.meta'], packages_above=None, packages_above_and_dependencies=None, packages_above_depth=None, packages_end=None, packages_ignore=None, packages_ignore_regex=None, packages_select=['dolly-ign'], packages_select_build_failed=False, packages_select_by_dep=None, packages_select_regex=None, packages_select_test_failures=False, packages_skip=None, packages_skip_build_finished=False, packages_skip_by_dep=None, packages_skip_regex=None, packages_skip_test_passed=False, packages_skip_up_to=None, packages_start=None, packages_up_to=None, packages_up_to_regex=None, parallel_workers=4, paths=None, symlink_install=True, test_result_base=None, verb_extension=<colcon_core.verb.build.BuildVerb object at 0x7fe3402c0ac0>, verb_name='build', verb_parser=<colcon_defaults.argument_parser.defaults.DefaultArgumentsDecorator object at 0x7fe33fafa1c0>)
[0.570s] Level 1:colcon.colcon_core.package_discovery:discover_packages(colcon_meta) check parameters
[0.570s] Level 1:colcon.colcon_core.package_discovery:discover_packages(recursive) check parameters
[0.570s] Level 1:colcon.colcon_core.package_discovery:discover_packages(ignore) check parameters
[0.570s] Level 1:colcon.colcon_core.package_discovery:discover_packages(path) check parameters
[0.570s] Level 1:colcon.colcon_core.package_discovery:discover_packages(colcon_meta) discover
[0.570s] Level 1:colcon.colcon_core.package_discovery:discover_packages(recursive) discover
[0.570s] INFO:colcon.colcon_core.package_discovery:Crawling recursively for packages in '/home/shubhambackup/void-slam-toolbox'
[0.570s] Level 1:colcon.colcon_core.package_identification:_identify(.) by extensions ['ignore', 'ignore_ament_install']
[0.570s] Level 1:colcon.colcon_core.package_identification:_identify(.) by extension 'ignore'
[0.571s] Level 1:colcon.colcon_core.package_identification:_identify(.) by extension 'ignore_ament_install'
[0.571s] Level 1:colcon.colcon_core.package_identification:_identify(.) by extensions ['colcon_pkg']
[0.571s] Level 1:colcon.colcon_core.package_identification:_identify(.) by extension 'colcon_pkg'
[0.571s] Level 1:colcon.colcon_core.package_identification:_identify(.) by extensions ['colcon_meta']
[0.571s] Level 1:colcon.colcon_core.package_identification:_identify(.) by extension 'colcon_meta'
[0.571s] Level 1:colcon.colcon_core.package_identification:_identify(.) by extensions ['ros']
[0.571s] Level 1:colcon.colcon_core.package_identification:_identify(.) by extension 'ros'
[0.592s] Level 1:colcon.colcon_core.package_identification:_identify(.) by extensions ['cmake', 'python']
[0.592s] Level 1:colcon.colcon_core.package_identification:_identify(.) by extension 'cmake'
[0.592s] Level 1:colcon.colcon_core.package_identification:_identify(.) by extension 'python'
[0.592s] Level 1:colcon.colcon_core.package_identification:_identify(.) by extensions ['python_setup_py']
[0.592s] Level 1:colcon.colcon_core.package_identification:_identify(.) by extension 'python_setup_py'
[0.592s] Level 1:colcon.colcon_core.package_identification:_identify(build) by extensions ['ignore', 'ignore_ament_install']
[0.592s] Level 1:colcon.colcon_core.package_identification:_identify(build) by extension 'ignore'
[0.593s] Level 1:colcon.colcon_core.package_identification:_identify(build) ignored
[0.593s] Level 1:colcon.colcon_core.package_identification:_identify(install) by extensions ['ignore', 'ignore_ament_install']
[0.593s] Level 1:colcon.colcon_core.package_identification:_identify(install) by extension 'ignore'
[0.593s] Level 1:colcon.colcon_core.package_identification:_identify(install) ignored
[0.593s] Level 1:colcon.colcon_core.package_identification:_identify(log) by extensions ['ignore', 'ignore_ament_install']
[0.593s] Level 1:colcon.colcon_core.package_identification:_identify(log) by extension 'ignore'
[0.593s] Level 1:colcon.colcon_core.package_identification:_identify(log) ignored
[0.594s] Level 1:colcon.colcon_core.package_identification:_identify(src) by extensions ['ignore', 'ignore_ament_install']
[0.594s] Level 1:colcon.colcon_core.package_identification:_identify(src) by extension 'ignore'
[0.594s] Level 1:colcon.colcon_core.package_identification:_identify(src) by extension 'ignore_ament_install'
[0.594s] Level 1:colcon.colcon_core.package_identification:_identify(src) by extensions ['colcon_pkg']
[0.594s] Level 1:colcon.colcon_core.package_identification:_identify(src) by extension 'colcon_pkg'
[0.595s] Level 1:colcon.colcon_core.package_identification:_identify(src) by extensions ['colcon_meta']
[0.595s] Level 1:colcon.colcon_core.package_identification:_identify(src) by extension 'colcon_meta'
[0.595s] Level 1:colcon.colcon_core.package_identification:_identify(src) by extensions ['ros']
[0.595s] Level 1:colcon.colcon_core.package_identification:_identify(src) by extension 'ros'
[0.595s] Level 1:colcon.colcon_core.package_identification:_identify(src) by extensions ['cmake', 'python']
[0.595s] Level 1:colcon.colcon_core.package_identification:_identify(src) by extension 'cmake'
[0.595s] Level 1:colcon.colcon_core.package_identification:_identify(src) by extension 'python'
[0.595s] Level 1:colcon.colcon_core.package_identification:_identify(src) by extensions ['python_setup_py']
[0.595s] Level 1:colcon.colcon_core.package_identification:_identify(src) by extension 'python_setup_py'
[0.595s] Level 1:colcon.colcon_core.package_identification:_identify(src/dolly) by extensions ['ignore', 'ignore_ament_install']
[0.595s] Level 1:colcon.colcon_core.package_identification:_identify(src/dolly) by extension 'ignore'
[0.595s] Level 1:colcon.colcon_core.package_identification:_identify(src/dolly) by extension 'ignore_ament_install'
[0.596s] Level 1:colcon.colcon_core.package_identification:_identify(src/dolly) by extensions ['colcon_pkg']
[0.596s] Level 1:colcon.colcon_core.package_identification:_identify(src/dolly) by extension 'colcon_pkg'
[0.596s] Level 1:colcon.colcon_core.package_identification:_identify(src/dolly) by extensions ['colcon_meta']
[0.596s] Level 1:colcon.colcon_core.package_identification:_identify(src/dolly) by extension 'colcon_meta'
[0.596s] Level 1:colcon.colcon_core.package_identification:_identify(src/dolly) by extensions ['ros']
[0.596s] Level 1:colcon.colcon_core.package_identification:_identify(src/dolly) by extension 'ros'
[0.596s] Level 1:colcon.colcon_core.package_identification:_identify(src/dolly) by extensions ['cmake', 'python']
[0.596s] Level 1:colcon.colcon_core.package_identification:_identify(src/dolly) by extension 'cmake'
[0.596s] Level 1:colcon.colcon_core.package_identification:_identify(src/dolly) by extension 'python'
[0.596s] Level 1:colcon.colcon_core.package_identification:_identify(src/dolly) by extensions ['python_setup_py']
[0.596s] Level 1:colcon.colcon_core.package_identification:_identify(src/dolly) by extension 'python_setup_py'
[0.596s] Level 1:colcon.colcon_core.package_identification:_identify(src/dolly/dolly) by extensions ['ignore', 'ignore_ament_install']
[0.597s] Level 1:colcon.colcon_core.package_identification:_identify(src/dolly/dolly) by extension 'ignore'
[0.597s] Level 1:colcon.colcon_core.package_identification:_identify(src/dolly/dolly) by extension 'ignore_ament_install'
[0.597s] Level 1:colcon.colcon_core.package_identification:_identify(src/dolly/dolly) by extensions ['colcon_pkg']
[0.597s] Level 1:colcon.colcon_core.package_identification:_identify(src/dolly/dolly) by extension 'colcon_pkg'
[0.597s] Level 1:colcon.colcon_core.package_identification:_identify(src/dolly/dolly) by extensions ['colcon_meta']
[0.597s] Level 1:colcon.colcon_core.package_identification:_identify(src/dolly/dolly) by extension 'colcon_meta'
[0.597s] Level 1:colcon.colcon_core.package_identification:_identify(src/dolly/dolly) by extensions ['ros']
[0.597s] Level 1:colcon.colcon_core.package_identification:_identify(src/dolly/dolly) by extension 'ros'
[0.600s] DEBUG:colcon.colcon_core.package_identification:Package 'src/dolly/dolly' with type 'ros.ament_cmake' and name 'dolly'
[0.601s] Level 1:colcon.colcon_core.package_identification:_identify(src/dolly/dolly_follow) by extensions ['ignore', 'ignore_ament_install']
[0.601s] Level 1:colcon.colcon_core.package_identification:_identify(src/dolly/dolly_follow) by extension 'ignore'
[0.601s] Level 1:colcon.colcon_core.package_identification:_identify(src/dolly/dolly_follow) by extension 'ignore_ament_install'
[0.601s] Level 1:colcon.colcon_core.package_identification:_identify(src/dolly/dolly_follow) by extensions ['colcon_pkg']
[0.601s] Level 1:colcon.colcon_core.package_identification:_identify(src/dolly/dolly_follow) by extension 'colcon_pkg'
[0.601s] Level 1:colcon.colcon_core.package_identification:_identify(src/dolly/dolly_follow) by extensions ['colcon_meta']
[0.601s] Level 1:colcon.colcon_core.package_identification:_identify(src/dolly/dolly_follow) by extension 'colcon_meta'
[0.602s] Level 1:colcon.colcon_core.package_identification:_identify(src/dolly/dolly_follow) by extensions ['ros']
[0.602s] Level 1:colcon.colcon_core.package_identification:_identify(src/dolly/dolly_follow) by extension 'ros'
[0.603s] DEBUG:colcon.colcon_core.package_identification:Package 'src/dolly/dolly_follow' with type 'ros.ament_cmake' and name 'dolly_follow'
[0.603s] Level 1:colcon.colcon_core.package_identification:_identify(src/dolly/dolly_gazebo) by extensions ['ignore', 'ignore_ament_install']
[0.603s] Level 1:colcon.colcon_core.package_identification:_identify(src/dolly/dolly_gazebo) by extension 'ignore'
[0.603s] Level 1:colcon.colcon_core.package_identification:_identify(src/dolly/dolly_gazebo) by extension 'ignore_ament_install'
[0.603s] Level 1:colcon.colcon_core.package_identification:_identify(src/dolly/dolly_gazebo) by extensions ['colcon_pkg']
[0.603s] Level 1:colcon.colcon_core.package_identification:_identify(src/dolly/dolly_gazebo) by extension 'colcon_pkg'
[0.603s] Level 1:colcon.colcon_core.package_identification:_identify(src/dolly/dolly_gazebo) by extensions ['colcon_meta']
[0.603s] Level 1:colcon.colcon_core.package_identification:_identify(src/dolly/dolly_gazebo) by extension 'colcon_meta'
[0.604s] Level 1:colcon.colcon_core.package_identification:_identify(src/dolly/dolly_gazebo) by extensions ['ros']
[0.604s] Level 1:colcon.colcon_core.package_identification:_identify(src/dolly/dolly_gazebo) by extension 'ros'
[0.604s] DEBUG:colcon.colcon_core.package_identification:Package 'src/dolly/dolly_gazebo' with type 'ros.ament_cmake' and name 'dolly_gazebo'
[0.605s] Level 1:colcon.colcon_core.package_identification:_identify(src/dolly/dolly_ignition) by extensions ['ignore', 'ignore_ament_install']
[0.605s] Level 1:colcon.colcon_core.package_identification:_identify(src/dolly/dolly_ignition) by extension 'ignore'
[0.605s] Level 1:colcon.colcon_core.package_identification:_identify(src/dolly/dolly_ignition) by extension 'ignore_ament_install'
[0.605s] Level 1:colcon.colcon_core.package_identification:_identify(src/dolly/dolly_ignition) by extensions ['colcon_pkg']
[0.605s] Level 1:colcon.colcon_core.package_identification:_identify(src/dolly/dolly_ignition) by extension 'colcon_pkg'
[0.605s] Level 1:colcon.colcon_core.package_identification:_identify(src/dolly/dolly_ignition) by extensions ['colcon_meta']
[0.605s] Level 1:colcon.colcon_core.package_identification:_identify(src/dolly/dolly_ignition) by extension 'colcon_meta'
[0.605s] Level 1:colcon.colcon_core.package_identification:_identify(src/dolly/dolly_ignition) by extensions ['ros']
[0.605s] Level 1:colcon.colcon_core.package_identification:_identify(src/dolly/dolly_ignition) by extension 'ros'
[0.606s] DEBUG:colcon.colcon_core.package_identification:Package 'src/dolly/dolly_ignition' with type 'ros.ament_cmake' and name 'dolly_ignition'
[0.607s] Level 1:colcon.colcon_core.package_identification:_identify(src/dolly/images) by extensions ['ignore', 'ignore_ament_install']
[0.607s] Level 1:colcon.colcon_core.package_identification:_identify(src/dolly/images) by extension 'ignore'
[0.607s] Level 1:colcon.colcon_core.package_identification:_identify(src/dolly/images) by extension 'ignore_ament_install'
[0.607s] Level 1:colcon.colcon_core.package_identification:_identify(src/dolly/images) by extensions ['colcon_pkg']
[0.607s] Level 1:colcon.colcon_core.package_identification:_identify(src/dolly/images) by extension 'colcon_pkg'
[0.607s] Level 1:colcon.colcon_core.package_identification:_identify(src/dolly/images) by extensions ['colcon_meta']
[0.607s] Level 1:colcon.colcon_core.package_identification:_identify(src/dolly/images) by extension 'colcon_meta'
[0.607s] Level 1:colcon.colcon_core.package_identification:_identify(src/dolly/images) by extensions ['ros']
[0.607s] Level 1:colcon.colcon_core.package_identification:_identify(src/dolly/images) by extension 'ros'
[0.607s] Level 1:colcon.colcon_core.package_identification:_identify(src/dolly/images) by extensions ['cmake', 'python']
[0.607s] Level 1:colcon.colcon_core.package_identification:_identify(src/dolly/images) by extension 'cmake'
[0.607s] Level 1:colcon.colcon_core.package_identification:_identify(src/dolly/images) by extension 'python'
[0.607s] Level 1:colcon.colcon_core.package_identification:_identify(src/dolly/images) by extensions ['python_setup_py']
[0.608s] Level 1:colcon.colcon_core.package_identification:_identify(src/dolly/images) by extension 'python_setup_py'
[0.608s] Level 1:colcon.colcon_core.package_identification:_identify(src/void-slam-dolly) by extensions ['ignore', 'ignore_ament_install']
[0.608s] Level 1:colcon.colcon_core.package_identification:_identify(src/void-slam-dolly) by extension 'ignore'
[0.608s] Level 1:colcon.colcon_core.package_identification:_identify(src/void-slam-dolly) by extension 'ignore_ament_install'
[0.608s] Level 1:colcon.colcon_core.package_identification:_identify(src/void-slam-dolly) by extensions ['colcon_pkg']
[0.608s] Level 1:colcon.colcon_core.package_identification:_identify(src/void-slam-dolly) by extension 'colcon_pkg'
[0.608s] Level 1:colcon.colcon_core.package_identification:_identify(src/void-slam-dolly) by extensions ['colcon_meta']
[0.608s] Level 1:colcon.colcon_core.package_identification:_identify(src/void-slam-dolly) by extension 'colcon_meta'
[0.608s] Level 1:colcon.colcon_core.package_identification:_identify(src/void-slam-dolly) by extensions ['ros']
[0.609s] Level 1:colcon.colcon_core.package_identification:_identify(src/void-slam-dolly) by extension 'ros'
[0.609s] DEBUG:colcon.colcon_core.package_identification:Package 'src/void-slam-dolly' with type 'ros.ament_cmake' and name 'void-slam-dolly'
[0.609s] Level 1:colcon.colcon_core.package_discovery:discover_packages(recursive) using defaults
[0.609s] Level 1:colcon.colcon_core.package_discovery:discover_packages(ignore) discover
[0.610s] Level 1:colcon.colcon_core.package_discovery:discover_packages(ignore) using defaults
[0.610s] Level 1:colcon.colcon_core.package_discovery:discover_packages(path) discover
[0.610s] Level 1:colcon.colcon_core.package_discovery:discover_packages(path) using defaults
[0.612s] WARNING:colcon.colcon_core.package_selection:ignoring unknown package 'dolly-ign' in --packages-select
[0.647s] INFO:colcon.colcon_core.package_selection:Skipping not selected package 'dolly_follow' in 'src/dolly/dolly_follow'
[0.647s] INFO:colcon.colcon_core.package_selection:Skipping not selected package 'void-slam-dolly' in 'src/void-slam-dolly'
[0.647s] INFO:colcon.colcon_core.package_selection:Skipping not selected package 'dolly_gazebo' in 'src/dolly/dolly_gazebo'
[0.647s] INFO:colcon.colcon_core.package_selection:Skipping not selected package 'dolly_ignition' in 'src/dolly/dolly_ignition'
[0.647s] INFO:colcon.colcon_core.package_selection:Skipping not selected package 'dolly' in 'src/dolly/dolly'
[0.648s] Level 1:colcon.colcon_core.package_discovery:discover_packages(prefix_path) check parameters
[0.649s] Level 1:colcon.colcon_core.package_discovery:discover_packages(prefix_path) discover
[0.653s] DEBUG:colcon.colcon_installed_package_information.package_discovery:Found 5 installed packages in /home/shubhambackup/void-slam-toolbox/install
[0.655s] DEBUG:colcon.colcon_installed_package_information.package_discovery:Found 276 installed packages in /opt/ros/foxy
[0.658s] Level 1:colcon.colcon_core.package_discovery:discover_packages(prefix_path) using defaults
[0.756s] INFO:colcon.colcon_core.executor:Executing jobs using 'parallel' executor
[0.763s] DEBUG:colcon.colcon_parallel_executor.executor.parallel:run_until_complete
[0.764s] DEBUG:colcon.colcon_parallel_executor.executor.parallel:closing loop
[0.764s] DEBUG:colcon.colcon_parallel_executor.executor.parallel:loop closed
[0.765s] DEBUG:colcon.colcon_parallel_executor.executor.parallel:run_until_complete finished with '0'
[0.765s] DEBUG:colcon.colcon_core.event_reactor:joining thread
[0.774s] INFO:colcon.colcon_core.plugin_system:Skipping extension 'colcon_notification.desktop_notification.terminal_notifier': Not used on non-Darwin systems
[0.775s] INFO:colcon.colcon_core.plugin_system:Skipping extension 'colcon_notification.desktop_notification.win32': Not used on non-Windows systems
[0.775s] INFO:colcon.colcon_notification.desktop_notification:Sending desktop notification using 'notify2'
[0.803s] DEBUG:colcon.colcon_core.event_reactor:joined thread
[0.810s] INFO:colcon.colcon_core.plugin_system:Skipping extension 'colcon_core.shell.bat': Not used on non-Windows systems
[0.811s] INFO:colcon.colcon_core.shell:Creating prefix script '/home/shubhambackup/void-slam-toolbox/install/local_setup.ps1'
[0.813s] INFO:colcon.colcon_core.shell:Creating prefix util module '/home/shubhambackup/void-slam-toolbox/install/_local_setup_util_ps1.py'
[0.815s] INFO:colcon.colcon_core.shell:Creating prefix chain script '/home/shubhambackup/void-slam-toolbox/install/setup.ps1'
[0.817s] INFO:colcon.colcon_core.shell:Creating prefix script '/home/shubhambackup/void-slam-toolbox/install/local_setup.sh'
[0.818s] INFO:colcon.colcon_core.shell:Creating prefix util module '/home/shubhambackup/void-slam-toolbox/install/_local_setup_util_sh.py'
[0.819s] INFO:colcon.colcon_core.shell:Creating prefix chain script '/home/shubhambackup/void-slam-toolbox/install/setup.sh'
[0.821s] INFO:colcon.colcon_core.shell:Creating prefix script '/home/shubhambackup/void-slam-toolbox/install/local_setup.bash'
[0.822s] INFO:colcon.colcon_core.shell:Creating prefix chain script '/home/shubhambackup/void-slam-toolbox/install/setup.bash'
[0.824s] INFO:colcon.colcon_core.shell:Creating prefix script '/home/shubhambackup/void-slam-toolbox/install/local_setup.zsh'
[0.825s] INFO:colcon.colcon_core.shell:Creating prefix chain script '/home/shubhambackup/void-slam-toolbox/install/setup.zsh'
