[0.678s] DEBUG:colcon:Command line arguments: ['/usr/bin/colcon', 'build', '--symlink-install', '--packages-select', 'void-slam-dolly']
[0.678s] DEBUG:colcon:Parsed command line arguments: Namespace(allow_overriding=[], ament_cmake_args=None, base_paths=['.'], build_base='build', catkin_cmake_args=None, catkin_skip_building_tests=False, cmake_args=None, cmake_clean_cache=False, cmake_clean_first=False, cmake_force_configure=False, cmake_target=None, cmake_target_skip_unavailable=False, continue_on_error=False, event_handlers=None, executor='parallel', ignore_user_meta=False, install_base='install', log_base=None, log_level=None, main=<bound method BuildVerb.main of <colcon_core.verb.build.BuildVerb object at 0x7f773eafceb0>>, merge_install=False, metas=['./colcon.meta'], packages_above=None, packages_above_and_dependencies=None, packages_above_depth=None, packages_end=None, packages_ignore=None, packages_ignore_regex=None, packages_select=['void-slam-dolly'], packages_select_build_failed=False, packages_select_by_dep=None, packages_select_regex=None, packages_select_test_failures=False, packages_skip=None, packages_skip_build_finished=False, packages_skip_by_dep=None, packages_skip_regex=None, packages_skip_test_passed=False, packages_skip_up_to=None, packages_start=None, packages_up_to=None, packages_up_to_regex=None, parallel_workers=4, paths=None, symlink_install=True, test_result_base=None, verb_extension=<colcon_core.verb.build.BuildVerb object at 0x7f773eafceb0>, verb_name='build', verb_parser=<colcon_defaults.argument_parser.defaults.DefaultArgumentsDecorator object at 0x7f773e337100>)
[0.770s] Level 1:colcon.colcon_core.package_discovery:discover_packages(colcon_meta) check parameters
[0.770s] Level 1:colcon.colcon_core.package_discovery:discover_packages(recursive) check parameters
[0.771s] Level 1:colcon.colcon_core.package_discovery:discover_packages(ignore) check parameters
[0.771s] Level 1:colcon.colcon_core.package_discovery:discover_packages(path) check parameters
[0.771s] Level 1:colcon.colcon_core.package_discovery:discover_packages(colcon_meta) discover
[0.771s] Level 1:colcon.colcon_core.package_discovery:discover_packages(recursive) discover
[0.771s] INFO:colcon.colcon_core.package_discovery:Crawling recursively for packages in '/home/shubhambackup/void-slam-toolbox'
[0.772s] Level 1:colcon.colcon_core.package_identification:_identify(.) by extensions ['ignore', 'ignore_ament_install']
[0.772s] Level 1:colcon.colcon_core.package_identification:_identify(.) by extension 'ignore'
[0.772s] Level 1:colcon.colcon_core.package_identification:_identify(.) by extension 'ignore_ament_install'
[0.772s] Level 1:colcon.colcon_core.package_identification:_identify(.) by extensions ['colcon_pkg']
[0.772s] Level 1:colcon.colcon_core.package_identification:_identify(.) by extension 'colcon_pkg'
[0.772s] Level 1:colcon.colcon_core.package_identification:_identify(.) by extensions ['colcon_meta']
[0.772s] Level 1:colcon.colcon_core.package_identification:_identify(.) by extension 'colcon_meta'
[0.772s] Level 1:colcon.colcon_core.package_identification:_identify(.) by extensions ['ros']
[0.772s] Level 1:colcon.colcon_core.package_identification:_identify(.) by extension 'ros'
[0.794s] Level 1:colcon.colcon_core.package_identification:_identify(.) by extensions ['cmake', 'python']
[0.795s] Level 1:colcon.colcon_core.package_identification:_identify(.) by extension 'cmake'
[0.795s] Level 1:colcon.colcon_core.package_identification:_identify(.) by extension 'python'
[0.795s] Level 1:colcon.colcon_core.package_identification:_identify(.) by extensions ['python_setup_py']
[0.796s] Level 1:colcon.colcon_core.package_identification:_identify(.) by extension 'python_setup_py'
[0.796s] Level 1:colcon.colcon_core.package_identification:_identify(build) by extensions ['ignore', 'ignore_ament_install']
[0.796s] Level 1:colcon.colcon_core.package_identification:_identify(build) by extension 'ignore'
[0.796s] Level 1:colcon.colcon_core.package_identification:_identify(build) ignored
[0.796s] Level 1:colcon.colcon_core.package_identification:_identify(install) by extensions ['ignore', 'ignore_ament_install']
[0.797s] Level 1:colcon.colcon_core.package_identification:_identify(install) by extension 'ignore'
[0.797s] Level 1:colcon.colcon_core.package_identification:_identify(install) ignored
[0.797s] Level 1:colcon.colcon_core.package_identification:_identify(log) by extensions ['ignore', 'ignore_ament_install']
[0.797s] Level 1:colcon.colcon_core.package_identification:_identify(log) by extension 'ignore'
[0.797s] Level 1:colcon.colcon_core.package_identification:_identify(log) ignored
[0.797s] Level 1:colcon.colcon_core.package_identification:_identify(src) by extensions ['ignore', 'ignore_ament_install']
[0.797s] Level 1:colcon.colcon_core.package_identification:_identify(src) by extension 'ignore'
[0.797s] Level 1:colcon.colcon_core.package_identification:_identify(src) by extension 'ignore_ament_install'
[0.798s] Level 1:colcon.colcon_core.package_identification:_identify(src) by extensions ['colcon_pkg']
[0.798s] Level 1:colcon.colcon_core.package_identification:_identify(src) by extension 'colcon_pkg'
[0.798s] Level 1:colcon.colcon_core.package_identification:_identify(src) by extensions ['colcon_meta']
[0.798s] Level 1:colcon.colcon_core.package_identification:_identify(src) by extension 'colcon_meta'
[0.798s] Level 1:colcon.colcon_core.package_identification:_identify(src) by extensions ['ros']
[0.798s] Level 1:colcon.colcon_core.package_identification:_identify(src) by extension 'ros'
[0.798s] Level 1:colcon.colcon_core.package_identification:_identify(src) by extensions ['cmake', 'python']
[0.798s] Level 1:colcon.colcon_core.package_identification:_identify(src) by extension 'cmake'
[0.798s] Level 1:colcon.colcon_core.package_identification:_identify(src) by extension 'python'
[0.798s] Level 1:colcon.colcon_core.package_identification:_identify(src) by extensions ['python_setup_py']
[0.798s] Level 1:colcon.colcon_core.package_identification:_identify(src) by extension 'python_setup_py'
[0.798s] Level 1:colcon.colcon_core.package_identification:_identify(src/dolly) by extensions ['ignore', 'ignore_ament_install']
[0.799s] Level 1:colcon.colcon_core.package_identification:_identify(src/dolly) by extension 'ignore'
[0.799s] Level 1:colcon.colcon_core.package_identification:_identify(src/dolly) by extension 'ignore_ament_install'
[0.799s] Level 1:colcon.colcon_core.package_identification:_identify(src/dolly) by extensions ['colcon_pkg']
[0.799s] Level 1:colcon.colcon_core.package_identification:_identify(src/dolly) by extension 'colcon_pkg'
[0.799s] Level 1:colcon.colcon_core.package_identification:_identify(src/dolly) by extensions ['colcon_meta']
[0.799s] Level 1:colcon.colcon_core.package_identification:_identify(src/dolly) by extension 'colcon_meta'
[0.799s] Level 1:colcon.colcon_core.package_identification:_identify(src/dolly) by extensions ['ros']
[0.799s] Level 1:colcon.colcon_core.package_identification:_identify(src/dolly) by extension 'ros'
[0.799s] Level 1:colcon.colcon_core.package_identification:_identify(src/dolly) by extensions ['cmake', 'python']
[0.799s] Level 1:colcon.colcon_core.package_identification:_identify(src/dolly) by extension 'cmake'
[0.799s] Level 1:colcon.colcon_core.package_identification:_identify(src/dolly) by extension 'python'
[0.799s] Level 1:colcon.colcon_core.package_identification:_identify(src/dolly) by extensions ['python_setup_py']
[0.799s] Level 1:colcon.colcon_core.package_identification:_identify(src/dolly) by extension 'python_setup_py'
[0.800s] Level 1:colcon.colcon_core.package_identification:_identify(src/dolly/dolly) by extensions ['ignore', 'ignore_ament_install']
[0.800s] Level 1:colcon.colcon_core.package_identification:_identify(src/dolly/dolly) by extension 'ignore'
[0.800s] Level 1:colcon.colcon_core.package_identification:_identify(src/dolly/dolly) by extension 'ignore_ament_install'
[0.800s] Level 1:colcon.colcon_core.package_identification:_identify(src/dolly/dolly) by extensions ['colcon_pkg']
[0.800s] Level 1:colcon.colcon_core.package_identification:_identify(src/dolly/dolly) by extension 'colcon_pkg'
[0.800s] Level 1:colcon.colcon_core.package_identification:_identify(src/dolly/dolly) by extensions ['colcon_meta']
[0.800s] Level 1:colcon.colcon_core.package_identification:_identify(src/dolly/dolly) by extension 'colcon_meta'
[0.800s] Level 1:colcon.colcon_core.package_identification:_identify(src/dolly/dolly) by extensions ['ros']
[0.800s] Level 1:colcon.colcon_core.package_identification:_identify(src/dolly/dolly) by extension 'ros'
[0.804s] DEBUG:colcon.colcon_core.package_identification:Package 'src/dolly/dolly' with type 'ros.ament_cmake' and name 'dolly'
[0.804s] Level 1:colcon.colcon_core.package_identification:_identify(src/dolly/dolly_follow) by extensions ['ignore', 'ignore_ament_install']
[0.804s] Level 1:colcon.colcon_core.package_identification:_identify(src/dolly/dolly_follow) by extension 'ignore'
[0.804s] Level 1:colcon.colcon_core.package_identification:_identify(src/dolly/dolly_follow) by extension 'ignore_ament_install'
[0.804s] Level 1:colcon.colcon_core.package_identification:_identify(src/dolly/dolly_follow) by extensions ['colcon_pkg']
[0.805s] Level 1:colcon.colcon_core.package_identification:_identify(src/dolly/dolly_follow) by extension 'colcon_pkg'
[0.805s] Level 1:colcon.colcon_core.package_identification:_identify(src/dolly/dolly_follow) by extensions ['colcon_meta']
[0.805s] Level 1:colcon.colcon_core.package_identification:_identify(src/dolly/dolly_follow) by extension 'colcon_meta'
[0.805s] Level 1:colcon.colcon_core.package_identification:_identify(src/dolly/dolly_follow) by extensions ['ros']
[0.805s] Level 1:colcon.colcon_core.package_identification:_identify(src/dolly/dolly_follow) by extension 'ros'
[0.806s] DEBUG:colcon.colcon_core.package_identification:Package 'src/dolly/dolly_follow' with type 'ros.ament_cmake' and name 'dolly_follow'
[0.806s] Level 1:colcon.colcon_core.package_identification:_identify(src/dolly/dolly_gazebo) by extensions ['ignore', 'ignore_ament_install']
[0.806s] Level 1:colcon.colcon_core.package_identification:_identify(src/dolly/dolly_gazebo) by extension 'ignore'
[0.806s] Level 1:colcon.colcon_core.package_identification:_identify(src/dolly/dolly_gazebo) by extension 'ignore_ament_install'
[0.806s] Level 1:colcon.colcon_core.package_identification:_identify(src/dolly/dolly_gazebo) by extensions ['colcon_pkg']
[0.806s] Level 1:colcon.colcon_core.package_identification:_identify(src/dolly/dolly_gazebo) by extension 'colcon_pkg'
[0.806s] Level 1:colcon.colcon_core.package_identification:_identify(src/dolly/dolly_gazebo) by extensions ['colcon_meta']
[0.807s] Level 1:colcon.colcon_core.package_identification:_identify(src/dolly/dolly_gazebo) by extension 'colcon_meta'
[0.807s] Level 1:colcon.colcon_core.package_identification:_identify(src/dolly/dolly_gazebo) by extensions ['ros']
[0.807s] Level 1:colcon.colcon_core.package_identification:_identify(src/dolly/dolly_gazebo) by extension 'ros'
[0.807s] DEBUG:colcon.colcon_core.package_identification:Package 'src/dolly/dolly_gazebo' with type 'ros.ament_cmake' and name 'dolly_gazebo'
[0.808s] Level 1:colcon.colcon_core.package_identification:_identify(src/dolly/dolly_ignition) by extensions ['ignore', 'ignore_ament_install']
[0.808s] Level 1:colcon.colcon_core.package_identification:_identify(src/dolly/dolly_ignition) by extension 'ignore'
[0.808s] Level 1:colcon.colcon_core.package_identification:_identify(src/dolly/dolly_ignition) by extension 'ignore_ament_install'
[0.808s] Level 1:colcon.colcon_core.package_identification:_identify(src/dolly/dolly_ignition) by extensions ['colcon_pkg']
[0.808s] Level 1:colcon.colcon_core.package_identification:_identify(src/dolly/dolly_ignition) by extension 'colcon_pkg'
[0.808s] Level 1:colcon.colcon_core.package_identification:_identify(src/dolly/dolly_ignition) by extensions ['colcon_meta']
[0.808s] Level 1:colcon.colcon_core.package_identification:_identify(src/dolly/dolly_ignition) by extension 'colcon_meta'
[0.808s] Level 1:colcon.colcon_core.package_identification:_identify(src/dolly/dolly_ignition) by extensions ['ros']
[0.808s] Level 1:colcon.colcon_core.package_identification:_identify(src/dolly/dolly_ignition) by extension 'ros'
[0.810s] DEBUG:colcon.colcon_core.package_identification:Package 'src/dolly/dolly_ignition' with type 'ros.ament_cmake' and name 'dolly_ignition'
[0.810s] Level 1:colcon.colcon_core.package_identification:_identify(src/dolly/images) by extensions ['ignore', 'ignore_ament_install']
[0.810s] Level 1:colcon.colcon_core.package_identification:_identify(src/dolly/images) by extension 'ignore'
[0.810s] Level 1:colcon.colcon_core.package_identification:_identify(src/dolly/images) by extension 'ignore_ament_install'
[0.810s] Level 1:colcon.colcon_core.package_identification:_identify(src/dolly/images) by extensions ['colcon_pkg']
[0.810s] Level 1:colcon.colcon_core.package_identification:_identify(src/dolly/images) by extension 'colcon_pkg'
[0.810s] Level 1:colcon.colcon_core.package_identification:_identify(src/dolly/images) by extensions ['colcon_meta']
[0.811s] Level 1:colcon.colcon_core.package_identification:_identify(src/dolly/images) by extension 'colcon_meta'
[0.811s] Level 1:colcon.colcon_core.package_identification:_identify(src/dolly/images) by extensions ['ros']
[0.811s] Level 1:colcon.colcon_core.package_identification:_identify(src/dolly/images) by extension 'ros'
[0.811s] Level 1:colcon.colcon_core.package_identification:_identify(src/dolly/images) by extensions ['cmake', 'python']
[0.811s] Level 1:colcon.colcon_core.package_identification:_identify(src/dolly/images) by extension 'cmake'
[0.811s] Level 1:colcon.colcon_core.package_identification:_identify(src/dolly/images) by extension 'python'
[0.811s] Level 1:colcon.colcon_core.package_identification:_identify(src/dolly/images) by extensions ['python_setup_py']
[0.811s] Level 1:colcon.colcon_core.package_identification:_identify(src/dolly/images) by extension 'python_setup_py'
[0.811s] Level 1:colcon.colcon_core.package_identification:_identify(src/void-slam-dolly) by extensions ['ignore', 'ignore_ament_install']
[0.811s] Level 1:colcon.colcon_core.package_identification:_identify(src/void-slam-dolly) by extension 'ignore'
[0.811s] Level 1:colcon.colcon_core.package_identification:_identify(src/void-slam-dolly) by extension 'ignore_ament_install'
[0.812s] Level 1:colcon.colcon_core.package_identification:_identify(src/void-slam-dolly) by extensions ['colcon_pkg']
[0.812s] Level 1:colcon.colcon_core.package_identification:_identify(src/void-slam-dolly) by extension 'colcon_pkg'
[0.812s] Level 1:colcon.colcon_core.package_identification:_identify(src/void-slam-dolly) by extensions ['colcon_meta']
[0.812s] Level 1:colcon.colcon_core.package_identification:_identify(src/void-slam-dolly) by extension 'colcon_meta'
[0.812s] Level 1:colcon.colcon_core.package_identification:_identify(src/void-slam-dolly) by extensions ['ros']
[0.812s] Level 1:colcon.colcon_core.package_identification:_identify(src/void-slam-dolly) by extension 'ros'
[0.813s] DEBUG:colcon.colcon_core.package_identification:Package 'src/void-slam-dolly' with type 'ros.ament_cmake' and name 'void-slam-dolly'
[0.813s] Level 1:colcon.colcon_core.package_discovery:discover_packages(recursive) using defaults
[0.813s] Level 1:colcon.colcon_core.package_discovery:discover_packages(ignore) discover
[0.813s] Level 1:colcon.colcon_core.package_discovery:discover_packages(ignore) using defaults
[0.813s] Level 1:colcon.colcon_core.package_discovery:discover_packages(path) discover
[0.813s] Level 1:colcon.colcon_core.package_discovery:discover_packages(path) using defaults
[0.847s] INFO:colcon.colcon_core.package_selection:Skipping not selected package 'dolly_follow' in 'src/dolly/dolly_follow'
[0.847s] INFO:colcon.colcon_core.package_selection:Skipping not selected package 'dolly_gazebo' in 'src/dolly/dolly_gazebo'
[0.847s] INFO:colcon.colcon_core.package_selection:Skipping not selected package 'dolly_ignition' in 'src/dolly/dolly_ignition'
[0.847s] INFO:colcon.colcon_core.package_selection:Skipping not selected package 'dolly' in 'src/dolly/dolly'
[0.848s] Level 1:colcon.colcon_core.package_discovery:discover_packages(prefix_path) check parameters
[0.848s] Level 1:colcon.colcon_core.package_discovery:discover_packages(prefix_path) discover
[0.852s] DEBUG:colcon.colcon_installed_package_information.package_discovery:Found 5 installed packages in /home/shubhambackup/void-slam-toolbox/install
[0.855s] DEBUG:colcon.colcon_installed_package_information.package_discovery:Found 276 installed packages in /opt/ros/foxy
[0.857s] Level 1:colcon.colcon_core.package_discovery:discover_packages(prefix_path) using defaults
[0.961s] Level 5:colcon.colcon_core.verb:set package 'void-slam-dolly' build argument 'cmake_args' from command line to 'None'
[0.961s] Level 5:colcon.colcon_core.verb:set package 'void-slam-dolly' build argument 'cmake_target' from command line to 'None'
[0.961s] Level 5:colcon.colcon_core.verb:set package 'void-slam-dolly' build argument 'cmake_target_skip_unavailable' from command line to 'False'
[0.961s] Level 5:colcon.colcon_core.verb:set package 'void-slam-dolly' build argument 'cmake_clean_cache' from command line to 'False'
[0.961s] Level 5:colcon.colcon_core.verb:set package 'void-slam-dolly' build argument 'cmake_clean_first' from command line to 'False'
[0.961s] Level 5:colcon.colcon_core.verb:set package 'void-slam-dolly' build argument 'cmake_force_configure' from command line to 'False'
[0.961s] Level 5:colcon.colcon_core.verb:set package 'void-slam-dolly' build argument 'ament_cmake_args' from command line to 'None'
[0.961s] Level 5:colcon.colcon_core.verb:set package 'void-slam-dolly' build argument 'catkin_cmake_args' from command line to 'None'
[0.961s] Level 5:colcon.colcon_core.verb:set package 'void-slam-dolly' build argument 'catkin_skip_building_tests' from command line to 'False'
[0.961s] DEBUG:colcon.colcon_core.verb:Building package 'void-slam-dolly' with the following arguments: {'ament_cmake_args': None, 'build_base': '/home/shubhambackup/void-slam-toolbox/build/void-slam-dolly', 'catkin_cmake_args': None, 'catkin_skip_building_tests': False, 'cmake_args': None, 'cmake_clean_cache': False, 'cmake_clean_first': False, 'cmake_force_configure': False, 'cmake_target': None, 'cmake_target_skip_unavailable': False, 'install_base': '/home/shubhambackup/void-slam-toolbox/install/void-slam-dolly', 'merge_install': False, 'path': '/home/shubhambackup/void-slam-toolbox/src/void-slam-dolly', 'symlink_install': True, 'test_result_base': None}
[0.962s] INFO:colcon.colcon_core.executor:Executing jobs using 'parallel' executor
[0.969s] DEBUG:colcon.colcon_parallel_executor.executor.parallel:run_until_complete
[0.969s] INFO:colcon.colcon_ros.task.ament_cmake.build:Building ROS package in '/home/shubhambackup/void-slam-toolbox/src/void-slam-dolly' with build type 'ament_cmake'
[0.970s] INFO:colcon.colcon_cmake.task.cmake.build:Building CMake package in '/home/shubhambackup/void-slam-toolbox/src/void-slam-dolly'
[0.978s] INFO:colcon.colcon_core.plugin_system:Skipping extension 'colcon_core.shell.bat': Not used on non-Windows systems
[0.978s] INFO:colcon.colcon_core.shell:Skip shell extension 'powershell' for command environment: Not usable outside of PowerShell
[0.978s] DEBUG:colcon.colcon_core.shell:Skip shell extension 'dsv' for command environment
[1.006s] DEBUG:colcon.colcon_core.event_handler.log_command:Invoking command in '/home/shubhambackup/void-slam-toolbox/build/void-slam-dolly': CMAKE_PREFIX_PATH=${CMAKE_PREFIX_PATH}:/opt/ros/foxy /usr/bin/cmake --build /home/shubhambackup/void-slam-toolbox/build/void-slam-dolly -- -j4 -l4
[1.230s] DEBUG:colcon.colcon_core.event_handler.log_command:Invoked command in '/home/shubhambackup/void-slam-toolbox/build/void-slam-dolly' returned '0': CMAKE_PREFIX_PATH=${CMAKE_PREFIX_PATH}:/opt/ros/foxy /usr/bin/cmake --build /home/shubhambackup/void-slam-toolbox/build/void-slam-dolly -- -j4 -l4
[1.413s] DEBUG:colcon.colcon_core.event_handler.log_command:Invoking command in '/home/shubhambackup/void-slam-toolbox/build/void-slam-dolly': CMAKE_PREFIX_PATH=${CMAKE_PREFIX_PATH}:/opt/ros/foxy /usr/bin/cmake --install /home/shubhambackup/void-slam-toolbox/build/void-slam-dolly
[1.494s] Level 1:colcon.colcon_core.environment:create_environment_scripts_only(void-slam-dolly)
[1.497s] DEBUG:colcon.colcon_core.event_handler.log_command:Invoked command in '/home/shubhambackup/void-slam-toolbox/build/void-slam-dolly' returned '0': CMAKE_PREFIX_PATH=${CMAKE_PREFIX_PATH}:/opt/ros/foxy /usr/bin/cmake --install /home/shubhambackup/void-slam-toolbox/build/void-slam-dolly
[1.504s] Level 1:colcon.colcon_core.environment:checking '/home/shubhambackup/void-slam-toolbox/install/void-slam-dolly' for CMake module files
[1.505s] Level 1:colcon.colcon_core.environment:checking '/home/shubhambackup/void-slam-toolbox/install/void-slam-dolly' for CMake config files
[1.506s] Level 1:colcon.colcon_core.shell:create_environment_hook('void-slam-dolly', 'cmake_prefix_path')
[1.509s] INFO:colcon.colcon_core.shell:Creating environment hook '/home/shubhambackup/void-slam-toolbox/install/void-slam-dolly/share/void-slam-dolly/hook/cmake_prefix_path.ps1'
[1.511s] INFO:colcon.colcon_core.shell:Creating environment descriptor '/home/shubhambackup/void-slam-toolbox/install/void-slam-dolly/share/void-slam-dolly/hook/cmake_prefix_path.dsv'
[1.522s] INFO:colcon.colcon_core.shell:Creating environment hook '/home/shubhambackup/void-slam-toolbox/install/void-slam-dolly/share/void-slam-dolly/hook/cmake_prefix_path.sh'
[1.527s] Level 1:colcon.colcon_core.environment:checking '/home/shubhambackup/void-slam-toolbox/install/void-slam-dolly/lib'
[1.528s] Level 1:colcon.colcon_core.environment:checking '/home/shubhambackup/void-slam-toolbox/install/void-slam-dolly/bin'
[1.528s] Level 1:colcon.colcon_core.environment:checking '/home/shubhambackup/void-slam-toolbox/install/void-slam-dolly/lib/pkgconfig/void-slam-dolly.pc'
[1.529s] Level 1:colcon.colcon_core.environment:checking '/home/shubhambackup/void-slam-toolbox/install/void-slam-dolly/lib/python3.8/site-packages'
[1.530s] Level 1:colcon.colcon_core.environment:checking '/home/shubhambackup/void-slam-toolbox/install/void-slam-dolly/bin'
[1.535s] INFO:colcon.colcon_core.shell:Creating package script '/home/shubhambackup/void-slam-toolbox/install/void-slam-dolly/share/void-slam-dolly/package.ps1'
[1.539s] INFO:colcon.colcon_core.shell:Creating package descriptor '/home/shubhambackup/void-slam-toolbox/install/void-slam-dolly/share/void-slam-dolly/package.dsv'
[1.541s] INFO:colcon.colcon_core.shell:Creating package script '/home/shubhambackup/void-slam-toolbox/install/void-slam-dolly/share/void-slam-dolly/package.sh'
[1.543s] INFO:colcon.colcon_core.shell:Creating package script '/home/shubhambackup/void-slam-toolbox/install/void-slam-dolly/share/void-slam-dolly/package.bash'
[1.546s] INFO:colcon.colcon_core.shell:Creating package script '/home/shubhambackup/void-slam-toolbox/install/void-slam-dolly/share/void-slam-dolly/package.zsh'
[1.548s] Level 1:colcon.colcon_core.environment:create_file_with_runtime_dependencies(/home/shubhambackup/void-slam-toolbox/install/void-slam-dolly/share/colcon-core/packages/void-slam-dolly)
[1.701s] Level 1:colcon.colcon_core.environment:create_environment_scripts_only(void-slam-dolly)
[1.705s] Level 1:colcon.colcon_core.environment:checking '/home/shubhambackup/void-slam-toolbox/install/void-slam-dolly' for CMake module files
[1.706s] Level 1:colcon.colcon_core.environment:checking '/home/shubhambackup/void-slam-toolbox/install/void-slam-dolly' for CMake config files
[1.706s] Level 1:colcon.colcon_core.shell:create_environment_hook('void-slam-dolly', 'cmake_prefix_path')
[1.710s] INFO:colcon.colcon_core.shell:Creating environment hook '/home/shubhambackup/void-slam-toolbox/install/void-slam-dolly/share/void-slam-dolly/hook/cmake_prefix_path.ps1'
[1.713s] INFO:colcon.colcon_core.shell:Creating environment descriptor '/home/shubhambackup/void-slam-toolbox/install/void-slam-dolly/share/void-slam-dolly/hook/cmake_prefix_path.dsv'
[1.715s] INFO:colcon.colcon_core.shell:Creating environment hook '/home/shubhambackup/void-slam-toolbox/install/void-slam-dolly/share/void-slam-dolly/hook/cmake_prefix_path.sh'
[1.717s] Level 1:colcon.colcon_core.environment:checking '/home/shubhambackup/void-slam-toolbox/install/void-slam-dolly/lib'
[1.717s] Level 1:colcon.colcon_core.environment:checking '/home/shubhambackup/void-slam-toolbox/install/void-slam-dolly/bin'
[1.717s] Level 1:colcon.colcon_core.environment:checking '/home/shubhambackup/void-slam-toolbox/install/void-slam-dolly/lib/pkgconfig/void-slam-dolly.pc'
[1.720s] Level 1:colcon.colcon_core.environment:checking '/home/shubhambackup/void-slam-toolbox/install/void-slam-dolly/lib/python3.8/site-packages'
[1.721s] Level 1:colcon.colcon_core.environment:checking '/home/shubhambackup/void-slam-toolbox/install/void-slam-dolly/bin'
[1.725s] INFO:colcon.colcon_core.shell:Creating package script '/home/shubhambackup/void-slam-toolbox/install/void-slam-dolly/share/void-slam-dolly/package.ps1'
[1.728s] INFO:colcon.colcon_core.shell:Creating package descriptor '/home/shubhambackup/void-slam-toolbox/install/void-slam-dolly/share/void-slam-dolly/package.dsv'
[1.729s] INFO:colcon.colcon_core.shell:Creating package script '/home/shubhambackup/void-slam-toolbox/install/void-slam-dolly/share/void-slam-dolly/package.sh'
[1.730s] INFO:colcon.colcon_core.shell:Creating package script '/home/shubhambackup/void-slam-toolbox/install/void-slam-dolly/share/void-slam-dolly/package.bash'
[1.731s] INFO:colcon.colcon_core.shell:Creating package script '/home/shubhambackup/void-slam-toolbox/install/void-slam-dolly/share/void-slam-dolly/package.zsh'
[1.732s] Level 1:colcon.colcon_core.environment:create_file_with_runtime_dependencies(/home/shubhambackup/void-slam-toolbox/install/void-slam-dolly/share/colcon-core/packages/void-slam-dolly)
[1.734s] DEBUG:colcon.colcon_parallel_executor.executor.parallel:closing loop
[1.735s] DEBUG:colcon.colcon_parallel_executor.executor.parallel:loop closed
[1.735s] DEBUG:colcon.colcon_parallel_executor.executor.parallel:run_until_complete finished with '0'
[1.736s] DEBUG:colcon.colcon_core.event_reactor:joining thread
[1.747s] INFO:colcon.colcon_core.plugin_system:Skipping extension 'colcon_notification.desktop_notification.terminal_notifier': Not used on non-Darwin systems
[1.747s] INFO:colcon.colcon_core.plugin_system:Skipping extension 'colcon_notification.desktop_notification.win32': Not used on non-Windows systems
[1.747s] INFO:colcon.colcon_notification.desktop_notification:Sending desktop notification using 'notify2'
[1.785s] DEBUG:colcon.colcon_core.event_reactor:joined thread
[1.787s] INFO:colcon.colcon_core.shell:Creating prefix script '/home/shubhambackup/void-slam-toolbox/install/local_setup.ps1'
[1.789s] INFO:colcon.colcon_core.shell:Creating prefix util module '/home/shubhambackup/void-slam-toolbox/install/_local_setup_util_ps1.py'
[1.791s] INFO:colcon.colcon_core.shell:Creating prefix chain script '/home/shubhambackup/void-slam-toolbox/install/setup.ps1'
[1.793s] INFO:colcon.colcon_core.shell:Creating prefix script '/home/shubhambackup/void-slam-toolbox/install/local_setup.sh'
[1.796s] INFO:colcon.colcon_core.shell:Creating prefix util module '/home/shubhambackup/void-slam-toolbox/install/_local_setup_util_sh.py'
[1.799s] INFO:colcon.colcon_core.shell:Creating prefix chain script '/home/shubhambackup/void-slam-toolbox/install/setup.sh'
[1.806s] INFO:colcon.colcon_core.shell:Creating prefix script '/home/shubhambackup/void-slam-toolbox/install/local_setup.bash'
[1.809s] INFO:colcon.colcon_core.shell:Creating prefix chain script '/home/shubhambackup/void-slam-toolbox/install/setup.bash'
[1.815s] INFO:colcon.colcon_core.shell:Creating prefix script '/home/shubhambackup/void-slam-toolbox/install/local_setup.zsh'
[1.817s] INFO:colcon.colcon_core.shell:Creating prefix chain script '/home/shubhambackup/void-slam-toolbox/install/setup.zsh'
