[0.036s] Invoking command in '/home/shubhambackup/void-slam-toolbox/build/dolly_ignition': AMENT_PREFIX_PATH=/home/shubhambackup/void-slam-toolbox/install/dolly_follow:${AMENT_PREFIX_PATH} CMAKE_PREFIX_PATH=/home/shubhambackup/void-slam-toolbox/install/dolly_follow:/opt/ros/foxy /usr/bin/cmake /home/shubhambackup/void-slam-toolbox/src/dolly/dolly_ignition -DAMENT_CMAKE_SYMLINK_INSTALL=1 -DCMAKE_INSTALL_PREFIX=/home/shubhambackup/void-slam-toolbox/install/dolly_ignition
[0.129s] -- The C compiler identification is GNU 9.4.0
[0.214s] -- The CXX compiler identification is GNU 9.4.0
[0.221s] -- Check for working C compiler: /usr/bin/cc
[0.340s] -- Check for working C compiler: /usr/bin/cc -- works
[0.341s] -- Detecting C compiler ABI info
[0.462s] -- Detecting C compiler ABI info - done
[0.480s] -- Detecting C compile features
[0.480s] -- Detecting C compile features - done
[0.483s] -- Check for working CXX compiler: /usr/bin/c++
[0.620s] -- Check for working CXX compiler: /usr/bin/c++ -- works
[0.620s] -- Detecting CXX compiler ABI info
[0.756s] -- Detecting CXX compiler ABI info - done
[0.771s] -- Detecting CXX compile features
[0.772s] -- Detecting CXX compile features - done
[0.811s] -- Looking for ignition-math6 -- found version 6.11.0
[0.812s] -- Searching for dependencies of ignition-math6
[0.820s] -- Looking for ignition-plugin1 -- found version 1.2.1
[0.820s] -- Searching for dependencies of ignition-plugin1
[0.823s] -- Searching for <ignition-plugin1> component [loader]
[0.826s] -- Looking for ignition-plugin1-loader -- found version 1.2.1
[0.826s] -- Searching for dependencies of ignition-plugin1-loader
[0.828s] -- Searching for <ignition-plugin1> component [register]
[0.832s] -- Looking for ignition-plugin1-register -- found version 1.2.1
[0.832s] -- Searching for dependencies of ignition-plugin1-register
[0.838s] -- Looking for ignition-transport8 -- found version 8.2.1
[0.838s] -- Searching for dependencies of ignition-transport8
[1.394s] -- Found Protobuf: /usr/lib/x86_64-linux-gnu/libprotobuf.so;-lpthread (found suitable version "3.6.1", minimum required is "3") 
[1.412s] -- Config-file not installed for ZeroMQ -- checking for pkg-config
[1.418s] -- Checking for module 'libzmq >= 4'
[1.452s] --   Found libzmq , version 4.3.2
[1.545s] -- Found ZeroMQ: TRUE (Required is at least version "4") 
[1.555s] -- Checking for module 'uuid'
[1.583s] --   Found uuid, version 2.34.0
[1.655s] -- Found UUID: TRUE  
[1.661s] -- Looking for ignition-msgs5 -- found version 5.9.0
[1.663s] -- Searching for dependencies of ignition-msgs5
[1.694s] -- Looking for ignition-math6 -- found version 6.11.0
[1.702s] -- Checking for module 'tinyxml2'
[1.738s] --   Found tinyxml2, version 6.2.0
[1.823s] -- Searching for <ignition-transport8> component [log]
[1.827s] -- Looking for ignition-transport8-log -- found version 8.2.1
[1.828s] -- Searching for dependencies of ignition-transport8-log
[1.830s] -- Looking for ignition-msgs5 -- found version 5.9.0
[1.834s] -- Looking for ignition-common3 -- found version 3.14.1
[1.835s] -- Searching for dependencies of ignition-common3
[1.836s] -- Looking for dlfcn.h - found
[1.838s] -- Looking for libdl - found
[1.840s] -- Found DL: TRUE  
[1.861s] -- Searching for <ignition-common3> component [profiler]
[1.867s] -- Looking for ignition-common3-profiler -- found version 3.14.1
[1.868s] -- Searching for dependencies of ignition-common3-profiler
[1.872s] -- Searching for <ignition-common3> component [events]
[1.878s] -- Looking for ignition-common3-events -- found version 3.14.1
[1.878s] -- Searching for dependencies of ignition-common3-events
[1.879s] -- Looking for ignition-math6 -- found version 6.11.0
[1.882s] -- Searching for <ignition-common3> component [av]
[1.885s] -- Looking for ignition-common3-av -- found version 3.14.1
[1.886s] -- Searching for dependencies of ignition-common3-av
[1.897s] -- Checking for module 'libswscale'
[1.928s] --   Found libswscale, version 5.5.100
[2.008s] -- Found SWSCALE: TRUE  
[2.016s] -- Checking for module 'libavdevice >= 56.4.100'
[2.049s] --   Found libavdevice , version 58.8.100
[2.124s] -- Found AVDEVICE: TRUE (Required is at least version "56.4.100") 
[2.132s] -- Checking for module 'libavformat'
[2.170s] --   Found libavformat, version 58.29.100
[2.264s] -- Found AVFORMAT: TRUE  
[2.272s] -- Checking for module 'libavcodec'
[2.312s] --   Found libavcodec, version 58.54.100
[2.436s] -- Found AVCODEC: TRUE  
[2.455s] -- Checking for module 'libavutil'
[2.492s] --   Found libavutil, version 56.31.100
[2.569s] -- Found AVUTIL: TRUE  
[2.578s] -- Looking for ignition-fuel_tools4 -- found version 4.5.0
[2.579s] -- Searching for dependencies of ignition-fuel_tools4
[2.736s] -- Found CURL: /usr/lib/x86_64-linux-gnu/libcurl.so (found version "7.68.0")  
[2.753s] -- Checking for module 'jsoncpp'
[2.784s] --   Found jsoncpp, version 1.7.4
[2.853s] -- Found JSONCPP: TRUE  
[2.866s] -- Checking for module 'libzip'
[2.890s] --   Found libzip, version 1.5.1
[2.969s] -- Found ZIP: TRUE  
[2.969s] -- Looking for ignition-common3 -- found version 3.14.1
[2.970s] -- Looking for ignition-math6 -- found version 6.11.0
[2.970s] -- Looking for ignition-msgs5 -- found version 5.9.0
[2.978s] -- Looking for ignition-gui3 -- found version 3.10.0
[2.979s] -- Searching for dependencies of ignition-gui3
[3.028s] -- Looking for ignition-math6 -- found version 6.11.0
[3.028s] -- Looking for ignition-common3 -- found version 3.14.1
[3.028s] -- Looking for ignition-plugin1 -- found version 1.2.1
[3.029s] -- Looking for ignition-transport8 -- found version 8.2.1
[3.040s] -- Looking for ignition-rendering3 -- found version 3.6.0
[3.040s] -- Searching for dependencies of ignition-rendering3
[3.040s] -- Looking for ignition-math6 -- found version 6.11.0
[3.042s] -- Looking for ignition-common3 -- found version 3.14.1
[3.043s] -- Searching for dependencies of ignition-common3
[3.043s] -- Looking for dlfcn.h - found
[3.043s] -- Looking for libdl - found
[3.057s] -- Searching for <ignition-common3> component [graphics]
[3.060s] -- Looking for ignition-common3-graphics -- found version 3.14.1
[3.061s] -- Searching for dependencies of ignition-common3-graphics
[3.062s] -- Looking for ignition-math6 -- found version 6.11.0
[3.063s] -- Searching for <ignition-common3> component [events]
[3.068s] -- Looking for ignition-plugin1 -- found version 1.2.1
[3.069s] -- Searching for dependencies of ignition-plugin1
[3.069s] -- Searching for <ignition-plugin1> component [all]
[3.074s] -- Looking for all libraries of ignition-plugin1 -- found version 1.2.1
[3.074s] -- Looking for ignition-plugin1 -- found version 1.2.1
[3.082s] -- Looking for ignition-msgs5 -- found version 5.9.0
[3.147s] -- Looking for ignition-physics2 -- found version 2.5.0
[3.148s] -- Searching for dependencies of ignition-physics2
[3.149s] -- Looking for ignition-math6 -- found version 6.11.0
[3.150s] -- Searching for dependencies of ignition-math6
[3.150s] -- Searching for <ignition-math6> component [eigen3]
[3.156s] -- Looking for ignition-math6-eigen3 -- found version 6.11.0
[3.157s] -- Searching for dependencies of ignition-math6-eigen3
[3.163s] -- Looking for ignition-plugin1 -- found version 1.2.1
[3.166s] -- Searching for <ignition-physics2> component [mesh]
[3.172s] -- Looking for ignition-physics2-mesh -- found version 2.5.0
[3.172s] -- Searching for dependencies of ignition-physics2-mesh
[3.173s] -- Looking for ignition-common3 -- found version 3.14.1
[3.174s] -- Searching for <ignition-physics2> component [sdf]
[3.177s] -- Looking for ignition-physics2-sdf -- found version 2.5.0
[3.178s] -- Searching for dependencies of ignition-physics2-sdf
[3.189s] -- Looking for ignition-sensors3 -- found version 3.3.0
[3.190s] -- Searching for dependencies of ignition-sensors3
[3.221s] -- Looking for ignition-math6 -- found version 6.11.0
[3.222s] -- Looking for ignition-common3 -- found version 3.14.1
[3.223s] -- Looking for ignition-transport8 -- found version 8.2.1
[3.224s] -- Looking for ignition-rendering3 -- found version 3.6.0
[3.225s] -- Looking for ignition-msgs5 -- found version 5.9.0
[3.225s] -- Looking for ignition-plugin1 -- found version 1.2.1
[3.229s] -- Searching for <ignition-sensors3> component [rendering]
[3.233s] -- Looking for ignition-sensors3-rendering -- found version 3.3.0
[3.234s] -- Searching for dependencies of ignition-sensors3-rendering
[3.237s] -- Searching for <ignition-sensors3> component [air_pressure]
[3.242s] -- Looking for ignition-sensors3-air_pressure -- found version 3.3.0
[3.243s] -- Searching for dependencies of ignition-sensors3-air_pressure
[3.249s] -- Searching for <ignition-sensors3> component [altimeter]
[3.251s] -- Looking for ignition-sensors3-altimeter -- found version 3.3.0
[3.251s] -- Searching for dependencies of ignition-sensors3-altimeter
[3.255s] -- Searching for <ignition-sensors3> component [camera]
[3.260s] -- Looking for ignition-sensors3-camera -- found version 3.3.0
[3.262s] -- Searching for dependencies of ignition-sensors3-camera
[3.264s] -- Searching for <ignition-sensors3> component [gpu_lidar]
[3.268s] -- Looking for ignition-sensors3-gpu_lidar -- found version 3.3.0
[3.269s] -- Searching for dependencies of ignition-sensors3-gpu_lidar
[3.272s] -- Searching for <ignition-sensors3> component [imu]
[3.277s] -- Looking for ignition-sensors3-imu -- found version 3.3.0
[3.277s] -- Searching for dependencies of ignition-sensors3-imu
[3.279s] -- Searching for <ignition-sensors3> component [logical_camera]
[3.283s] -- Looking for ignition-sensors3-logical_camera -- found version 3.3.0
[3.285s] -- Searching for dependencies of ignition-sensors3-logical_camera
[3.288s] -- Searching for <ignition-sensors3> component [magnetometer]
[3.292s] -- Looking for ignition-sensors3-magnetometer -- found version 3.3.0
[3.293s] -- Searching for dependencies of ignition-sensors3-magnetometer
[3.295s] -- Searching for <ignition-sensors3> component [depth_camera]
[3.301s] -- Looking for ignition-sensors3-depth_camera -- found version 3.3.0
[3.303s] -- Searching for dependencies of ignition-sensors3-depth_camera
[3.305s] -- Searching for <ignition-sensors3> component [thermal_camera]
[3.311s] -- Looking for ignition-sensors3-thermal_camera -- found version 3.3.0
[3.312s] -- Searching for dependencies of ignition-sensors3-thermal_camera
[3.318s] -- Looking for ignition-rendering3 -- found version 3.6.0
[3.318s] -- Looking for ignition-math6 -- found version 6.11.0
[3.359s] -- Found ament_cmake: 0.9.9 (/opt/ros/foxy/share/ament_cmake/cmake)
[3.403s] -- Found PythonInterp: /usr/bin/python3 (found suitable version "3.8.10", minimum required is "3") 
[3.403s] -- Using PYTHON_EXECUTABLE: /usr/bin/python3
[3.704s] -- Override CMake install command with custom implementation using symlinks instead of copying resources
[3.736s] -- Found ament_lint_auto: 0.9.6 (/opt/ros/foxy/share/ament_lint_auto/cmake)
[3.858s] -- Added test 'copyright' to check source files copyright and LICENSE
[3.865s] -- Added test 'flake8' to check Python code syntax and style conventions
[3.867s] -- Added test 'lint_cmake' to check CMake code style
[3.868s] -- Added test 'pep257' to check Python code against some of the style conventions in PEP 257
[3.871s] -- Added test 'xmllint' to check XML markup files
[3.876s] -- Configuring done
[3.887s] -- Generating done
[3.890s] -- Build files have been written to: /home/shubhambackup/void-slam-toolbox/build/dolly_ignition
[3.904s] Invoked command in '/home/shubhambackup/void-slam-toolbox/build/dolly_ignition' returned '0': AMENT_PREFIX_PATH=/home/shubhambackup/void-slam-toolbox/install/dolly_follow:${AMENT_PREFIX_PATH} CMAKE_PREFIX_PATH=/home/shubhambackup/void-slam-toolbox/install/dolly_follow:/opt/ros/foxy /usr/bin/cmake /home/shubhambackup/void-slam-toolbox/src/dolly/dolly_ignition -DAMENT_CMAKE_SYMLINK_INSTALL=1 -DCMAKE_INSTALL_PREFIX=/home/shubhambackup/void-slam-toolbox/install/dolly_ignition
[3.909s] Invoking command in '/home/shubhambackup/void-slam-toolbox/build/dolly_ignition': AMENT_PREFIX_PATH=/home/shubhambackup/void-slam-toolbox/install/dolly_follow:${AMENT_PREFIX_PATH} CMAKE_PREFIX_PATH=/home/shubhambackup/void-slam-toolbox/install/dolly_follow:/opt/ros/foxy /usr/bin/cmake --build /home/shubhambackup/void-slam-toolbox/build/dolly_ignition -- -j4 -l4
[3.980s] Invoked command in '/home/shubhambackup/void-slam-toolbox/build/dolly_ignition' returned '0': AMENT_PREFIX_PATH=/home/shubhambackup/void-slam-toolbox/install/dolly_follow:${AMENT_PREFIX_PATH} CMAKE_PREFIX_PATH=/home/shubhambackup/void-slam-toolbox/install/dolly_follow:/opt/ros/foxy /usr/bin/cmake --build /home/shubhambackup/void-slam-toolbox/build/dolly_ignition -- -j4 -l4
[4.035s] Invoking command in '/home/shubhambackup/void-slam-toolbox/build/dolly_ignition': AMENT_PREFIX_PATH=/home/shubhambackup/void-slam-toolbox/install/dolly_follow:${AMENT_PREFIX_PATH} CMAKE_PREFIX_PATH=/home/shubhambackup/void-slam-toolbox/install/dolly_follow:/opt/ros/foxy /usr/bin/cmake --install /home/shubhambackup/void-slam-toolbox/build/dolly_ignition
[4.052s] -- Install configuration: ""
[4.053s] -- Execute custom install script
[4.054s] -- Symlinking: /home/shubhambackup/void-slam-toolbox/install/dolly_ignition/share/dolly_ignition//ign/gui.config
[4.073s] -- Symlinking: /home/shubhambackup/void-slam-toolbox/install/dolly_ignition/share/dolly_ignition//launch/dolly.launch.py
[4.088s] -- Symlinking: /home/shubhambackup/void-slam-toolbox/install/dolly_ignition/share/dolly_ignition//models/casual_female/materials/textures/brown_eye.png
[4.104s] -- Symlinking: /home/shubhambackup/void-slam-toolbox/install/dolly_ignition/share/dolly_ignition//models/casual_female/materials/textures/casual_female.png
[4.120s] -- Symlinking: /home/shubhambackup/void-slam-toolbox/install/dolly_ignition/share/dolly_ignition//models/casual_female/materials/textures/eyebrow002.png
[4.137s] -- Symlinking: /home/shubhambackup/void-slam-toolbox/install/dolly_ignition/share/dolly_ignition//models/casual_female/materials/textures/eyelashes01.png
[4.157s] -- Symlinking: /home/shubhambackup/void-slam-toolbox/install/dolly_ignition/share/dolly_ignition//models/casual_female/materials/textures/female_casualsuit01_diffuse.png
[4.171s] -- Symlinking: /home/shubhambackup/void-slam-toolbox/install/dolly_ignition/share/dolly_ignition//models/casual_female/materials/textures/female_casualsuit01_normal.png
[4.192s] -- Symlinking: /home/shubhambackup/void-slam-toolbox/install/dolly_ignition/share/dolly_ignition//models/casual_female/materials/textures/female_casualsuit02_diffuse.png
[4.211s] -- Symlinking: /home/shubhambackup/void-slam-toolbox/install/dolly_ignition/share/dolly_ignition//models/casual_female/materials/textures/female_casualsuit02_normal.png
[4.228s] -- Symlinking: /home/shubhambackup/void-slam-toolbox/install/dolly_ignition/share/dolly_ignition//models/casual_female/materials/textures/ponytail01_diffuse.png
[4.247s] -- Symlinking: /home/shubhambackup/void-slam-toolbox/install/dolly_ignition/share/dolly_ignition//models/casual_female/materials/textures/shoes05_diffuse.png
[4.263s] -- Symlinking: /home/shubhambackup/void-slam-toolbox/install/dolly_ignition/share/dolly_ignition//models/casual_female/materials/textures/tongue01_diffuse.png
[4.277s] -- Symlinking: /home/shubhambackup/void-slam-toolbox/install/dolly_ignition/share/dolly_ignition//models/casual_female/materials/textures/young_lightskinned_female_diffuse.png
[4.295s] -- Symlinking: /home/shubhambackup/void-slam-toolbox/install/dolly_ignition/share/dolly_ignition//models/casual_female/meshes/casual_female.dae
[4.312s] -- Symlinking: /home/shubhambackup/void-slam-toolbox/install/dolly_ignition/share/dolly_ignition//models/casual_female/model.config
[4.330s] -- Symlinking: /home/shubhambackup/void-slam-toolbox/install/dolly_ignition/share/dolly_ignition//models/casual_female/model.sdf
[4.343s] -- Symlinking: /home/shubhambackup/void-slam-toolbox/install/dolly_ignition/share/dolly_ignition//models/casual_female/thumbnails/1.png
[4.358s] -- Symlinking: /home/shubhambackup/void-slam-toolbox/install/dolly_ignition/share/dolly_ignition//models/casual_female/thumbnails/2.png
[4.371s] -- Symlinking: /home/shubhambackup/void-slam-toolbox/install/dolly_ignition/share/dolly_ignition//models/casual_female/thumbnails/3.png
[4.391s] -- Symlinking: /home/shubhambackup/void-slam-toolbox/install/dolly_ignition/share/dolly_ignition//models/casual_female/thumbnails/4.png
[4.406s] -- Symlinking: /home/shubhambackup/void-slam-toolbox/install/dolly_ignition/share/dolly_ignition//models/casual_female/thumbnails/5.png
[4.424s] -- Symlinking: /home/shubhambackup/void-slam-toolbox/install/dolly_ignition/share/dolly_ignition//models/dolly_ignition/materials/textures/cardboard_box.png
[4.444s] -- Symlinking: /home/shubhambackup/void-slam-toolbox/install/dolly_ignition/share/dolly_ignition//models/dolly_ignition/materials/textures/sheep.jpg
[4.459s] -- Symlinking: /home/shubhambackup/void-slam-toolbox/install/dolly_ignition/share/dolly_ignition//models/dolly_ignition/meshes/cardboard_box.dae
[4.472s] -- Symlinking: /home/shubhambackup/void-slam-toolbox/install/dolly_ignition/share/dolly_ignition//models/dolly_ignition/model.config
[4.486s] -- Symlinking: /home/shubhambackup/void-slam-toolbox/install/dolly_ignition/share/dolly_ignition//models/dolly_ignition/model.sdf
[4.505s] -- Symlinking: /home/shubhambackup/void-slam-toolbox/install/dolly_ignition/share/dolly_ignition//rviz/dolly_ignition.rviz
[4.522s] -- Symlinking: /home/shubhambackup/void-slam-toolbox/install/dolly_ignition/share/dolly_ignition//worlds/station.sdf
[4.540s] -- Symlinking: /home/shubhambackup/void-slam-toolbox/install/dolly_ignition/share/dolly_ignition/environment/dolly_ignition.sh
[4.554s] -- Symlinking: /home/shubhambackup/void-slam-toolbox/install/dolly_ignition/share/dolly_ignition/environment/dolly_ignition.dsv
[4.574s] -- Symlinking: /home/shubhambackup/void-slam-toolbox/install/dolly_ignition/share/ament_index/resource_index/package_run_dependencies/dolly_ignition
[4.589s] -- Symlinking: /home/shubhambackup/void-slam-toolbox/install/dolly_ignition/share/ament_index/resource_index/parent_prefix_path/dolly_ignition
[4.605s] -- Symlinking: /home/shubhambackup/void-slam-toolbox/install/dolly_ignition/share/dolly_ignition/environment/ament_prefix_path.sh
[4.622s] -- Symlinking: /home/shubhambackup/void-slam-toolbox/install/dolly_ignition/share/dolly_ignition/environment/ament_prefix_path.dsv
[4.638s] -- Symlinking: /home/shubhambackup/void-slam-toolbox/install/dolly_ignition/share/dolly_ignition/environment/path.sh
[4.650s] -- Symlinking: /home/shubhambackup/void-slam-toolbox/install/dolly_ignition/share/dolly_ignition/environment/path.dsv
[4.665s] -- Symlinking: /home/shubhambackup/void-slam-toolbox/install/dolly_ignition/share/dolly_ignition/local_setup.bash
[4.679s] -- Symlinking: /home/shubhambackup/void-slam-toolbox/install/dolly_ignition/share/dolly_ignition/local_setup.sh
[4.698s] -- Symlinking: /home/shubhambackup/void-slam-toolbox/install/dolly_ignition/share/dolly_ignition/local_setup.zsh
[4.711s] -- Symlinking: /home/shubhambackup/void-slam-toolbox/install/dolly_ignition/share/dolly_ignition/local_setup.dsv
[4.726s] -- Symlinking: /home/shubhambackup/void-slam-toolbox/install/dolly_ignition/share/dolly_ignition/package.dsv
[4.741s] -- Symlinking: /home/shubhambackup/void-slam-toolbox/install/dolly_ignition/share/ament_index/resource_index/packages/dolly_ignition
[4.756s] -- Symlinking: /home/shubhambackup/void-slam-toolbox/install/dolly_ignition/share/dolly_ignition/cmake/dolly_ignitionConfig.cmake
[4.770s] -- Symlinking: /home/shubhambackup/void-slam-toolbox/install/dolly_ignition/share/dolly_ignition/cmake/dolly_ignitionConfig-version.cmake
[4.789s] -- Symlinking: /home/shubhambackup/void-slam-toolbox/install/dolly_ignition/share/dolly_ignition/package.xml
[4.821s] Invoked command in '/home/shubhambackup/void-slam-toolbox/build/dolly_ignition' returned '0': AMENT_PREFIX_PATH=/home/shubhambackup/void-slam-toolbox/install/dolly_follow:${AMENT_PREFIX_PATH} CMAKE_PREFIX_PATH=/home/shubhambackup/void-slam-toolbox/install/dolly_follow:/opt/ros/foxy /usr/bin/cmake --install /home/shubhambackup/void-slam-toolbox/build/dolly_ignition
